
Aligning ligand to receptor center...
  Ligand centered to receptor at [-6.18, -5.49, -16.89]
	- Grid box size: [30.1, 43.5, 53.5]

Setting up docking grid...
	- Grid setup successful

Performing blind docking with exhaustiveness=32...
	- Docking time: 148.01 seconds

  Docking completed. Retrieved 8 poses:
	- Pose 1: Affinity = -4.54 kcal/mol, RMSD_LB = 0.00, RMSD_UB = 0.00
	- Pose 2: Affinity = -4.50 kcal/mol, RMSD_LB = 2.21, RMSD_UB = 10.49
	- Pose 3: Affinity = -4.45 kcal/mol, RMSD_LB = 1.81, RMSD_UB = 3.62
	- Pose 4: Affinity = -4.43 kcal/mol, RMSD_LB = 2.14, RMSD_UB = 4.28
	- Pose 5: Affinity = -4.43 kcal/mol, RMSD_LB = 2.46, RMSD_UB = 4.58
	- Pose 6: Affinity = -4.42 kcal/mol, RMSD_LB = 2.50, RMSD_UB = 3.94
	- Pose 7: Affinity = -4.36 kcal/mol, RMSD_LB = 2.04, RMSD_UB = 3.83
	- Pose 8: Affinity = -4.33 kcal/mol, RMSD_LB = 2.41, RMSD_UB = 3.90

  Saving poses: [1, 2, 3, 4, 5, 6, 7, 8]
	- Saved pose 1: output/docking/pga_10_4BSO/pga_10_4BSO_pose_1.pdbqt
	- Saved complex 1: output/docking/pga_10_4BSO/pga_10_4BSO_complex_pose_1.pdbqt
	- Saved pose 2: output/docking/pga_10_4BSO/pga_10_4BSO_pose_2.pdbqt
	- Saved complex 2: output/docking/pga_10_4BSO/pga_10_4BSO_complex_pose_2.pdbqt
	- Saved pose 3: output/docking/pga_10_4BSO/pga_10_4BSO_pose_3.pdbqt
	- Saved complex 3: output/docking/pga_10_4BSO/pga_10_4BSO_complex_pose_3.pdbqt
	- Saved pose 4: output/docking/pga_10_4BSO/pga_10_4BSO_pose_4.pdbqt
	- Saved complex 4: output/docking/pga_10_4BSO/pga_10_4BSO_complex_pose_4.pdbqt
	- Saved pose 5: output/docking/pga_10_4BSO/pga_10_4BSO_pose_5.pdbqt
	- Saved complex 5: output/docking/pga_10_4BSO/pga_10_4BSO_complex_pose_5.pdbqt
	- Saved pose 6: output/docking/pga_10_4BSO/pga_10_4BSO_pose_6.pdbqt
	- Saved complex 6: output/docking/pga_10_4BSO/pga_10_4BSO_complex_pose_6.pdbqt
	- Saved pose 7: output/docking/pga_10_4BSO/pga_10_4BSO_pose_7.pdbqt
	- Saved complex 7: output/docking/pga_10_4BSO/pga_10_4BSO_complex_pose_7.pdbqt
	- Saved pose 8: output/docking/pga_10_4BSO/pga_10_4BSO_pose_8.pdbqt
	- Saved complex 8: output/docking/pga_10_4BSO/pga_10_4BSO_complex_pose_8.pdbqt

  Created zip file: output/docking/pga_10_4BSO/pga_10_4BSO_all_poses.zip
	- Summary table saved: output/docking/pga_10_4BSO/pga_10_4BSO_summary.csv

  Docking results saved
	- Output directory: output/docking/pga_10_4BSO
	- Log file: output/docking/pga_10_4BSO/pga_10_4BSO_docking.log
