
Aligning ligand to receptor center...
  Ligand centered to receptor at [19.34, 6.33, 1.06]
	- Grid box size: [53.6, 30.0, 42.9]

Setting up docking grid...
	- Grid setup successful

Performing blind docking with exhaustiveness=32...
	- Docking time: 29.17 seconds

  Docking completed. Retrieved 8 poses:
	- Pose 1: Affinity = -4.38 kcal/mol, RMSD_LB = 0.00, RMSD_UB = 0.00
	- Pose 2: Affinity = -4.37 kcal/mol, RMSD_LB = 25.51, RMSD_UB = 27.60
	- Pose 3: Affinity = -4.28 kcal/mol, RMSD_LB = 29.00, RMSD_UB = 31.22
	- Pose 4: Affinity = -4.27 kcal/mol, RMSD_LB = 30.40, RMSD_UB = 32.79
	- Pose 5: Affinity = -4.24 kcal/mol, RMSD_LB = 24.70, RMSD_UB = 27.05
	- Pose 6: Affinity = -4.17 kcal/mol, RMSD_LB = 25.91, RMSD_UB = 28.16
	- Pose 7: Affinity = -4.17 kcal/mol, RMSD_LB = 29.02, RMSD_UB = 31.83
	- Pose 8: Affinity = -4.14 kcal/mol, RMSD_LB = 25.09, RMSD_UB = 27.15

  Saving poses: [1, 2, 3, 4, 5, 6, 7, 8]
	- Saved pose 1: output/docking/pga_6_1VPF/pga_6_1VPF_pose_1.pdbqt
	- Saved complex 1: output/docking/pga_6_1VPF/pga_6_1VPF_complex_pose_1.pdbqt
	- Saved pose 2: output/docking/pga_6_1VPF/pga_6_1VPF_pose_2.pdbqt
	- Saved complex 2: output/docking/pga_6_1VPF/pga_6_1VPF_complex_pose_2.pdbqt
	- Saved pose 3: output/docking/pga_6_1VPF/pga_6_1VPF_pose_3.pdbqt
	- Saved complex 3: output/docking/pga_6_1VPF/pga_6_1VPF_complex_pose_3.pdbqt
	- Saved pose 4: output/docking/pga_6_1VPF/pga_6_1VPF_pose_4.pdbqt
	- Saved complex 4: output/docking/pga_6_1VPF/pga_6_1VPF_complex_pose_4.pdbqt
	- Saved pose 5: output/docking/pga_6_1VPF/pga_6_1VPF_pose_5.pdbqt
	- Saved complex 5: output/docking/pga_6_1VPF/pga_6_1VPF_complex_pose_5.pdbqt
	- Saved pose 6: output/docking/pga_6_1VPF/pga_6_1VPF_pose_6.pdbqt
	- Saved complex 6: output/docking/pga_6_1VPF/pga_6_1VPF_complex_pose_6.pdbqt
	- Saved pose 7: output/docking/pga_6_1VPF/pga_6_1VPF_pose_7.pdbqt
	- Saved complex 7: output/docking/pga_6_1VPF/pga_6_1VPF_complex_pose_7.pdbqt
	- Saved pose 8: output/docking/pga_6_1VPF/pga_6_1VPF_pose_8.pdbqt
	- Saved complex 8: output/docking/pga_6_1VPF/pga_6_1VPF_complex_pose_8.pdbqt

  Created zip file: output/docking/pga_6_1VPF/pga_6_1VPF_all_poses.zip
	- Summary table saved: output/docking/pga_6_1VPF/pga_6_1VPF_summary.csv

  Docking results saved
	- Output directory: output/docking/pga_6_1VPF
	- Log file: output/docking/pga_6_1VPF/pga_6_1VPF_docking.log
