
Aligning ligand to receptor center...
  Ligand centered to receptor at [19.34, 6.33, 1.06]
	- Grid box size: [53.6, 30.0, 42.9]

Setting up docking grid...
	- Grid setup successful

Performing blind docking with exhaustiveness=32...
	- Docking time: 196.95 seconds

  Docking completed. Retrieved 8 poses:
	- Pose 1: Affinity = -4.51 kcal/mol, RMSD_LB = 0.00, RMSD_UB = 0.00
	- Pose 2: Affinity = -4.47 kcal/mol, RMSD_LB = 1.76, RMSD_UB = 10.94
	- Pose 3: Affinity = -4.43 kcal/mol, RMSD_LB = 18.13, RMSD_UB = 23.66
	- Pose 4: Affinity = -4.40 kcal/mol, RMSD_LB = 1.71, RMSD_UB = 4.49
	- Pose 5: Affinity = -4.32 kcal/mol, RMSD_LB = 18.10, RMSD_UB = 25.86
	- Pose 6: Affinity = -4.30 kcal/mol, RMSD_LB = 14.84, RMSD_UB = 20.14
	- Pose 7: Affinity = -4.29 kcal/mol, RMSD_LB = 17.53, RMSD_UB = 25.44
	- Pose 8: Affinity = -4.26 kcal/mol, RMSD_LB = 18.81, RMSD_UB = 24.62

  Saving poses: [1, 2, 3, 4, 5, 6, 7, 8]
	- Saved pose 1: output/docking/pga_11_1VPF/pga_11_1VPF_pose_1.pdbqt
	- Saved complex 1: output/docking/pga_11_1VPF/pga_11_1VPF_complex_pose_1.pdbqt
	- Saved pose 2: output/docking/pga_11_1VPF/pga_11_1VPF_pose_2.pdbqt
	- Saved complex 2: output/docking/pga_11_1VPF/pga_11_1VPF_complex_pose_2.pdbqt
	- Saved pose 3: output/docking/pga_11_1VPF/pga_11_1VPF_pose_3.pdbqt
	- Saved complex 3: output/docking/pga_11_1VPF/pga_11_1VPF_complex_pose_3.pdbqt
	- Saved pose 4: output/docking/pga_11_1VPF/pga_11_1VPF_pose_4.pdbqt
	- Saved complex 4: output/docking/pga_11_1VPF/pga_11_1VPF_complex_pose_4.pdbqt
	- Saved pose 5: output/docking/pga_11_1VPF/pga_11_1VPF_pose_5.pdbqt
	- Saved complex 5: output/docking/pga_11_1VPF/pga_11_1VPF_complex_pose_5.pdbqt
	- Saved pose 6: output/docking/pga_11_1VPF/pga_11_1VPF_pose_6.pdbqt
	- Saved complex 6: output/docking/pga_11_1VPF/pga_11_1VPF_complex_pose_6.pdbqt
	- Saved pose 7: output/docking/pga_11_1VPF/pga_11_1VPF_pose_7.pdbqt
	- Saved complex 7: output/docking/pga_11_1VPF/pga_11_1VPF_complex_pose_7.pdbqt
	- Saved pose 8: output/docking/pga_11_1VPF/pga_11_1VPF_pose_8.pdbqt
	- Saved complex 8: output/docking/pga_11_1VPF/pga_11_1VPF_complex_pose_8.pdbqt

  Created zip file: output/docking/pga_11_1VPF/pga_11_1VPF_all_poses.zip
	- Summary table saved: output/docking/pga_11_1VPF/pga_11_1VPF_summary.csv

  Docking results saved
	- Output directory: output/docking/pga_11_1VPF
	- Log file: output/docking/pga_11_1VPF/pga_11_1VPF_docking.log
