
Aligning ligand to receptor center...
  Ligand centered to receptor at [-14.85, 32.58, 10.13]
	- Grid box size: [32.6, 57.0, 41.0]

Setting up docking grid...
	- Grid setup successful

Performing blind docking with exhaustiveness=32...
	- Docking time: 96.54 seconds

  Docking completed. Retrieved 8 poses:
	- Pose 1: Affinity = -5.19 kcal/mol, RMSD_LB = 0.00, RMSD_UB = 0.00
	- Pose 2: Affinity = -5.18 kcal/mol, RMSD_LB = 2.45, RMSD_UB = 8.74
	- Pose 3: Affinity = -4.93 kcal/mol, RMSD_LB = 3.07, RMSD_UB = 5.82
	- Pose 4: Affinity = -4.92 kcal/mol, RMSD_LB = 2.61, RMSD_UB = 7.13
	- Pose 5: Affinity = -4.89 kcal/mol, RMSD_LB = 4.94, RMSD_UB = 10.16
	- Pose 6: Affinity = -4.88 kcal/mol, RMSD_LB = 2.73, RMSD_UB = 6.66
	- Pose 7: Affinity = -4.88 kcal/mol, RMSD_LB = 2.64, RMSD_UB = 9.03
	- Pose 8: Affinity = -4.81 kcal/mol, RMSD_LB = 1.95, RMSD_UB = 3.28

  Saving poses: [1, 2, 3, 4, 5, 6, 7, 8]
	- Saved pose 1: output/docking/phb_6_1TGJ/phb_6_1TGJ_pose_1.pdbqt
	- Saved complex 1: output/docking/phb_6_1TGJ/phb_6_1TGJ_complex_pose_1.pdbqt
	- Saved pose 2: output/docking/phb_6_1TGJ/phb_6_1TGJ_pose_2.pdbqt
	- Saved complex 2: output/docking/phb_6_1TGJ/phb_6_1TGJ_complex_pose_2.pdbqt
	- Saved pose 3: output/docking/phb_6_1TGJ/phb_6_1TGJ_pose_3.pdbqt
	- Saved complex 3: output/docking/phb_6_1TGJ/phb_6_1TGJ_complex_pose_3.pdbqt
	- Saved pose 4: output/docking/phb_6_1TGJ/phb_6_1TGJ_pose_4.pdbqt
	- Saved complex 4: output/docking/phb_6_1TGJ/phb_6_1TGJ_complex_pose_4.pdbqt
	- Saved pose 5: output/docking/phb_6_1TGJ/phb_6_1TGJ_pose_5.pdbqt
	- Saved complex 5: output/docking/phb_6_1TGJ/phb_6_1TGJ_complex_pose_5.pdbqt
	- Saved pose 6: output/docking/phb_6_1TGJ/phb_6_1TGJ_pose_6.pdbqt
	- Saved complex 6: output/docking/phb_6_1TGJ/phb_6_1TGJ_complex_pose_6.pdbqt
	- Saved pose 7: output/docking/phb_6_1TGJ/phb_6_1TGJ_pose_7.pdbqt
	- Saved complex 7: output/docking/phb_6_1TGJ/phb_6_1TGJ_complex_pose_7.pdbqt
	- Saved pose 8: output/docking/phb_6_1TGJ/phb_6_1TGJ_pose_8.pdbqt
	- Saved complex 8: output/docking/phb_6_1TGJ/phb_6_1TGJ_complex_pose_8.pdbqt

  Created zip file: output/docking/phb_6_1TGJ/phb_6_1TGJ_all_poses.zip
	- Summary table saved: output/docking/phb_6_1TGJ/phb_6_1TGJ_summary.csv

  Docking results saved
	- Output directory: output/docking/phb_6_1TGJ
	- Log file: output/docking/phb_6_1TGJ/phb_6_1TGJ_docking.log
