
Aligning ligand to receptor center...
  Ligand centered to receptor at [23.58, -33.16, 3.11]
	- Grid box size: [83.5, 55.5, 138.8]

Setting up docking grid...
	- Grid setup successful

Performing blind docking with exhaustiveness=32...
	- Docking time: 83.80 seconds

  Docking completed. Retrieved 8 poses:
	- Pose 1: Affinity = -4.25 kcal/mol, RMSD_LB = 0.00, RMSD_UB = 0.00
	- Pose 2: Affinity = -4.17 kcal/mol, RMSD_LB = 2.10, RMSD_UB = 4.24
	- Pose 3: Affinity = -4.16 kcal/mol, RMSD_LB = 2.51, RMSD_UB = 9.07
	- Pose 4: Affinity = -4.14 kcal/mol, RMSD_LB = 4.32, RMSD_UB = 7.38
	- Pose 5: Affinity = -4.13 kcal/mol, RMSD_LB = 21.39, RMSD_UB = 24.75
	- Pose 6: Affinity = -4.13 kcal/mol, RMSD_LB = 1.74, RMSD_UB = 2.31
	- Pose 7: Affinity = -4.05 kcal/mol, RMSD_LB = 3.65, RMSD_UB = 6.74
	- Pose 8: Affinity = -4.04 kcal/mol, RMSD_LB = 2.27, RMSD_UB = 5.79

  Saving poses: [1, 2, 3, 4, 5, 6, 7, 8]
	- Saved pose 1: output/docking/phb_6_6EC0/phb_6_6EC0_pose_1.pdbqt
	- Saved complex 1: output/docking/phb_6_6EC0/phb_6_6EC0_complex_pose_1.pdbqt
	- Saved pose 2: output/docking/phb_6_6EC0/phb_6_6EC0_pose_2.pdbqt
	- Saved complex 2: output/docking/phb_6_6EC0/phb_6_6EC0_complex_pose_2.pdbqt
	- Saved pose 3: output/docking/phb_6_6EC0/phb_6_6EC0_pose_3.pdbqt
	- Saved complex 3: output/docking/phb_6_6EC0/phb_6_6EC0_complex_pose_3.pdbqt
	- Saved pose 4: output/docking/phb_6_6EC0/phb_6_6EC0_pose_4.pdbqt
	- Saved complex 4: output/docking/phb_6_6EC0/phb_6_6EC0_complex_pose_4.pdbqt
	- Saved pose 5: output/docking/phb_6_6EC0/phb_6_6EC0_pose_5.pdbqt
	- Saved complex 5: output/docking/phb_6_6EC0/phb_6_6EC0_complex_pose_5.pdbqt
	- Saved pose 6: output/docking/phb_6_6EC0/phb_6_6EC0_pose_6.pdbqt
	- Saved complex 6: output/docking/phb_6_6EC0/phb_6_6EC0_complex_pose_6.pdbqt
	- Saved pose 7: output/docking/phb_6_6EC0/phb_6_6EC0_pose_7.pdbqt
	- Saved complex 7: output/docking/phb_6_6EC0/phb_6_6EC0_complex_pose_7.pdbqt
	- Saved pose 8: output/docking/phb_6_6EC0/phb_6_6EC0_pose_8.pdbqt
	- Saved complex 8: output/docking/phb_6_6EC0/phb_6_6EC0_complex_pose_8.pdbqt

  Created zip file: output/docking/phb_6_6EC0/phb_6_6EC0_all_poses.zip
	- Summary table saved: output/docking/phb_6_6EC0/phb_6_6EC0_summary.csv

  Docking results saved
	- Output directory: output/docking/phb_6_6EC0
	- Log file: output/docking/phb_6_6EC0/phb_6_6EC0_docking.log
