
Aligning ligand to receptor center...
  Ligand centered to receptor at [19.34, 6.33, 1.06]
	- Grid box size: [53.6, 30.0, 42.9]

Setting up docking grid...
	- Grid setup successful

Performing blind docking with exhaustiveness=32...
	- Docking time: 88.18 seconds

  Docking completed. Retrieved 8 poses:
	- Pose 1: Affinity = -4.65 kcal/mol, RMSD_LB = 0.00, RMSD_UB = 0.00
	- Pose 2: Affinity = -4.58 kcal/mol, RMSD_LB = 6.12, RMSD_UB = 13.97
	- Pose 3: Affinity = -4.56 kcal/mol, RMSD_LB = 2.13, RMSD_UB = 11.09
	- Pose 4: Affinity = -4.51 kcal/mol, RMSD_LB = 5.94, RMSD_UB = 10.11
	- Pose 5: Affinity = -4.43 kcal/mol, RMSD_LB = 3.45, RMSD_UB = 7.01
	- Pose 6: Affinity = -4.39 kcal/mol, RMSD_LB = 17.04, RMSD_UB = 22.85
	- Pose 7: Affinity = -4.32 kcal/mol, RMSD_LB = 2.40, RMSD_UB = 10.84
	- Pose 8: Affinity = -4.31 kcal/mol, RMSD_LB = 13.24, RMSD_UB = 18.43

  Saving poses: [1, 2, 3, 4, 5, 6, 7, 8]
	- Saved pose 1: output/docking/phb_6_1VPF/phb_6_1VPF_pose_1.pdbqt
	- Saved complex 1: output/docking/phb_6_1VPF/phb_6_1VPF_complex_pose_1.pdbqt
	- Saved pose 2: output/docking/phb_6_1VPF/phb_6_1VPF_pose_2.pdbqt
	- Saved complex 2: output/docking/phb_6_1VPF/phb_6_1VPF_complex_pose_2.pdbqt
	- Saved pose 3: output/docking/phb_6_1VPF/phb_6_1VPF_pose_3.pdbqt
	- Saved complex 3: output/docking/phb_6_1VPF/phb_6_1VPF_complex_pose_3.pdbqt
	- Saved pose 4: output/docking/phb_6_1VPF/phb_6_1VPF_pose_4.pdbqt
	- Saved complex 4: output/docking/phb_6_1VPF/phb_6_1VPF_complex_pose_4.pdbqt
	- Saved pose 5: output/docking/phb_6_1VPF/phb_6_1VPF_pose_5.pdbqt
	- Saved complex 5: output/docking/phb_6_1VPF/phb_6_1VPF_complex_pose_5.pdbqt
	- Saved pose 6: output/docking/phb_6_1VPF/phb_6_1VPF_pose_6.pdbqt
	- Saved complex 6: output/docking/phb_6_1VPF/phb_6_1VPF_complex_pose_6.pdbqt
	- Saved pose 7: output/docking/phb_6_1VPF/phb_6_1VPF_pose_7.pdbqt
	- Saved complex 7: output/docking/phb_6_1VPF/phb_6_1VPF_complex_pose_7.pdbqt
	- Saved pose 8: output/docking/phb_6_1VPF/phb_6_1VPF_pose_8.pdbqt
	- Saved complex 8: output/docking/phb_6_1VPF/phb_6_1VPF_complex_pose_8.pdbqt

  Created zip file: output/docking/phb_6_1VPF/phb_6_1VPF_all_poses.zip
	- Summary table saved: output/docking/phb_6_1VPF/phb_6_1VPF_summary.csv

  Docking results saved
	- Output directory: output/docking/phb_6_1VPF
	- Log file: output/docking/phb_6_1VPF/phb_6_1VPF_docking.log
