
Aligning ligand to receptor center...
  Ligand centered to receptor at [-14.85, 32.58, 10.13]
	- Grid box size: [32.6, 57.0, 41.0]

Setting up docking grid...
	- Grid setup successful

Performing blind docking with exhaustiveness=32...
	- Docking time: 2.38 seconds

  Docking completed. Retrieved 8 poses:
	- Pose 1: Affinity = -4.27 kcal/mol, RMSD_LB = 0.00, RMSD_UB = 0.00
	- Pose 2: Affinity = -4.05 kcal/mol, RMSD_LB = 3.26, RMSD_UB = 4.74
	- Pose 3: Affinity = -4.03 kcal/mol, RMSD_LB = 3.06, RMSD_UB = 5.31
	- Pose 4: Affinity = -4.02 kcal/mol, RMSD_LB = 3.16, RMSD_UB = 5.42
	- Pose 5: Affinity = -4.02 kcal/mol, RMSD_LB = 2.59, RMSD_UB = 4.17
	- Pose 6: Affinity = -3.84 kcal/mol, RMSD_LB = 2.52, RMSD_UB = 4.27
	- Pose 7: Affinity = -3.84 kcal/mol, RMSD_LB = 3.32, RMSD_UB = 5.70
	- Pose 8: Affinity = -3.70 kcal/mol, RMSD_LB = 19.77, RMSD_UB = 21.04

  Saving poses: [1, 2, 3, 4, 5, 6, 7, 8]
	- Saved pose 1: output/docking/pga_2_1TGJ/pga_2_1TGJ_pose_1.pdbqt
	- Saved complex 1: output/docking/pga_2_1TGJ/pga_2_1TGJ_complex_pose_1.pdbqt
	- Saved pose 2: output/docking/pga_2_1TGJ/pga_2_1TGJ_pose_2.pdbqt
	- Saved complex 2: output/docking/pga_2_1TGJ/pga_2_1TGJ_complex_pose_2.pdbqt
	- Saved pose 3: output/docking/pga_2_1TGJ/pga_2_1TGJ_pose_3.pdbqt
	- Saved complex 3: output/docking/pga_2_1TGJ/pga_2_1TGJ_complex_pose_3.pdbqt
	- Saved pose 4: output/docking/pga_2_1TGJ/pga_2_1TGJ_pose_4.pdbqt
	- Saved complex 4: output/docking/pga_2_1TGJ/pga_2_1TGJ_complex_pose_4.pdbqt
	- Saved pose 5: output/docking/pga_2_1TGJ/pga_2_1TGJ_pose_5.pdbqt
	- Saved complex 5: output/docking/pga_2_1TGJ/pga_2_1TGJ_complex_pose_5.pdbqt
	- Saved pose 6: output/docking/pga_2_1TGJ/pga_2_1TGJ_pose_6.pdbqt
	- Saved complex 6: output/docking/pga_2_1TGJ/pga_2_1TGJ_complex_pose_6.pdbqt
	- Saved pose 7: output/docking/pga_2_1TGJ/pga_2_1TGJ_pose_7.pdbqt
	- Saved complex 7: output/docking/pga_2_1TGJ/pga_2_1TGJ_complex_pose_7.pdbqt
	- Saved pose 8: output/docking/pga_2_1TGJ/pga_2_1TGJ_pose_8.pdbqt
	- Saved complex 8: output/docking/pga_2_1TGJ/pga_2_1TGJ_complex_pose_8.pdbqt

  Created zip file: output/docking/pga_2_1TGJ/pga_2_1TGJ_all_poses.zip
	- Summary table saved: output/docking/pga_2_1TGJ/pga_2_1TGJ_summary.csv

  Docking results saved
	- Output directory: output/docking/pga_2_1TGJ
	- Log file: output/docking/pga_2_1TGJ/pga_2_1TGJ_docking.log
