
Aligning ligand to receptor center...
  Ligand centered to receptor at [14.07, -35.89, 43.68]
	- Grid box size: [34.6, 37.5, 35.6]

Setting up docking grid...
	- Grid setup successful

Performing blind docking with exhaustiveness=32...
	- Docking time: 4.51 seconds

  Docking completed. Retrieved 8 poses:
	- Pose 1: Affinity = -5.17 kcal/mol, RMSD_LB = 0.00, RMSD_UB = 0.00
	- Pose 2: Affinity = -5.17 kcal/mol, RMSD_LB = 1.72, RMSD_UB = 4.40
	- Pose 3: Affinity = -5.14 kcal/mol, RMSD_LB = 1.62, RMSD_UB = 1.72
	- Pose 4: Affinity = -5.12 kcal/mol, RMSD_LB = 1.74, RMSD_UB = 4.61
	- Pose 5: Affinity = -5.01 kcal/mol, RMSD_LB = 2.22, RMSD_UB = 4.71
	- Pose 6: Affinity = -4.99 kcal/mol, RMSD_LB = 2.10, RMSD_UB = 3.04
	- Pose 7: Affinity = -4.99 kcal/mol, RMSD_LB = 2.00, RMSD_UB = 4.76
	- Pose 8: Affinity = -4.91 kcal/mol, RMSD_LB = 1.88, RMSD_UB = 3.05

  Saving poses: [1, 2, 3, 4, 5, 6, 7, 8]
	- Saved pose 1: output/docking/phb_2_1RG8/phb_2_1RG8_pose_1.pdbqt
	- Saved complex 1: output/docking/phb_2_1RG8/phb_2_1RG8_complex_pose_1.pdbqt
	- Saved pose 2: output/docking/phb_2_1RG8/phb_2_1RG8_pose_2.pdbqt
	- Saved complex 2: output/docking/phb_2_1RG8/phb_2_1RG8_complex_pose_2.pdbqt
	- Saved pose 3: output/docking/phb_2_1RG8/phb_2_1RG8_pose_3.pdbqt
	- Saved complex 3: output/docking/phb_2_1RG8/phb_2_1RG8_complex_pose_3.pdbqt
	- Saved pose 4: output/docking/phb_2_1RG8/phb_2_1RG8_pose_4.pdbqt
	- Saved complex 4: output/docking/phb_2_1RG8/phb_2_1RG8_complex_pose_4.pdbqt
	- Saved pose 5: output/docking/phb_2_1RG8/phb_2_1RG8_pose_5.pdbqt
	- Saved complex 5: output/docking/phb_2_1RG8/phb_2_1RG8_complex_pose_5.pdbqt
	- Saved pose 6: output/docking/phb_2_1RG8/phb_2_1RG8_pose_6.pdbqt
	- Saved complex 6: output/docking/phb_2_1RG8/phb_2_1RG8_complex_pose_6.pdbqt
	- Saved pose 7: output/docking/phb_2_1RG8/phb_2_1RG8_pose_7.pdbqt
	- Saved complex 7: output/docking/phb_2_1RG8/phb_2_1RG8_complex_pose_7.pdbqt
	- Saved pose 8: output/docking/phb_2_1RG8/phb_2_1RG8_pose_8.pdbqt
	- Saved complex 8: output/docking/phb_2_1RG8/phb_2_1RG8_complex_pose_8.pdbqt

  Created zip file: output/docking/phb_2_1RG8/phb_2_1RG8_all_poses.zip
	- Summary table saved: output/docking/phb_2_1RG8/phb_2_1RG8_summary.csv

  Docking results saved
	- Output directory: output/docking/phb_2_1RG8
	- Log file: output/docking/phb_2_1RG8/phb_2_1RG8_docking.log
