
Aligning ligand to receptor center...
  Ligand centered to receptor at [-14.85, 32.58, 10.13]
	- Grid box size: [32.6, 57.0, 41.0]

Setting up docking grid...
	- Grid setup successful

Performing blind docking with exhaustiveness=32...
	- Docking time: 0.79 seconds

  Docking completed. Retrieved 8 poses:
	- Pose 1: Affinity = -3.71 kcal/mol, RMSD_LB = 0.00, RMSD_UB = 0.00
	- Pose 2: Affinity = -3.24 kcal/mol, RMSD_LB = 5.15, RMSD_UB = 6.07
	- Pose 3: Affinity = -3.22 kcal/mol, RMSD_LB = 4.48, RMSD_UB = 5.48
	- Pose 4: Affinity = -3.10 kcal/mol, RMSD_LB = 4.58, RMSD_UB = 5.38
	- Pose 5: Affinity = -2.98 kcal/mol, RMSD_LB = 19.45, RMSD_UB = 20.17
	- Pose 6: Affinity = -2.94 kcal/mol, RMSD_LB = 19.08, RMSD_UB = 19.79
	- Pose 7: Affinity = -2.77 kcal/mol, RMSD_LB = 6.13, RMSD_UB = 6.80
	- Pose 8: Affinity = -2.77 kcal/mol, RMSD_LB = 19.22, RMSD_UB = 19.86

  Saving poses: [1, 2, 3, 4, 5, 6, 7, 8]
	- Saved pose 1: output/docking/pga_1_1TGJ/pga_1_1TGJ_pose_1.pdbqt
	- Saved complex 1: output/docking/pga_1_1TGJ/pga_1_1TGJ_complex_pose_1.pdbqt
	- Saved pose 2: output/docking/pga_1_1TGJ/pga_1_1TGJ_pose_2.pdbqt
	- Saved complex 2: output/docking/pga_1_1TGJ/pga_1_1TGJ_complex_pose_2.pdbqt
	- Saved pose 3: output/docking/pga_1_1TGJ/pga_1_1TGJ_pose_3.pdbqt
	- Saved complex 3: output/docking/pga_1_1TGJ/pga_1_1TGJ_complex_pose_3.pdbqt
	- Saved pose 4: output/docking/pga_1_1TGJ/pga_1_1TGJ_pose_4.pdbqt
	- Saved complex 4: output/docking/pga_1_1TGJ/pga_1_1TGJ_complex_pose_4.pdbqt
	- Saved pose 5: output/docking/pga_1_1TGJ/pga_1_1TGJ_pose_5.pdbqt
	- Saved complex 5: output/docking/pga_1_1TGJ/pga_1_1TGJ_complex_pose_5.pdbqt
	- Saved pose 6: output/docking/pga_1_1TGJ/pga_1_1TGJ_pose_6.pdbqt
	- Saved complex 6: output/docking/pga_1_1TGJ/pga_1_1TGJ_complex_pose_6.pdbqt
	- Saved pose 7: output/docking/pga_1_1TGJ/pga_1_1TGJ_pose_7.pdbqt
	- Saved complex 7: output/docking/pga_1_1TGJ/pga_1_1TGJ_complex_pose_7.pdbqt
	- Saved pose 8: output/docking/pga_1_1TGJ/pga_1_1TGJ_pose_8.pdbqt
	- Saved complex 8: output/docking/pga_1_1TGJ/pga_1_1TGJ_complex_pose_8.pdbqt

  Created zip file: output/docking/pga_1_1TGJ/pga_1_1TGJ_all_poses.zip
	- Summary table saved: output/docking/pga_1_1TGJ/pga_1_1TGJ_summary.csv

  Docking results saved
	- Output directory: output/docking/pga_1_1TGJ
	- Log file: output/docking/pga_1_1TGJ/pga_1_1TGJ_docking.log
