
Aligning ligand to receptor center...
  Ligand centered to receptor at [23.58, -33.16, 3.11]
	- Grid box size: [83.5, 55.5, 138.8]

Setting up docking grid...
	- Grid setup successful

Performing blind docking with exhaustiveness=32...
	- Docking time: 4.29 seconds

  Docking completed. Retrieved 8 poses:
	- Pose 1: Affinity = -3.60 kcal/mol, RMSD_LB = 0.00, RMSD_UB = 0.00
	- Pose 2: Affinity = -3.58 kcal/mol, RMSD_LB = 47.58, RMSD_UB = 50.66
	- Pose 3: Affinity = -3.56 kcal/mol, RMSD_LB = 2.98, RMSD_UB = 4.78
	- Pose 4: Affinity = -3.46 kcal/mol, RMSD_LB = 3.49, RMSD_UB = 5.03
	- Pose 5: Affinity = -3.44 kcal/mol, RMSD_LB = 5.23, RMSD_UB = 7.43
	- Pose 6: Affinity = -3.41 kcal/mol, RMSD_LB = 2.55, RMSD_UB = 5.73
	- Pose 7: Affinity = -3.32 kcal/mol, RMSD_LB = 4.52, RMSD_UB = 6.17
	- Pose 8: Affinity = -3.31 kcal/mol, RMSD_LB = 3.61, RMSD_UB = 6.03

  Saving poses: [1, 2, 3, 4, 5, 6, 7, 8]
	- Saved pose 1: output/docking/phb_2_6EC0/phb_2_6EC0_pose_1.pdbqt
	- Saved complex 1: output/docking/phb_2_6EC0/phb_2_6EC0_complex_pose_1.pdbqt
	- Saved pose 2: output/docking/phb_2_6EC0/phb_2_6EC0_pose_2.pdbqt
	- Saved complex 2: output/docking/phb_2_6EC0/phb_2_6EC0_complex_pose_2.pdbqt
	- Saved pose 3: output/docking/phb_2_6EC0/phb_2_6EC0_pose_3.pdbqt
	- Saved complex 3: output/docking/phb_2_6EC0/phb_2_6EC0_complex_pose_3.pdbqt
	- Saved pose 4: output/docking/phb_2_6EC0/phb_2_6EC0_pose_4.pdbqt
	- Saved complex 4: output/docking/phb_2_6EC0/phb_2_6EC0_complex_pose_4.pdbqt
	- Saved pose 5: output/docking/phb_2_6EC0/phb_2_6EC0_pose_5.pdbqt
	- Saved complex 5: output/docking/phb_2_6EC0/phb_2_6EC0_complex_pose_5.pdbqt
	- Saved pose 6: output/docking/phb_2_6EC0/phb_2_6EC0_pose_6.pdbqt
	- Saved complex 6: output/docking/phb_2_6EC0/phb_2_6EC0_complex_pose_6.pdbqt
	- Saved pose 7: output/docking/phb_2_6EC0/phb_2_6EC0_pose_7.pdbqt
	- Saved complex 7: output/docking/phb_2_6EC0/phb_2_6EC0_complex_pose_7.pdbqt
	- Saved pose 8: output/docking/phb_2_6EC0/phb_2_6EC0_pose_8.pdbqt
	- Saved complex 8: output/docking/phb_2_6EC0/phb_2_6EC0_complex_pose_8.pdbqt

  Created zip file: output/docking/phb_2_6EC0/phb_2_6EC0_all_poses.zip
	- Summary table saved: output/docking/phb_2_6EC0/phb_2_6EC0_summary.csv

  Docking results saved
	- Output directory: output/docking/phb_2_6EC0
	- Log file: output/docking/phb_2_6EC0/phb_2_6EC0_docking.log
