
Aligning ligand to receptor center...
  Ligand centered to receptor at [14.07, -35.89, 43.68]
	- Grid box size: [34.6, 37.5, 35.6]

Setting up docking grid...
	- Grid setup successful

Performing blind docking with exhaustiveness=32...
	- Docking time: 186.67 seconds

  Docking completed. Retrieved 8 poses:
	- Pose 1: Affinity = -6.82 kcal/mol, RMSD_LB = 0.00, RMSD_UB = 0.00
	- Pose 2: Affinity = -6.75 kcal/mol, RMSD_LB = 2.39, RMSD_UB = 8.27
	- Pose 3: Affinity = -6.74 kcal/mol, RMSD_LB = 1.58, RMSD_UB = 2.23
	- Pose 4: Affinity = -6.70 kcal/mol, RMSD_LB = 2.27, RMSD_UB = 9.67
	- Pose 5: Affinity = -6.66 kcal/mol, RMSD_LB = 1.85, RMSD_UB = 8.02
	- Pose 6: Affinity = -6.62 kcal/mol, RMSD_LB = 2.23, RMSD_UB = 9.01
	- Pose 7: Affinity = -6.62 kcal/mol, RMSD_LB = 2.17, RMSD_UB = 5.91
	- Pose 8: Affinity = -6.48 kcal/mol, RMSD_LB = 2.21, RMSD_UB = 8.05

  Saving poses: [1, 2, 3, 4, 5, 6, 7, 8]
	- Saved pose 1: output/docking/phb_7_1RG8/phb_7_1RG8_pose_1.pdbqt
	- Saved complex 1: output/docking/phb_7_1RG8/phb_7_1RG8_complex_pose_1.pdbqt
	- Saved pose 2: output/docking/phb_7_1RG8/phb_7_1RG8_pose_2.pdbqt
	- Saved complex 2: output/docking/phb_7_1RG8/phb_7_1RG8_complex_pose_2.pdbqt
	- Saved pose 3: output/docking/phb_7_1RG8/phb_7_1RG8_pose_3.pdbqt
	- Saved complex 3: output/docking/phb_7_1RG8/phb_7_1RG8_complex_pose_3.pdbqt
	- Saved pose 4: output/docking/phb_7_1RG8/phb_7_1RG8_pose_4.pdbqt
	- Saved complex 4: output/docking/phb_7_1RG8/phb_7_1RG8_complex_pose_4.pdbqt
	- Saved pose 5: output/docking/phb_7_1RG8/phb_7_1RG8_pose_5.pdbqt
	- Saved complex 5: output/docking/phb_7_1RG8/phb_7_1RG8_complex_pose_5.pdbqt
	- Saved pose 6: output/docking/phb_7_1RG8/phb_7_1RG8_pose_6.pdbqt
	- Saved complex 6: output/docking/phb_7_1RG8/phb_7_1RG8_complex_pose_6.pdbqt
	- Saved pose 7: output/docking/phb_7_1RG8/phb_7_1RG8_pose_7.pdbqt
	- Saved complex 7: output/docking/phb_7_1RG8/phb_7_1RG8_complex_pose_7.pdbqt
	- Saved pose 8: output/docking/phb_7_1RG8/phb_7_1RG8_pose_8.pdbqt
	- Saved complex 8: output/docking/phb_7_1RG8/phb_7_1RG8_complex_pose_8.pdbqt

  Created zip file: output/docking/phb_7_1RG8/phb_7_1RG8_all_poses.zip
	- Summary table saved: output/docking/phb_7_1RG8/phb_7_1RG8_summary.csv

  Docking results saved
	- Output directory: output/docking/phb_7_1RG8
	- Log file: output/docking/phb_7_1RG8/phb_7_1RG8_docking.log
