
Aligning ligand to receptor center...
  Ligand centered to receptor at [-0.32, -11.99, -22.65]
	- Grid box size: [53.5, 73.5, 47.8]

Setting up docking grid...
	- Grid setup successful

Performing blind docking with exhaustiveness=32...
	- Docking time: 2.40 seconds

  Docking completed. Retrieved 8 poses:
	- Pose 1: Affinity = -4.32 kcal/mol, RMSD_LB = 0.00, RMSD_UB = 0.00
	- Pose 2: Affinity = -4.31 kcal/mol, RMSD_LB = 2.19, RMSD_UB = 2.59
	- Pose 3: Affinity = -4.28 kcal/mol, RMSD_LB = 17.89, RMSD_UB = 18.65
	- Pose 4: Affinity = -4.16 kcal/mol, RMSD_LB = 1.50, RMSD_UB = 2.08
	- Pose 5: Affinity = -4.08 kcal/mol, RMSD_LB = 25.94, RMSD_UB = 26.87
	- Pose 6: Affinity = -4.07 kcal/mol, RMSD_LB = 57.23, RMSD_UB = 58.71
	- Pose 7: Affinity = -4.05 kcal/mol, RMSD_LB = 34.07, RMSD_UB = 36.15
	- Pose 8: Affinity = -4.04 kcal/mol, RMSD_LB = 26.13, RMSD_UB = 27.95

  Saving poses: [1, 2, 3, 4, 5, 6, 7, 8]
	- Saved pose 1: output/docking/pga_2_2Z80/pga_2_2Z80_pose_1.pdbqt
	- Saved complex 1: output/docking/pga_2_2Z80/pga_2_2Z80_complex_pose_1.pdbqt
	- Saved pose 2: output/docking/pga_2_2Z80/pga_2_2Z80_pose_2.pdbqt
	- Saved complex 2: output/docking/pga_2_2Z80/pga_2_2Z80_complex_pose_2.pdbqt
	- Saved pose 3: output/docking/pga_2_2Z80/pga_2_2Z80_pose_3.pdbqt
	- Saved complex 3: output/docking/pga_2_2Z80/pga_2_2Z80_complex_pose_3.pdbqt
	- Saved pose 4: output/docking/pga_2_2Z80/pga_2_2Z80_pose_4.pdbqt
	- Saved complex 4: output/docking/pga_2_2Z80/pga_2_2Z80_complex_pose_4.pdbqt
	- Saved pose 5: output/docking/pga_2_2Z80/pga_2_2Z80_pose_5.pdbqt
	- Saved complex 5: output/docking/pga_2_2Z80/pga_2_2Z80_complex_pose_5.pdbqt
	- Saved pose 6: output/docking/pga_2_2Z80/pga_2_2Z80_pose_6.pdbqt
	- Saved complex 6: output/docking/pga_2_2Z80/pga_2_2Z80_complex_pose_6.pdbqt
	- Saved pose 7: output/docking/pga_2_2Z80/pga_2_2Z80_pose_7.pdbqt
	- Saved complex 7: output/docking/pga_2_2Z80/pga_2_2Z80_complex_pose_7.pdbqt
	- Saved pose 8: output/docking/pga_2_2Z80/pga_2_2Z80_pose_8.pdbqt
	- Saved complex 8: output/docking/pga_2_2Z80/pga_2_2Z80_complex_pose_8.pdbqt

  Created zip file: output/docking/pga_2_2Z80/pga_2_2Z80_all_poses.zip
	- Summary table saved: output/docking/pga_2_2Z80/pga_2_2Z80_summary.csv

  Docking results saved
	- Output directory: output/docking/pga_2_2Z80
	- Log file: output/docking/pga_2_2Z80/pga_2_2Z80_docking.log
