
Aligning ligand to receptor center...
  Ligand centered to receptor at [23.58, -33.16, 3.11]
	- Grid box size: [83.5, 55.5, 138.8]

Setting up docking grid...
	- Grid setup successful

Performing blind docking with exhaustiveness=32...
	- Docking time: 735.76 seconds

  Docking completed. Retrieved 8 poses:
	- Pose 1: Affinity = -4.59 kcal/mol, RMSD_LB = 0.00, RMSD_UB = 0.00
	- Pose 2: Affinity = -4.50 kcal/mol, RMSD_LB = 4.27, RMSD_UB = 11.19
	- Pose 3: Affinity = -4.47 kcal/mol, RMSD_LB = 3.27, RMSD_UB = 7.55
	- Pose 4: Affinity = -4.47 kcal/mol, RMSD_LB = 4.12, RMSD_UB = 6.45
	- Pose 5: Affinity = -4.36 kcal/mol, RMSD_LB = 4.36, RMSD_UB = 8.21
	- Pose 6: Affinity = -4.35 kcal/mol, RMSD_LB = 7.43, RMSD_UB = 19.39
	- Pose 7: Affinity = -4.32 kcal/mol, RMSD_LB = 9.19, RMSD_UB = 16.46
	- Pose 8: Affinity = -4.29 kcal/mol, RMSD_LB = 6.66, RMSD_UB = 18.47

  Saving poses: [1, 2, 3, 4, 5, 6, 7, 8]
	- Saved pose 1: output/docking/phb_11_6EC0/phb_11_6EC0_pose_1.pdbqt
	- Saved complex 1: output/docking/phb_11_6EC0/phb_11_6EC0_complex_pose_1.pdbqt
	- Saved pose 2: output/docking/phb_11_6EC0/phb_11_6EC0_pose_2.pdbqt
	- Saved complex 2: output/docking/phb_11_6EC0/phb_11_6EC0_complex_pose_2.pdbqt
	- Saved pose 3: output/docking/phb_11_6EC0/phb_11_6EC0_pose_3.pdbqt
	- Saved complex 3: output/docking/phb_11_6EC0/phb_11_6EC0_complex_pose_3.pdbqt
	- Saved pose 4: output/docking/phb_11_6EC0/phb_11_6EC0_pose_4.pdbqt
	- Saved complex 4: output/docking/phb_11_6EC0/phb_11_6EC0_complex_pose_4.pdbqt
	- Saved pose 5: output/docking/phb_11_6EC0/phb_11_6EC0_pose_5.pdbqt
	- Saved complex 5: output/docking/phb_11_6EC0/phb_11_6EC0_complex_pose_5.pdbqt
	- Saved pose 6: output/docking/phb_11_6EC0/phb_11_6EC0_pose_6.pdbqt
	- Saved complex 6: output/docking/phb_11_6EC0/phb_11_6EC0_complex_pose_6.pdbqt
	- Saved pose 7: output/docking/phb_11_6EC0/phb_11_6EC0_pose_7.pdbqt
	- Saved complex 7: output/docking/phb_11_6EC0/phb_11_6EC0_complex_pose_7.pdbqt
	- Saved pose 8: output/docking/phb_11_6EC0/phb_11_6EC0_pose_8.pdbqt
	- Saved complex 8: output/docking/phb_11_6EC0/phb_11_6EC0_complex_pose_8.pdbqt

  Created zip file: output/docking/phb_11_6EC0/phb_11_6EC0_all_poses.zip
	- Summary table saved: output/docking/phb_11_6EC0/phb_11_6EC0_summary.csv

  Docking results saved
	- Output directory: output/docking/phb_11_6EC0
	- Log file: output/docking/phb_11_6EC0/phb_11_6EC0_docking.log
