
Aligning ligand to receptor center...
  Ligand centered to receptor at [19.34, 6.33, 1.06]
	- Grid box size: [53.6, 30.0, 42.9]

Setting up docking grid...
	- Grid setup successful

Performing blind docking with exhaustiveness=32...
	- Docking time: 103.26 seconds

  Docking completed. Retrieved 8 poses:
	- Pose 1: Affinity = -3.98 kcal/mol, RMSD_LB = 0.00, RMSD_UB = 0.00
	- Pose 2: Affinity = -3.96 kcal/mol, RMSD_LB = 28.31, RMSD_UB = 31.89
	- Pose 3: Affinity = -3.96 kcal/mol, RMSD_LB = 27.43, RMSD_UB = 31.20
	- Pose 4: Affinity = -3.92 kcal/mol, RMSD_LB = 3.89, RMSD_UB = 9.32
	- Pose 5: Affinity = -3.92 kcal/mol, RMSD_LB = 30.27, RMSD_UB = 35.49
	- Pose 6: Affinity = -3.91 kcal/mol, RMSD_LB = 26.78, RMSD_UB = 30.52
	- Pose 7: Affinity = -3.88 kcal/mol, RMSD_LB = 25.32, RMSD_UB = 28.15
	- Pose 8: Affinity = -3.84 kcal/mol, RMSD_LB = 24.27, RMSD_UB = 27.17

  Saving poses: [1, 2, 3, 4, 5, 6, 7, 8]
	- Saved pose 1: output/docking/pga_9_1VPF/pga_9_1VPF_pose_1.pdbqt
	- Saved complex 1: output/docking/pga_9_1VPF/pga_9_1VPF_complex_pose_1.pdbqt
	- Saved pose 2: output/docking/pga_9_1VPF/pga_9_1VPF_pose_2.pdbqt
	- Saved complex 2: output/docking/pga_9_1VPF/pga_9_1VPF_complex_pose_2.pdbqt
	- Saved pose 3: output/docking/pga_9_1VPF/pga_9_1VPF_pose_3.pdbqt
	- Saved complex 3: output/docking/pga_9_1VPF/pga_9_1VPF_complex_pose_3.pdbqt
	- Saved pose 4: output/docking/pga_9_1VPF/pga_9_1VPF_pose_4.pdbqt
	- Saved complex 4: output/docking/pga_9_1VPF/pga_9_1VPF_complex_pose_4.pdbqt
	- Saved pose 5: output/docking/pga_9_1VPF/pga_9_1VPF_pose_5.pdbqt
	- Saved complex 5: output/docking/pga_9_1VPF/pga_9_1VPF_complex_pose_5.pdbqt
	- Saved pose 6: output/docking/pga_9_1VPF/pga_9_1VPF_pose_6.pdbqt
	- Saved complex 6: output/docking/pga_9_1VPF/pga_9_1VPF_complex_pose_6.pdbqt
	- Saved pose 7: output/docking/pga_9_1VPF/pga_9_1VPF_pose_7.pdbqt
	- Saved complex 7: output/docking/pga_9_1VPF/pga_9_1VPF_complex_pose_7.pdbqt
	- Saved pose 8: output/docking/pga_9_1VPF/pga_9_1VPF_pose_8.pdbqt
	- Saved complex 8: output/docking/pga_9_1VPF/pga_9_1VPF_complex_pose_8.pdbqt

  Created zip file: output/docking/pga_9_1VPF/pga_9_1VPF_all_poses.zip
	- Summary table saved: output/docking/pga_9_1VPF/pga_9_1VPF_summary.csv

  Docking results saved
	- Output directory: output/docking/pga_9_1VPF
	- Log file: output/docking/pga_9_1VPF/pga_9_1VPF_docking.log
