
Aligning ligand to receptor center...
  Ligand centered to receptor at [-3.59, 61.5, 22.72]
	- Grid box size: [27.9, 41.5, 49.5]

Setting up docking grid...
	- Grid setup successful

Performing blind docking with exhaustiveness=32...
	- Docking time: 25.74 seconds

  Docking completed. Retrieved 8 poses:
	- Pose 1: Affinity = -5.14 kcal/mol, RMSD_LB = 0.00, RMSD_UB = 0.00
	- Pose 2: Affinity = -5.10 kcal/mol, RMSD_LB = 2.01, RMSD_UB = 4.72
	- Pose 3: Affinity = -5.09 kcal/mol, RMSD_LB = 1.95, RMSD_UB = 4.64
	- Pose 4: Affinity = -5.02 kcal/mol, RMSD_LB = 2.25, RMSD_UB = 4.73
	- Pose 5: Affinity = -5.01 kcal/mol, RMSD_LB = 2.84, RMSD_UB = 7.90
	- Pose 6: Affinity = -4.98 kcal/mol, RMSD_LB = 1.57, RMSD_UB = 7.84
	- Pose 7: Affinity = -4.98 kcal/mol, RMSD_LB = 2.17, RMSD_UB = 7.48
	- Pose 8: Affinity = -4.90 kcal/mol, RMSD_LB = 2.83, RMSD_UB = 9.36

  Saving poses: [1, 2, 3, 4, 5, 6, 7, 8]
	- Saved pose 1: output/docking/phb_4_1CSG/phb_4_1CSG_pose_1.pdbqt
	- Saved complex 1: output/docking/phb_4_1CSG/phb_4_1CSG_complex_pose_1.pdbqt
	- Saved pose 2: output/docking/phb_4_1CSG/phb_4_1CSG_pose_2.pdbqt
	- Saved complex 2: output/docking/phb_4_1CSG/phb_4_1CSG_complex_pose_2.pdbqt
	- Saved pose 3: output/docking/phb_4_1CSG/phb_4_1CSG_pose_3.pdbqt
	- Saved complex 3: output/docking/phb_4_1CSG/phb_4_1CSG_complex_pose_3.pdbqt
	- Saved pose 4: output/docking/phb_4_1CSG/phb_4_1CSG_pose_4.pdbqt
	- Saved complex 4: output/docking/phb_4_1CSG/phb_4_1CSG_complex_pose_4.pdbqt
	- Saved pose 5: output/docking/phb_4_1CSG/phb_4_1CSG_pose_5.pdbqt
	- Saved complex 5: output/docking/phb_4_1CSG/phb_4_1CSG_complex_pose_5.pdbqt
	- Saved pose 6: output/docking/phb_4_1CSG/phb_4_1CSG_pose_6.pdbqt
	- Saved complex 6: output/docking/phb_4_1CSG/phb_4_1CSG_complex_pose_6.pdbqt
	- Saved pose 7: output/docking/phb_4_1CSG/phb_4_1CSG_pose_7.pdbqt
	- Saved complex 7: output/docking/phb_4_1CSG/phb_4_1CSG_complex_pose_7.pdbqt
	- Saved pose 8: output/docking/phb_4_1CSG/phb_4_1CSG_pose_8.pdbqt
	- Saved complex 8: output/docking/phb_4_1CSG/phb_4_1CSG_complex_pose_8.pdbqt

  Created zip file: output/docking/phb_4_1CSG/phb_4_1CSG_all_poses.zip
	- Summary table saved: output/docking/phb_4_1CSG/phb_4_1CSG_summary.csv

  Docking results saved
	- Output directory: output/docking/phb_4_1CSG
	- Log file: output/docking/phb_4_1CSG/phb_4_1CSG_docking.log
