
Aligning ligand to receptor center...
  Ligand centered to receptor at [-0.32, -11.99, -22.65]
	- Grid box size: [53.5, 73.5, 47.8]

Setting up docking grid...
	- Grid setup successful

Performing blind docking with exhaustiveness=32...
	- Docking time: 18.69 seconds

  Docking completed. Retrieved 8 poses:
	- Pose 1: Affinity = -5.27 kcal/mol, RMSD_LB = 0.00, RMSD_UB = 0.00
	- Pose 2: Affinity = -5.16 kcal/mol, RMSD_LB = 18.33, RMSD_UB = 21.68
	- Pose 3: Affinity = -4.96 kcal/mol, RMSD_LB = 45.08, RMSD_UB = 46.57
	- Pose 4: Affinity = -4.95 kcal/mol, RMSD_LB = 1.66, RMSD_UB = 7.28
	- Pose 5: Affinity = -4.95 kcal/mol, RMSD_LB = 3.18, RMSD_UB = 7.39
	- Pose 6: Affinity = -4.94 kcal/mol, RMSD_LB = 3.95, RMSD_UB = 6.70
	- Pose 7: Affinity = -4.92 kcal/mol, RMSD_LB = 18.75, RMSD_UB = 21.51
	- Pose 8: Affinity = -4.80 kcal/mol, RMSD_LB = 1.64, RMSD_UB = 3.50

  Saving poses: [1, 2, 3, 4, 5, 6, 7, 8]
	- Saved pose 1: output/docking/pga_5_2Z80/pga_5_2Z80_pose_1.pdbqt
	- Saved complex 1: output/docking/pga_5_2Z80/pga_5_2Z80_complex_pose_1.pdbqt
	- Saved pose 2: output/docking/pga_5_2Z80/pga_5_2Z80_pose_2.pdbqt
	- Saved complex 2: output/docking/pga_5_2Z80/pga_5_2Z80_complex_pose_2.pdbqt
	- Saved pose 3: output/docking/pga_5_2Z80/pga_5_2Z80_pose_3.pdbqt
	- Saved complex 3: output/docking/pga_5_2Z80/pga_5_2Z80_complex_pose_3.pdbqt
	- Saved pose 4: output/docking/pga_5_2Z80/pga_5_2Z80_pose_4.pdbqt
	- Saved complex 4: output/docking/pga_5_2Z80/pga_5_2Z80_complex_pose_4.pdbqt
	- Saved pose 5: output/docking/pga_5_2Z80/pga_5_2Z80_pose_5.pdbqt
	- Saved complex 5: output/docking/pga_5_2Z80/pga_5_2Z80_complex_pose_5.pdbqt
	- Saved pose 6: output/docking/pga_5_2Z80/pga_5_2Z80_pose_6.pdbqt
	- Saved complex 6: output/docking/pga_5_2Z80/pga_5_2Z80_complex_pose_6.pdbqt
	- Saved pose 7: output/docking/pga_5_2Z80/pga_5_2Z80_pose_7.pdbqt
	- Saved complex 7: output/docking/pga_5_2Z80/pga_5_2Z80_complex_pose_7.pdbqt
	- Saved pose 8: output/docking/pga_5_2Z80/pga_5_2Z80_pose_8.pdbqt
	- Saved complex 8: output/docking/pga_5_2Z80/pga_5_2Z80_complex_pose_8.pdbqt

  Created zip file: output/docking/pga_5_2Z80/pga_5_2Z80_all_poses.zip
	- Summary table saved: output/docking/pga_5_2Z80/pga_5_2Z80_summary.csv

  Docking results saved
	- Output directory: output/docking/pga_5_2Z80
	- Log file: output/docking/pga_5_2Z80/pga_5_2Z80_docking.log
