
Aligning ligand to receptor center...
  Ligand centered to receptor at [-0.32, -11.99, -22.65]
	- Grid box size: [53.5, 73.5, 47.8]

Setting up docking grid...
	- Grid setup successful

Performing blind docking with exhaustiveness=32...
	- Docking time: 244.30 seconds

  Docking completed. Retrieved 8 poses:
	- Pose 1: Affinity = -5.56 kcal/mol, RMSD_LB = 0.00, RMSD_UB = 0.00
	- Pose 2: Affinity = -5.39 kcal/mol, RMSD_LB = 6.88, RMSD_UB = 13.49
	- Pose 3: Affinity = -5.32 kcal/mol, RMSD_LB = 4.18, RMSD_UB = 11.93
	- Pose 4: Affinity = -5.27 kcal/mol, RMSD_LB = 21.19, RMSD_UB = 27.09
	- Pose 5: Affinity = -5.25 kcal/mol, RMSD_LB = 20.36, RMSD_UB = 23.91
	- Pose 6: Affinity = -5.19 kcal/mol, RMSD_LB = 10.39, RMSD_UB = 18.17
	- Pose 7: Affinity = -5.18 kcal/mol, RMSD_LB = 3.40, RMSD_UB = 6.61
	- Pose 8: Affinity = -5.04 kcal/mol, RMSD_LB = 4.71, RMSD_UB = 15.02

  Saving poses: [1, 2, 3, 4, 5, 6, 7, 8]
	- Saved pose 1: output/docking/phb_8_2Z80/phb_8_2Z80_pose_1.pdbqt
	- Saved complex 1: output/docking/phb_8_2Z80/phb_8_2Z80_complex_pose_1.pdbqt
	- Saved pose 2: output/docking/phb_8_2Z80/phb_8_2Z80_pose_2.pdbqt
	- Saved complex 2: output/docking/phb_8_2Z80/phb_8_2Z80_complex_pose_2.pdbqt
	- Saved pose 3: output/docking/phb_8_2Z80/phb_8_2Z80_pose_3.pdbqt
	- Saved complex 3: output/docking/phb_8_2Z80/phb_8_2Z80_complex_pose_3.pdbqt
	- Saved pose 4: output/docking/phb_8_2Z80/phb_8_2Z80_pose_4.pdbqt
	- Saved complex 4: output/docking/phb_8_2Z80/phb_8_2Z80_complex_pose_4.pdbqt
	- Saved pose 5: output/docking/phb_8_2Z80/phb_8_2Z80_pose_5.pdbqt
	- Saved complex 5: output/docking/phb_8_2Z80/phb_8_2Z80_complex_pose_5.pdbqt
	- Saved pose 6: output/docking/phb_8_2Z80/phb_8_2Z80_pose_6.pdbqt
	- Saved complex 6: output/docking/phb_8_2Z80/phb_8_2Z80_complex_pose_6.pdbqt
	- Saved pose 7: output/docking/phb_8_2Z80/phb_8_2Z80_pose_7.pdbqt
	- Saved complex 7: output/docking/phb_8_2Z80/phb_8_2Z80_complex_pose_7.pdbqt
	- Saved pose 8: output/docking/phb_8_2Z80/phb_8_2Z80_pose_8.pdbqt
	- Saved complex 8: output/docking/phb_8_2Z80/phb_8_2Z80_complex_pose_8.pdbqt

  Created zip file: output/docking/phb_8_2Z80/phb_8_2Z80_all_poses.zip
	- Summary table saved: output/docking/phb_8_2Z80/phb_8_2Z80_summary.csv

  Docking results saved
	- Output directory: output/docking/phb_8_2Z80
	- Log file: output/docking/phb_8_2Z80/phb_8_2Z80_docking.log
