
Aligning ligand to receptor center...
  Ligand centered to receptor at [23.58, -33.16, 3.11]
	- Grid box size: [83.5, 55.5, 138.8]

Setting up docking grid...
	- Grid setup successful

Performing blind docking with exhaustiveness=32...
	- Docking time: 368.67 seconds

  Docking completed. Retrieved 8 poses:
	- Pose 1: Affinity = -5.64 kcal/mol, RMSD_LB = 0.00, RMSD_UB = 0.00
	- Pose 2: Affinity = -5.41 kcal/mol, RMSD_LB = 104.19, RMSD_UB = 109.15
	- Pose 3: Affinity = -5.36 kcal/mol, RMSD_LB = 16.11, RMSD_UB = 19.09
	- Pose 4: Affinity = -5.33 kcal/mol, RMSD_LB = 48.88, RMSD_UB = 53.54
	- Pose 5: Affinity = -5.33 kcal/mol, RMSD_LB = 53.63, RMSD_UB = 57.53
	- Pose 6: Affinity = -5.29 kcal/mol, RMSD_LB = 59.48, RMSD_UB = 63.78
	- Pose 7: Affinity = -5.26 kcal/mol, RMSD_LB = 57.68, RMSD_UB = 62.75
	- Pose 8: Affinity = -5.25 kcal/mol, RMSD_LB = 24.47, RMSD_UB = 27.63

  Saving poses: [1, 2, 3, 4, 5, 6, 7, 8]
	- Saved pose 1: output/docking/phb_9_6EC0/phb_9_6EC0_pose_1.pdbqt
	- Saved complex 1: output/docking/phb_9_6EC0/phb_9_6EC0_complex_pose_1.pdbqt
	- Saved pose 2: output/docking/phb_9_6EC0/phb_9_6EC0_pose_2.pdbqt
	- Saved complex 2: output/docking/phb_9_6EC0/phb_9_6EC0_complex_pose_2.pdbqt
	- Saved pose 3: output/docking/phb_9_6EC0/phb_9_6EC0_pose_3.pdbqt
	- Saved complex 3: output/docking/phb_9_6EC0/phb_9_6EC0_complex_pose_3.pdbqt
	- Saved pose 4: output/docking/phb_9_6EC0/phb_9_6EC0_pose_4.pdbqt
	- Saved complex 4: output/docking/phb_9_6EC0/phb_9_6EC0_complex_pose_4.pdbqt
	- Saved pose 5: output/docking/phb_9_6EC0/phb_9_6EC0_pose_5.pdbqt
	- Saved complex 5: output/docking/phb_9_6EC0/phb_9_6EC0_complex_pose_5.pdbqt
	- Saved pose 6: output/docking/phb_9_6EC0/phb_9_6EC0_pose_6.pdbqt
	- Saved complex 6: output/docking/phb_9_6EC0/phb_9_6EC0_complex_pose_6.pdbqt
	- Saved pose 7: output/docking/phb_9_6EC0/phb_9_6EC0_pose_7.pdbqt
	- Saved complex 7: output/docking/phb_9_6EC0/phb_9_6EC0_complex_pose_7.pdbqt
	- Saved pose 8: output/docking/phb_9_6EC0/phb_9_6EC0_pose_8.pdbqt
	- Saved complex 8: output/docking/phb_9_6EC0/phb_9_6EC0_complex_pose_8.pdbqt

  Created zip file: output/docking/phb_9_6EC0/phb_9_6EC0_all_poses.zip
	- Summary table saved: output/docking/phb_9_6EC0/phb_9_6EC0_summary.csv

  Docking results saved
	- Output directory: output/docking/phb_9_6EC0
	- Log file: output/docking/phb_9_6EC0/phb_9_6EC0_docking.log
