
Aligning ligand to receptor center...
  Ligand centered to receptor at [-0.32, -11.99, -22.65]
	- Grid box size: [53.5, 73.5, 47.8]

Setting up docking grid...
	- Grid setup successful

Performing blind docking with exhaustiveness=32...
	- Docking time: 64.69 seconds

  Docking completed. Retrieved 8 poses:
	- Pose 1: Affinity = -5.51 kcal/mol, RMSD_LB = 0.00, RMSD_UB = 0.00
	- Pose 2: Affinity = -5.49 kcal/mol, RMSD_LB = 2.28, RMSD_UB = 7.39
	- Pose 3: Affinity = -5.40 kcal/mol, RMSD_LB = 1.82, RMSD_UB = 2.93
	- Pose 4: Affinity = -5.28 kcal/mol, RMSD_LB = 2.04, RMSD_UB = 7.22
	- Pose 5: Affinity = -5.26 kcal/mol, RMSD_LB = 1.84, RMSD_UB = 7.49
	- Pose 6: Affinity = -5.19 kcal/mol, RMSD_LB = 26.88, RMSD_UB = 30.61
	- Pose 7: Affinity = -5.17 kcal/mol, RMSD_LB = 18.54, RMSD_UB = 22.69
	- Pose 8: Affinity = -5.14 kcal/mol, RMSD_LB = 2.47, RMSD_UB = 6.50

  Saving poses: [1, 2, 3, 4, 5, 6, 7, 8]
	- Saved pose 1: output/docking/pga_8_2Z80/pga_8_2Z80_pose_1.pdbqt
	- Saved complex 1: output/docking/pga_8_2Z80/pga_8_2Z80_complex_pose_1.pdbqt
	- Saved pose 2: output/docking/pga_8_2Z80/pga_8_2Z80_pose_2.pdbqt
	- Saved complex 2: output/docking/pga_8_2Z80/pga_8_2Z80_complex_pose_2.pdbqt
	- Saved pose 3: output/docking/pga_8_2Z80/pga_8_2Z80_pose_3.pdbqt
	- Saved complex 3: output/docking/pga_8_2Z80/pga_8_2Z80_complex_pose_3.pdbqt
	- Saved pose 4: output/docking/pga_8_2Z80/pga_8_2Z80_pose_4.pdbqt
	- Saved complex 4: output/docking/pga_8_2Z80/pga_8_2Z80_complex_pose_4.pdbqt
	- Saved pose 5: output/docking/pga_8_2Z80/pga_8_2Z80_pose_5.pdbqt
	- Saved complex 5: output/docking/pga_8_2Z80/pga_8_2Z80_complex_pose_5.pdbqt
	- Saved pose 6: output/docking/pga_8_2Z80/pga_8_2Z80_pose_6.pdbqt
	- Saved complex 6: output/docking/pga_8_2Z80/pga_8_2Z80_complex_pose_6.pdbqt
	- Saved pose 7: output/docking/pga_8_2Z80/pga_8_2Z80_pose_7.pdbqt
	- Saved complex 7: output/docking/pga_8_2Z80/pga_8_2Z80_complex_pose_7.pdbqt
	- Saved pose 8: output/docking/pga_8_2Z80/pga_8_2Z80_pose_8.pdbqt
	- Saved complex 8: output/docking/pga_8_2Z80/pga_8_2Z80_complex_pose_8.pdbqt

  Created zip file: output/docking/pga_8_2Z80/pga_8_2Z80_all_poses.zip
	- Summary table saved: output/docking/pga_8_2Z80/pga_8_2Z80_summary.csv

  Docking results saved
	- Output directory: output/docking/pga_8_2Z80
	- Log file: output/docking/pga_8_2Z80/pga_8_2Z80_docking.log
