
Aligning ligand to receptor center...
  Ligand centered to receptor at [-5.77, 8.98, 9.45]
	- Grid box size: [76.6, 14.2, 21.0]

Setting up docking grid...
	- Grid setup successful

Performing blind docking with exhaustiveness=32...
	- Docking time: 0.89 seconds

  Docking completed. Retrieved 8 poses:
	- Pose 1: Affinity = -2.03 kcal/mol, RMSD_LB = 0.00, RMSD_UB = 0.00
	- Pose 2: Affinity = -1.98 kcal/mol, RMSD_LB = 2.73, RMSD_UB = 3.44
	- Pose 3: Affinity = -1.94 kcal/mol, RMSD_LB = 3.27, RMSD_UB = 4.10
	- Pose 4: Affinity = -1.94 kcal/mol, RMSD_LB = 2.95, RMSD_UB = 3.60
	- Pose 5: Affinity = -1.93 kcal/mol, RMSD_LB = 3.01, RMSD_UB = 3.60
	- Pose 6: Affinity = -1.88 kcal/mol, RMSD_LB = 1.45, RMSD_UB = 2.13
	- Pose 7: Affinity = -1.86 kcal/mol, RMSD_LB = 3.31, RMSD_UB = 3.78
	- Pose 8: Affinity = -1.83 kcal/mol, RMSD_LB = 1.83, RMSD_UB = 2.17

  Saving poses: [1, 2, 3, 4, 5, 6, 7, 8]
	- Saved pose 1: output/docking/pga_1_7CWK/pga_1_7CWK_pose_1.pdbqt
	- Saved complex 1: output/docking/pga_1_7CWK/pga_1_7CWK_complex_pose_1.pdbqt
	- Saved pose 2: output/docking/pga_1_7CWK/pga_1_7CWK_pose_2.pdbqt
	- Saved complex 2: output/docking/pga_1_7CWK/pga_1_7CWK_complex_pose_2.pdbqt
	- Saved pose 3: output/docking/pga_1_7CWK/pga_1_7CWK_pose_3.pdbqt
	- Saved complex 3: output/docking/pga_1_7CWK/pga_1_7CWK_complex_pose_3.pdbqt
	- Saved pose 4: output/docking/pga_1_7CWK/pga_1_7CWK_pose_4.pdbqt
	- Saved complex 4: output/docking/pga_1_7CWK/pga_1_7CWK_complex_pose_4.pdbqt
	- Saved pose 5: output/docking/pga_1_7CWK/pga_1_7CWK_pose_5.pdbqt
	- Saved complex 5: output/docking/pga_1_7CWK/pga_1_7CWK_complex_pose_5.pdbqt
	- Saved pose 6: output/docking/pga_1_7CWK/pga_1_7CWK_pose_6.pdbqt
	- Saved complex 6: output/docking/pga_1_7CWK/pga_1_7CWK_complex_pose_6.pdbqt
	- Saved pose 7: output/docking/pga_1_7CWK/pga_1_7CWK_pose_7.pdbqt
	- Saved complex 7: output/docking/pga_1_7CWK/pga_1_7CWK_complex_pose_7.pdbqt
	- Saved pose 8: output/docking/pga_1_7CWK/pga_1_7CWK_pose_8.pdbqt
	- Saved complex 8: output/docking/pga_1_7CWK/pga_1_7CWK_complex_pose_8.pdbqt

  Created zip file: output/docking/pga_1_7CWK/pga_1_7CWK_all_poses.zip
	- Summary table saved: output/docking/pga_1_7CWK/pga_1_7CWK_summary.csv

  Docking results saved
	- Output directory: output/docking/pga_1_7CWK
	- Log file: output/docking/pga_1_7CWK/pga_1_7CWK_docking.log
