
Aligning ligand to receptor center...
  Ligand centered to receptor at [19.34, 6.33, 1.06]
	- Grid box size: [53.6, 30.0, 42.9]

Setting up docking grid...
	- Grid setup successful

Performing blind docking with exhaustiveness=32...
	- Docking time: 2.42 seconds

  Docking completed. Retrieved 8 poses:
	- Pose 1: Affinity = -3.75 kcal/mol, RMSD_LB = 0.00, RMSD_UB = 0.00
	- Pose 2: Affinity = -3.74 kcal/mol, RMSD_LB = 34.63, RMSD_UB = 36.10
	- Pose 3: Affinity = -3.69 kcal/mol, RMSD_LB = 1.09, RMSD_UB = 4.17
	- Pose 4: Affinity = -3.60 kcal/mol, RMSD_LB = 33.66, RMSD_UB = 36.04
	- Pose 5: Affinity = -3.59 kcal/mol, RMSD_LB = 32.13, RMSD_UB = 34.52
	- Pose 6: Affinity = -3.57 kcal/mol, RMSD_LB = 34.76, RMSD_UB = 36.68
	- Pose 7: Affinity = -3.57 kcal/mol, RMSD_LB = 33.42, RMSD_UB = 35.46
	- Pose 8: Affinity = -3.55 kcal/mol, RMSD_LB = 34.74, RMSD_UB = 35.76

  Saving poses: [1, 2, 3, 4, 5, 6, 7, 8]
	- Saved pose 1: output/docking/pga_2_1VPF/pga_2_1VPF_pose_1.pdbqt
	- Saved complex 1: output/docking/pga_2_1VPF/pga_2_1VPF_complex_pose_1.pdbqt
	- Saved pose 2: output/docking/pga_2_1VPF/pga_2_1VPF_pose_2.pdbqt
	- Saved complex 2: output/docking/pga_2_1VPF/pga_2_1VPF_complex_pose_2.pdbqt
	- Saved pose 3: output/docking/pga_2_1VPF/pga_2_1VPF_pose_3.pdbqt
	- Saved complex 3: output/docking/pga_2_1VPF/pga_2_1VPF_complex_pose_3.pdbqt
	- Saved pose 4: output/docking/pga_2_1VPF/pga_2_1VPF_pose_4.pdbqt
	- Saved complex 4: output/docking/pga_2_1VPF/pga_2_1VPF_complex_pose_4.pdbqt
	- Saved pose 5: output/docking/pga_2_1VPF/pga_2_1VPF_pose_5.pdbqt
	- Saved complex 5: output/docking/pga_2_1VPF/pga_2_1VPF_complex_pose_5.pdbqt
	- Saved pose 6: output/docking/pga_2_1VPF/pga_2_1VPF_pose_6.pdbqt
	- Saved complex 6: output/docking/pga_2_1VPF/pga_2_1VPF_complex_pose_6.pdbqt
	- Saved pose 7: output/docking/pga_2_1VPF/pga_2_1VPF_pose_7.pdbqt
	- Saved complex 7: output/docking/pga_2_1VPF/pga_2_1VPF_complex_pose_7.pdbqt
	- Saved pose 8: output/docking/pga_2_1VPF/pga_2_1VPF_pose_8.pdbqt
	- Saved complex 8: output/docking/pga_2_1VPF/pga_2_1VPF_complex_pose_8.pdbqt

  Created zip file: output/docking/pga_2_1VPF/pga_2_1VPF_all_poses.zip
	- Summary table saved: output/docking/pga_2_1VPF/pga_2_1VPF_summary.csv

  Docking results saved
	- Output directory: output/docking/pga_2_1VPF
	- Log file: output/docking/pga_2_1VPF/pga_2_1VPF_docking.log
