
Aligning ligand to receptor center...
  Ligand centered to receptor at [23.58, -33.16, 3.11]
	- Grid box size: [83.5, 55.5, 138.8]

Setting up docking grid...
	- Grid setup successful

Performing blind docking with exhaustiveness=32...
	- Docking time: 204.32 seconds

  Docking completed. Retrieved 8 poses:
	- Pose 1: Affinity = -4.06 kcal/mol, RMSD_LB = 0.00, RMSD_UB = 0.00
	- Pose 2: Affinity = -4.05 kcal/mol, RMSD_LB = 4.23, RMSD_UB = 12.22
	- Pose 3: Affinity = -4.01 kcal/mol, RMSD_LB = 3.86, RMSD_UB = 12.71
	- Pose 4: Affinity = -3.98 kcal/mol, RMSD_LB = 40.32, RMSD_UB = 46.97
	- Pose 5: Affinity = -3.96 kcal/mol, RMSD_LB = 17.38, RMSD_UB = 20.65
	- Pose 6: Affinity = -3.93 kcal/mol, RMSD_LB = 4.77, RMSD_UB = 13.02
	- Pose 7: Affinity = -3.85 kcal/mol, RMSD_LB = 47.23, RMSD_UB = 52.77
	- Pose 8: Affinity = -3.84 kcal/mol, RMSD_LB = 117.96, RMSD_UB = 124.71

  Saving poses: [1, 2, 3, 4, 5, 6, 7, 8]
	- Saved pose 1: output/docking/pga_11_6EC0/pga_11_6EC0_pose_1.pdbqt
	- Saved complex 1: output/docking/pga_11_6EC0/pga_11_6EC0_complex_pose_1.pdbqt
	- Saved pose 2: output/docking/pga_11_6EC0/pga_11_6EC0_pose_2.pdbqt
	- Saved complex 2: output/docking/pga_11_6EC0/pga_11_6EC0_complex_pose_2.pdbqt
	- Saved pose 3: output/docking/pga_11_6EC0/pga_11_6EC0_pose_3.pdbqt
	- Saved complex 3: output/docking/pga_11_6EC0/pga_11_6EC0_complex_pose_3.pdbqt
	- Saved pose 4: output/docking/pga_11_6EC0/pga_11_6EC0_pose_4.pdbqt
	- Saved complex 4: output/docking/pga_11_6EC0/pga_11_6EC0_complex_pose_4.pdbqt
	- Saved pose 5: output/docking/pga_11_6EC0/pga_11_6EC0_pose_5.pdbqt
	- Saved complex 5: output/docking/pga_11_6EC0/pga_11_6EC0_complex_pose_5.pdbqt
	- Saved pose 6: output/docking/pga_11_6EC0/pga_11_6EC0_pose_6.pdbqt
	- Saved complex 6: output/docking/pga_11_6EC0/pga_11_6EC0_complex_pose_6.pdbqt
	- Saved pose 7: output/docking/pga_11_6EC0/pga_11_6EC0_pose_7.pdbqt
	- Saved complex 7: output/docking/pga_11_6EC0/pga_11_6EC0_complex_pose_7.pdbqt
	- Saved pose 8: output/docking/pga_11_6EC0/pga_11_6EC0_pose_8.pdbqt
	- Saved complex 8: output/docking/pga_11_6EC0/pga_11_6EC0_complex_pose_8.pdbqt

  Created zip file: output/docking/pga_11_6EC0/pga_11_6EC0_all_poses.zip
	- Summary table saved: output/docking/pga_11_6EC0/pga_11_6EC0_summary.csv

  Docking results saved
	- Output directory: output/docking/pga_11_6EC0
	- Log file: output/docking/pga_11_6EC0/pga_11_6EC0_docking.log
