
Aligning ligand to receptor center...
  Ligand centered to receptor at [23.58, -33.16, 3.11]
	- Grid box size: [83.5, 55.5, 138.8]

Setting up docking grid...
	- Grid setup successful

Performing blind docking with exhaustiveness=32...
	- Docking time: 249.36 seconds

  Docking completed. Retrieved 8 poses:
	- Pose 1: Affinity = -3.69 kcal/mol, RMSD_LB = 0.00, RMSD_UB = 0.00
	- Pose 2: Affinity = -3.65 kcal/mol, RMSD_LB = 5.37, RMSD_UB = 10.98
	- Pose 3: Affinity = -3.58 kcal/mol, RMSD_LB = 17.16, RMSD_UB = 23.35
	- Pose 4: Affinity = -3.51 kcal/mol, RMSD_LB = 4.45, RMSD_UB = 9.02
	- Pose 5: Affinity = -3.50 kcal/mol, RMSD_LB = 8.19, RMSD_UB = 11.93
	- Pose 6: Affinity = -3.49 kcal/mol, RMSD_LB = 1.94, RMSD_UB = 8.46
	- Pose 7: Affinity = -3.48 kcal/mol, RMSD_LB = 8.32, RMSD_UB = 14.48
	- Pose 8: Affinity = -3.36 kcal/mol, RMSD_LB = 49.63, RMSD_UB = 54.52

  Saving poses: [1, 2, 3, 4, 5, 6, 7, 8]
	- Saved pose 1: output/docking/pga_12_6EC0/pga_12_6EC0_pose_1.pdbqt
	- Saved complex 1: output/docking/pga_12_6EC0/pga_12_6EC0_complex_pose_1.pdbqt
	- Saved pose 2: output/docking/pga_12_6EC0/pga_12_6EC0_pose_2.pdbqt
	- Saved complex 2: output/docking/pga_12_6EC0/pga_12_6EC0_complex_pose_2.pdbqt
	- Saved pose 3: output/docking/pga_12_6EC0/pga_12_6EC0_pose_3.pdbqt
	- Saved complex 3: output/docking/pga_12_6EC0/pga_12_6EC0_complex_pose_3.pdbqt
	- Saved pose 4: output/docking/pga_12_6EC0/pga_12_6EC0_pose_4.pdbqt
	- Saved complex 4: output/docking/pga_12_6EC0/pga_12_6EC0_complex_pose_4.pdbqt
	- Saved pose 5: output/docking/pga_12_6EC0/pga_12_6EC0_pose_5.pdbqt
	- Saved complex 5: output/docking/pga_12_6EC0/pga_12_6EC0_complex_pose_5.pdbqt
	- Saved pose 6: output/docking/pga_12_6EC0/pga_12_6EC0_pose_6.pdbqt
	- Saved complex 6: output/docking/pga_12_6EC0/pga_12_6EC0_complex_pose_6.pdbqt
	- Saved pose 7: output/docking/pga_12_6EC0/pga_12_6EC0_pose_7.pdbqt
	- Saved complex 7: output/docking/pga_12_6EC0/pga_12_6EC0_complex_pose_7.pdbqt
	- Saved pose 8: output/docking/pga_12_6EC0/pga_12_6EC0_pose_8.pdbqt
	- Saved complex 8: output/docking/pga_12_6EC0/pga_12_6EC0_complex_pose_8.pdbqt

  Created zip file: output/docking/pga_12_6EC0/pga_12_6EC0_all_poses.zip
	- Summary table saved: output/docking/pga_12_6EC0/pga_12_6EC0_summary.csv

  Docking results saved
	- Output directory: output/docking/pga_12_6EC0
	- Log file: output/docking/pga_12_6EC0/pga_12_6EC0_docking.log
