
Aligning ligand to receptor center...
  Ligand centered to receptor at [-14.85, 32.58, 10.13]
	- Grid box size: [32.6, 57.0, 41.0]

Setting up docking grid...
	- Grid setup successful

Performing blind docking with exhaustiveness=32...
	- Docking time: 239.99 seconds

  Docking completed. Retrieved 8 poses:
	- Pose 1: Affinity = -5.42 kcal/mol, RMSD_LB = 0.00, RMSD_UB = 0.00
	- Pose 2: Affinity = -5.23 kcal/mol, RMSD_LB = 2.92, RMSD_UB = 13.30
	- Pose 3: Affinity = -5.13 kcal/mol, RMSD_LB = 9.77, RMSD_UB = 14.28
	- Pose 4: Affinity = -5.12 kcal/mol, RMSD_LB = 6.34, RMSD_UB = 13.77
	- Pose 5: Affinity = -5.06 kcal/mol, RMSD_LB = 5.08, RMSD_UB = 8.61
	- Pose 6: Affinity = -5.04 kcal/mol, RMSD_LB = 2.94, RMSD_UB = 5.59
	- Pose 7: Affinity = -5.00 kcal/mol, RMSD_LB = 5.17, RMSD_UB = 14.15
	- Pose 8: Affinity = -4.95 kcal/mol, RMSD_LB = 6.05, RMSD_UB = 10.29

  Saving poses: [1, 2, 3, 4, 5, 6, 7, 8]
	- Saved pose 1: output/docking/phb_8_1TGJ/phb_8_1TGJ_pose_1.pdbqt
	- Saved complex 1: output/docking/phb_8_1TGJ/phb_8_1TGJ_complex_pose_1.pdbqt
	- Saved pose 2: output/docking/phb_8_1TGJ/phb_8_1TGJ_pose_2.pdbqt
	- Saved complex 2: output/docking/phb_8_1TGJ/phb_8_1TGJ_complex_pose_2.pdbqt
	- Saved pose 3: output/docking/phb_8_1TGJ/phb_8_1TGJ_pose_3.pdbqt
	- Saved complex 3: output/docking/phb_8_1TGJ/phb_8_1TGJ_complex_pose_3.pdbqt
	- Saved pose 4: output/docking/phb_8_1TGJ/phb_8_1TGJ_pose_4.pdbqt
	- Saved complex 4: output/docking/phb_8_1TGJ/phb_8_1TGJ_complex_pose_4.pdbqt
	- Saved pose 5: output/docking/phb_8_1TGJ/phb_8_1TGJ_pose_5.pdbqt
	- Saved complex 5: output/docking/phb_8_1TGJ/phb_8_1TGJ_complex_pose_5.pdbqt
	- Saved pose 6: output/docking/phb_8_1TGJ/phb_8_1TGJ_pose_6.pdbqt
	- Saved complex 6: output/docking/phb_8_1TGJ/phb_8_1TGJ_complex_pose_6.pdbqt
	- Saved pose 7: output/docking/phb_8_1TGJ/phb_8_1TGJ_pose_7.pdbqt
	- Saved complex 7: output/docking/phb_8_1TGJ/phb_8_1TGJ_complex_pose_7.pdbqt
	- Saved pose 8: output/docking/phb_8_1TGJ/phb_8_1TGJ_pose_8.pdbqt
	- Saved complex 8: output/docking/phb_8_1TGJ/phb_8_1TGJ_complex_pose_8.pdbqt

  Created zip file: output/docking/phb_8_1TGJ/phb_8_1TGJ_all_poses.zip
	- Summary table saved: output/docking/phb_8_1TGJ/phb_8_1TGJ_summary.csv

  Docking results saved
	- Output directory: output/docking/phb_8_1TGJ
	- Log file: output/docking/phb_8_1TGJ/phb_8_1TGJ_docking.log
