
Aligning ligand to receptor center...
  Ligand centered to receptor at [19.34, 6.33, 1.06]
	- Grid box size: [53.6, 30.0, 42.9]

Setting up docking grid...
	- Grid setup successful

Performing blind docking with exhaustiveness=32...
	- Docking time: 46.32 seconds

  Docking completed. Retrieved 8 poses:
	- Pose 1: Affinity = -4.49 kcal/mol, RMSD_LB = 0.00, RMSD_UB = 0.00
	- Pose 2: Affinity = -4.35 kcal/mol, RMSD_LB = 13.26, RMSD_UB = 16.66
	- Pose 3: Affinity = -4.34 kcal/mol, RMSD_LB = 16.66, RMSD_UB = 21.69
	- Pose 4: Affinity = -4.28 kcal/mol, RMSD_LB = 3.86, RMSD_UB = 9.69
	- Pose 5: Affinity = -4.25 kcal/mol, RMSD_LB = 2.32, RMSD_UB = 3.92
	- Pose 6: Affinity = -4.23 kcal/mol, RMSD_LB = 1.94, RMSD_UB = 11.43
	- Pose 7: Affinity = -4.22 kcal/mol, RMSD_LB = 2.54, RMSD_UB = 5.16
	- Pose 8: Affinity = -4.21 kcal/mol, RMSD_LB = 1.71, RMSD_UB = 2.50

  Saving poses: [1, 2, 3, 4, 5, 6, 7, 8]
	- Saved pose 1: output/docking/pga_7_1VPF/pga_7_1VPF_pose_1.pdbqt
	- Saved complex 1: output/docking/pga_7_1VPF/pga_7_1VPF_complex_pose_1.pdbqt
	- Saved pose 2: output/docking/pga_7_1VPF/pga_7_1VPF_pose_2.pdbqt
	- Saved complex 2: output/docking/pga_7_1VPF/pga_7_1VPF_complex_pose_2.pdbqt
	- Saved pose 3: output/docking/pga_7_1VPF/pga_7_1VPF_pose_3.pdbqt
	- Saved complex 3: output/docking/pga_7_1VPF/pga_7_1VPF_complex_pose_3.pdbqt
	- Saved pose 4: output/docking/pga_7_1VPF/pga_7_1VPF_pose_4.pdbqt
	- Saved complex 4: output/docking/pga_7_1VPF/pga_7_1VPF_complex_pose_4.pdbqt
	- Saved pose 5: output/docking/pga_7_1VPF/pga_7_1VPF_pose_5.pdbqt
	- Saved complex 5: output/docking/pga_7_1VPF/pga_7_1VPF_complex_pose_5.pdbqt
	- Saved pose 6: output/docking/pga_7_1VPF/pga_7_1VPF_pose_6.pdbqt
	- Saved complex 6: output/docking/pga_7_1VPF/pga_7_1VPF_complex_pose_6.pdbqt
	- Saved pose 7: output/docking/pga_7_1VPF/pga_7_1VPF_pose_7.pdbqt
	- Saved complex 7: output/docking/pga_7_1VPF/pga_7_1VPF_complex_pose_7.pdbqt
	- Saved pose 8: output/docking/pga_7_1VPF/pga_7_1VPF_pose_8.pdbqt
	- Saved complex 8: output/docking/pga_7_1VPF/pga_7_1VPF_complex_pose_8.pdbqt

  Created zip file: output/docking/pga_7_1VPF/pga_7_1VPF_all_poses.zip
	- Summary table saved: output/docking/pga_7_1VPF/pga_7_1VPF_summary.csv

  Docking results saved
	- Output directory: output/docking/pga_7_1VPF
	- Log file: output/docking/pga_7_1VPF/pga_7_1VPF_docking.log
