
Aligning ligand to receptor center...
  Ligand centered to receptor at [-0.32, -11.99, -22.65]
	- Grid box size: [53.5, 73.5, 47.8]

Setting up docking grid...
	- Grid setup successful

Performing blind docking with exhaustiveness=32...
	- Docking time: 1.47 seconds

  Docking completed. Retrieved 8 poses:
	- Pose 1: Affinity = -4.05 kcal/mol, RMSD_LB = 0.00, RMSD_UB = 0.00
	- Pose 2: Affinity = -4.00 kcal/mol, RMSD_LB = 23.15, RMSD_UB = 24.16
	- Pose 3: Affinity = -3.94 kcal/mol, RMSD_LB = 39.52, RMSD_UB = 40.67
	- Pose 4: Affinity = -3.91 kcal/mol, RMSD_LB = 46.21, RMSD_UB = 46.86
	- Pose 5: Affinity = -3.90 kcal/mol, RMSD_LB = 26.43, RMSD_UB = 27.73
	- Pose 6: Affinity = -3.84 kcal/mol, RMSD_LB = 22.93, RMSD_UB = 23.65
	- Pose 7: Affinity = -3.82 kcal/mol, RMSD_LB = 46.30, RMSD_UB = 47.15
	- Pose 8: Affinity = -3.81 kcal/mol, RMSD_LB = 39.78, RMSD_UB = 41.11

  Saving poses: [1, 2, 3, 4, 5, 6, 7, 8]
	- Saved pose 1: output/docking/phb_1_2Z80/phb_1_2Z80_pose_1.pdbqt
	- Saved complex 1: output/docking/phb_1_2Z80/phb_1_2Z80_complex_pose_1.pdbqt
	- Saved pose 2: output/docking/phb_1_2Z80/phb_1_2Z80_pose_2.pdbqt
	- Saved complex 2: output/docking/phb_1_2Z80/phb_1_2Z80_complex_pose_2.pdbqt
	- Saved pose 3: output/docking/phb_1_2Z80/phb_1_2Z80_pose_3.pdbqt
	- Saved complex 3: output/docking/phb_1_2Z80/phb_1_2Z80_complex_pose_3.pdbqt
	- Saved pose 4: output/docking/phb_1_2Z80/phb_1_2Z80_pose_4.pdbqt
	- Saved complex 4: output/docking/phb_1_2Z80/phb_1_2Z80_complex_pose_4.pdbqt
	- Saved pose 5: output/docking/phb_1_2Z80/phb_1_2Z80_pose_5.pdbqt
	- Saved complex 5: output/docking/phb_1_2Z80/phb_1_2Z80_complex_pose_5.pdbqt
	- Saved pose 6: output/docking/phb_1_2Z80/phb_1_2Z80_pose_6.pdbqt
	- Saved complex 6: output/docking/phb_1_2Z80/phb_1_2Z80_complex_pose_6.pdbqt
	- Saved pose 7: output/docking/phb_1_2Z80/phb_1_2Z80_pose_7.pdbqt
	- Saved complex 7: output/docking/phb_1_2Z80/phb_1_2Z80_complex_pose_7.pdbqt
	- Saved pose 8: output/docking/phb_1_2Z80/phb_1_2Z80_pose_8.pdbqt
	- Saved complex 8: output/docking/phb_1_2Z80/phb_1_2Z80_complex_pose_8.pdbqt

  Created zip file: output/docking/phb_1_2Z80/phb_1_2Z80_all_poses.zip
	- Summary table saved: output/docking/phb_1_2Z80/phb_1_2Z80_summary.csv

  Docking results saved
	- Output directory: output/docking/phb_1_2Z80
	- Log file: output/docking/phb_1_2Z80/phb_1_2Z80_docking.log
