
Aligning ligand to receptor center...
  Ligand centered to receptor at [-14.85, 32.58, 10.13]
	- Grid box size: [32.6, 57.0, 41.0]

Setting up docking grid...
	- Grid setup successful

Performing blind docking with exhaustiveness=32...
	- Docking time: 28.91 seconds

  Docking completed. Retrieved 8 poses:
	- Pose 1: Affinity = -4.53 kcal/mol, RMSD_LB = 0.00, RMSD_UB = 0.00
	- Pose 2: Affinity = -4.50 kcal/mol, RMSD_LB = 11.08, RMSD_UB = 14.35
	- Pose 3: Affinity = -4.47 kcal/mol, RMSD_LB = 11.23, RMSD_UB = 14.69
	- Pose 4: Affinity = -4.46 kcal/mol, RMSD_LB = 5.77, RMSD_UB = 10.22
	- Pose 5: Affinity = -4.42 kcal/mol, RMSD_LB = 12.67, RMSD_UB = 15.60
	- Pose 6: Affinity = -4.41 kcal/mol, RMSD_LB = 13.07, RMSD_UB = 14.98
	- Pose 7: Affinity = -4.37 kcal/mol, RMSD_LB = 10.68, RMSD_UB = 14.78
	- Pose 8: Affinity = -4.36 kcal/mol, RMSD_LB = 2.24, RMSD_UB = 4.41

  Saving poses: [1, 2, 3, 4, 5, 6, 7, 8]
	- Saved pose 1: output/docking/pga_6_1TGJ/pga_6_1TGJ_pose_1.pdbqt
	- Saved complex 1: output/docking/pga_6_1TGJ/pga_6_1TGJ_complex_pose_1.pdbqt
	- Saved pose 2: output/docking/pga_6_1TGJ/pga_6_1TGJ_pose_2.pdbqt
	- Saved complex 2: output/docking/pga_6_1TGJ/pga_6_1TGJ_complex_pose_2.pdbqt
	- Saved pose 3: output/docking/pga_6_1TGJ/pga_6_1TGJ_pose_3.pdbqt
	- Saved complex 3: output/docking/pga_6_1TGJ/pga_6_1TGJ_complex_pose_3.pdbqt
	- Saved pose 4: output/docking/pga_6_1TGJ/pga_6_1TGJ_pose_4.pdbqt
	- Saved complex 4: output/docking/pga_6_1TGJ/pga_6_1TGJ_complex_pose_4.pdbqt
	- Saved pose 5: output/docking/pga_6_1TGJ/pga_6_1TGJ_pose_5.pdbqt
	- Saved complex 5: output/docking/pga_6_1TGJ/pga_6_1TGJ_complex_pose_5.pdbqt
	- Saved pose 6: output/docking/pga_6_1TGJ/pga_6_1TGJ_pose_6.pdbqt
	- Saved complex 6: output/docking/pga_6_1TGJ/pga_6_1TGJ_complex_pose_6.pdbqt
	- Saved pose 7: output/docking/pga_6_1TGJ/pga_6_1TGJ_pose_7.pdbqt
	- Saved complex 7: output/docking/pga_6_1TGJ/pga_6_1TGJ_complex_pose_7.pdbqt
	- Saved pose 8: output/docking/pga_6_1TGJ/pga_6_1TGJ_pose_8.pdbqt
	- Saved complex 8: output/docking/pga_6_1TGJ/pga_6_1TGJ_complex_pose_8.pdbqt

  Created zip file: output/docking/pga_6_1TGJ/pga_6_1TGJ_all_poses.zip
	- Summary table saved: output/docking/pga_6_1TGJ/pga_6_1TGJ_summary.csv

  Docking results saved
	- Output directory: output/docking/pga_6_1TGJ
	- Log file: output/docking/pga_6_1TGJ/pga_6_1TGJ_docking.log
