
Aligning ligand to receptor center...
  Ligand centered to receptor at [-3.59, 61.5, 22.72]
	- Grid box size: [27.9, 41.5, 49.5]

Setting up docking grid...
	- Grid setup successful

Performing blind docking with exhaustiveness=32...
	- Docking time: 1334.27 seconds

  Docking completed. Retrieved 8 poses:
	- Pose 1: Affinity = -5.73 kcal/mol, RMSD_LB = 0.00, RMSD_UB = 0.00
	- Pose 2: Affinity = -5.34 kcal/mol, RMSD_LB = 4.00, RMSD_UB = 16.43
	- Pose 3: Affinity = -5.28 kcal/mol, RMSD_LB = 6.59, RMSD_UB = 12.80
	- Pose 4: Affinity = -5.22 kcal/mol, RMSD_LB = 4.47, RMSD_UB = 9.62
	- Pose 5: Affinity = -5.21 kcal/mol, RMSD_LB = 2.23, RMSD_UB = 14.10
	- Pose 6: Affinity = -5.20 kcal/mol, RMSD_LB = 3.83, RMSD_UB = 15.85
	- Pose 7: Affinity = -5.16 kcal/mol, RMSD_LB = 4.17, RMSD_UB = 8.70
	- Pose 8: Affinity = -5.16 kcal/mol, RMSD_LB = 3.92, RMSD_UB = 13.87

  Saving poses: [1, 2, 3, 4, 5, 6, 7, 8]
	- Saved pose 1: output/docking/phb_12_1CSG/phb_12_1CSG_pose_1.pdbqt
	- Saved complex 1: output/docking/phb_12_1CSG/phb_12_1CSG_complex_pose_1.pdbqt
	- Saved pose 2: output/docking/phb_12_1CSG/phb_12_1CSG_pose_2.pdbqt
	- Saved complex 2: output/docking/phb_12_1CSG/phb_12_1CSG_complex_pose_2.pdbqt
	- Saved pose 3: output/docking/phb_12_1CSG/phb_12_1CSG_pose_3.pdbqt
	- Saved complex 3: output/docking/phb_12_1CSG/phb_12_1CSG_complex_pose_3.pdbqt
	- Saved pose 4: output/docking/phb_12_1CSG/phb_12_1CSG_pose_4.pdbqt
	- Saved complex 4: output/docking/phb_12_1CSG/phb_12_1CSG_complex_pose_4.pdbqt
	- Saved pose 5: output/docking/phb_12_1CSG/phb_12_1CSG_pose_5.pdbqt
	- Saved complex 5: output/docking/phb_12_1CSG/phb_12_1CSG_complex_pose_5.pdbqt
	- Saved pose 6: output/docking/phb_12_1CSG/phb_12_1CSG_pose_6.pdbqt
	- Saved complex 6: output/docking/phb_12_1CSG/phb_12_1CSG_complex_pose_6.pdbqt
	- Saved pose 7: output/docking/phb_12_1CSG/phb_12_1CSG_pose_7.pdbqt
	- Saved complex 7: output/docking/phb_12_1CSG/phb_12_1CSG_complex_pose_7.pdbqt
	- Saved pose 8: output/docking/phb_12_1CSG/phb_12_1CSG_pose_8.pdbqt
	- Saved complex 8: output/docking/phb_12_1CSG/phb_12_1CSG_complex_pose_8.pdbqt

  Created zip file: output/docking/phb_12_1CSG/phb_12_1CSG_all_poses.zip
	- Summary table saved: output/docking/phb_12_1CSG/phb_12_1CSG_summary.csv

  Docking results saved
	- Output directory: output/docking/phb_12_1CSG
	- Log file: output/docking/phb_12_1CSG/phb_12_1CSG_docking.log
