
Aligning ligand to receptor center...
  Ligand centered to receptor at [23.58, -33.16, 3.11]
	- Grid box size: [83.5, 55.5, 138.8]

Setting up docking grid...
	- Grid setup successful

Performing blind docking with exhaustiveness=32...
	- Docking time: 64.97 seconds

  Docking completed. Retrieved 8 poses:
	- Pose 1: Affinity = -3.80 kcal/mol, RMSD_LB = 0.00, RMSD_UB = 0.00
	- Pose 2: Affinity = -3.66 kcal/mol, RMSD_LB = 23.09, RMSD_UB = 27.44
	- Pose 3: Affinity = -3.55 kcal/mol, RMSD_LB = 10.69, RMSD_UB = 15.73
	- Pose 4: Affinity = -3.52 kcal/mol, RMSD_LB = 17.72, RMSD_UB = 22.07
	- Pose 5: Affinity = -3.52 kcal/mol, RMSD_LB = 32.21, RMSD_UB = 36.38
	- Pose 6: Affinity = -3.46 kcal/mol, RMSD_LB = 10.40, RMSD_UB = 15.44
	- Pose 7: Affinity = -3.46 kcal/mol, RMSD_LB = 18.50, RMSD_UB = 22.27
	- Pose 8: Affinity = -3.46 kcal/mol, RMSD_LB = 41.09, RMSD_UB = 45.68

  Saving poses: [1, 2, 3, 4, 5, 6, 7, 8]
	- Saved pose 1: output/docking/pga_8_6EC0/pga_8_6EC0_pose_1.pdbqt
	- Saved complex 1: output/docking/pga_8_6EC0/pga_8_6EC0_complex_pose_1.pdbqt
	- Saved pose 2: output/docking/pga_8_6EC0/pga_8_6EC0_pose_2.pdbqt
	- Saved complex 2: output/docking/pga_8_6EC0/pga_8_6EC0_complex_pose_2.pdbqt
	- Saved pose 3: output/docking/pga_8_6EC0/pga_8_6EC0_pose_3.pdbqt
	- Saved complex 3: output/docking/pga_8_6EC0/pga_8_6EC0_complex_pose_3.pdbqt
	- Saved pose 4: output/docking/pga_8_6EC0/pga_8_6EC0_pose_4.pdbqt
	- Saved complex 4: output/docking/pga_8_6EC0/pga_8_6EC0_complex_pose_4.pdbqt
	- Saved pose 5: output/docking/pga_8_6EC0/pga_8_6EC0_pose_5.pdbqt
	- Saved complex 5: output/docking/pga_8_6EC0/pga_8_6EC0_complex_pose_5.pdbqt
	- Saved pose 6: output/docking/pga_8_6EC0/pga_8_6EC0_pose_6.pdbqt
	- Saved complex 6: output/docking/pga_8_6EC0/pga_8_6EC0_complex_pose_6.pdbqt
	- Saved pose 7: output/docking/pga_8_6EC0/pga_8_6EC0_pose_7.pdbqt
	- Saved complex 7: output/docking/pga_8_6EC0/pga_8_6EC0_complex_pose_7.pdbqt
	- Saved pose 8: output/docking/pga_8_6EC0/pga_8_6EC0_pose_8.pdbqt
	- Saved complex 8: output/docking/pga_8_6EC0/pga_8_6EC0_complex_pose_8.pdbqt

  Created zip file: output/docking/pga_8_6EC0/pga_8_6EC0_all_poses.zip
	- Summary table saved: output/docking/pga_8_6EC0/pga_8_6EC0_summary.csv

  Docking results saved
	- Output directory: output/docking/pga_8_6EC0
	- Log file: output/docking/pga_8_6EC0/pga_8_6EC0_docking.log
