
Aligning ligand to receptor center...
  Ligand centered to receptor at [-3.59, 61.5, 22.72]
	- Grid box size: [27.9, 41.5, 49.5]

Setting up docking grid...
	- Grid setup successful

Performing blind docking with exhaustiveness=32...
	- Docking time: 49.12 seconds

  Docking completed. Retrieved 8 poses:
	- Pose 1: Affinity = -4.43 kcal/mol, RMSD_LB = 0.00, RMSD_UB = 0.00
	- Pose 2: Affinity = -4.39 kcal/mol, RMSD_LB = 1.56, RMSD_UB = 3.51
	- Pose 3: Affinity = -4.39 kcal/mol, RMSD_LB = 2.36, RMSD_UB = 5.32
	- Pose 4: Affinity = -4.38 kcal/mol, RMSD_LB = 1.63, RMSD_UB = 7.14
	- Pose 5: Affinity = -4.35 kcal/mol, RMSD_LB = 1.86, RMSD_UB = 7.56
	- Pose 6: Affinity = -4.33 kcal/mol, RMSD_LB = 2.00, RMSD_UB = 4.00
	- Pose 7: Affinity = -4.29 kcal/mol, RMSD_LB = 1.51, RMSD_UB = 7.63
	- Pose 8: Affinity = -4.26 kcal/mol, RMSD_LB = 2.09, RMSD_UB = 7.49

  Saving poses: [1, 2, 3, 4, 5, 6, 7, 8]
	- Saved pose 1: output/docking/pga_7_1CSG/pga_7_1CSG_pose_1.pdbqt
	- Saved complex 1: output/docking/pga_7_1CSG/pga_7_1CSG_complex_pose_1.pdbqt
	- Saved pose 2: output/docking/pga_7_1CSG/pga_7_1CSG_pose_2.pdbqt
	- Saved complex 2: output/docking/pga_7_1CSG/pga_7_1CSG_complex_pose_2.pdbqt
	- Saved pose 3: output/docking/pga_7_1CSG/pga_7_1CSG_pose_3.pdbqt
	- Saved complex 3: output/docking/pga_7_1CSG/pga_7_1CSG_complex_pose_3.pdbqt
	- Saved pose 4: output/docking/pga_7_1CSG/pga_7_1CSG_pose_4.pdbqt
	- Saved complex 4: output/docking/pga_7_1CSG/pga_7_1CSG_complex_pose_4.pdbqt
	- Saved pose 5: output/docking/pga_7_1CSG/pga_7_1CSG_pose_5.pdbqt
	- Saved complex 5: output/docking/pga_7_1CSG/pga_7_1CSG_complex_pose_5.pdbqt
	- Saved pose 6: output/docking/pga_7_1CSG/pga_7_1CSG_pose_6.pdbqt
	- Saved complex 6: output/docking/pga_7_1CSG/pga_7_1CSG_complex_pose_6.pdbqt
	- Saved pose 7: output/docking/pga_7_1CSG/pga_7_1CSG_pose_7.pdbqt
	- Saved complex 7: output/docking/pga_7_1CSG/pga_7_1CSG_complex_pose_7.pdbqt
	- Saved pose 8: output/docking/pga_7_1CSG/pga_7_1CSG_pose_8.pdbqt
	- Saved complex 8: output/docking/pga_7_1CSG/pga_7_1CSG_complex_pose_8.pdbqt

  Created zip file: output/docking/pga_7_1CSG/pga_7_1CSG_all_poses.zip
	- Summary table saved: output/docking/pga_7_1CSG/pga_7_1CSG_summary.csv

  Docking results saved
	- Output directory: output/docking/pga_7_1CSG
	- Log file: output/docking/pga_7_1CSG/pga_7_1CSG_docking.log
