
Aligning ligand to receptor center...
  Ligand centered to receptor at [23.58, -33.16, 3.11]
	- Grid box size: [83.5, 55.5, 138.8]

Setting up docking grid...
	- Grid setup successful

Performing blind docking with exhaustiveness=32...
	- Docking time: 504.99 seconds

  Docking completed. Retrieved 8 poses:
	- Pose 1: Affinity = -4.53 kcal/mol, RMSD_LB = 0.00, RMSD_UB = 0.00
	- Pose 2: Affinity = -4.47 kcal/mol, RMSD_LB = 2.56, RMSD_UB = 4.03
	- Pose 3: Affinity = -4.46 kcal/mol, RMSD_LB = 6.35, RMSD_UB = 10.81
	- Pose 4: Affinity = -4.36 kcal/mol, RMSD_LB = 5.93, RMSD_UB = 14.72
	- Pose 5: Affinity = -4.33 kcal/mol, RMSD_LB = 28.73, RMSD_UB = 41.27
	- Pose 6: Affinity = -4.31 kcal/mol, RMSD_LB = 2.82, RMSD_UB = 15.36
	- Pose 7: Affinity = -4.23 kcal/mol, RMSD_LB = 2.44, RMSD_UB = 15.54
	- Pose 8: Affinity = -4.21 kcal/mol, RMSD_LB = 5.92, RMSD_UB = 18.96

  Saving poses: [1, 2, 3, 4, 5, 6, 7, 8]
	- Saved pose 1: output/docking/phb_10_6EC0/phb_10_6EC0_pose_1.pdbqt
	- Saved complex 1: output/docking/phb_10_6EC0/phb_10_6EC0_complex_pose_1.pdbqt
	- Saved pose 2: output/docking/phb_10_6EC0/phb_10_6EC0_pose_2.pdbqt
	- Saved complex 2: output/docking/phb_10_6EC0/phb_10_6EC0_complex_pose_2.pdbqt
	- Saved pose 3: output/docking/phb_10_6EC0/phb_10_6EC0_pose_3.pdbqt
	- Saved complex 3: output/docking/phb_10_6EC0/phb_10_6EC0_complex_pose_3.pdbqt
	- Saved pose 4: output/docking/phb_10_6EC0/phb_10_6EC0_pose_4.pdbqt
	- Saved complex 4: output/docking/phb_10_6EC0/phb_10_6EC0_complex_pose_4.pdbqt
	- Saved pose 5: output/docking/phb_10_6EC0/phb_10_6EC0_pose_5.pdbqt
	- Saved complex 5: output/docking/phb_10_6EC0/phb_10_6EC0_complex_pose_5.pdbqt
	- Saved pose 6: output/docking/phb_10_6EC0/phb_10_6EC0_pose_6.pdbqt
	- Saved complex 6: output/docking/phb_10_6EC0/phb_10_6EC0_complex_pose_6.pdbqt
	- Saved pose 7: output/docking/phb_10_6EC0/phb_10_6EC0_pose_7.pdbqt
	- Saved complex 7: output/docking/phb_10_6EC0/phb_10_6EC0_complex_pose_7.pdbqt
	- Saved pose 8: output/docking/phb_10_6EC0/phb_10_6EC0_pose_8.pdbqt
	- Saved complex 8: output/docking/phb_10_6EC0/phb_10_6EC0_complex_pose_8.pdbqt

  Created zip file: output/docking/phb_10_6EC0/phb_10_6EC0_all_poses.zip
	- Summary table saved: output/docking/phb_10_6EC0/phb_10_6EC0_summary.csv

  Docking results saved
	- Output directory: output/docking/phb_10_6EC0
	- Log file: output/docking/phb_10_6EC0/phb_10_6EC0_docking.log
