
Aligning ligand to receptor center...
  Ligand centered to receptor at [14.07, -35.89, 43.68]
	- Grid box size: [34.6, 37.5, 35.6]

Setting up docking grid...
	- Grid setup successful

Performing blind docking with exhaustiveness=32...
	- Docking time: 302.99 seconds

  Docking completed. Retrieved 8 poses:
	- Pose 1: Affinity = -6.89 kcal/mol, RMSD_LB = 0.00, RMSD_UB = 0.00
	- Pose 2: Affinity = -6.57 kcal/mol, RMSD_LB = 2.71, RMSD_UB = 4.95
	- Pose 3: Affinity = -6.47 kcal/mol, RMSD_LB = 1.81, RMSD_UB = 3.33
	- Pose 4: Affinity = -6.45 kcal/mol, RMSD_LB = 1.67, RMSD_UB = 4.45
	- Pose 5: Affinity = -6.43 kcal/mol, RMSD_LB = 3.89, RMSD_UB = 11.46
	- Pose 6: Affinity = -6.42 kcal/mol, RMSD_LB = 2.44, RMSD_UB = 6.85
	- Pose 7: Affinity = -6.36 kcal/mol, RMSD_LB = 2.54, RMSD_UB = 10.12
	- Pose 8: Affinity = -6.33 kcal/mol, RMSD_LB = 3.05, RMSD_UB = 6.86

  Saving poses: [1, 2, 3, 4, 5, 6, 7, 8]
	- Saved pose 1: output/docking/phb_8_1RG8/phb_8_1RG8_pose_1.pdbqt
	- Saved complex 1: output/docking/phb_8_1RG8/phb_8_1RG8_complex_pose_1.pdbqt
	- Saved pose 2: output/docking/phb_8_1RG8/phb_8_1RG8_pose_2.pdbqt
	- Saved complex 2: output/docking/phb_8_1RG8/phb_8_1RG8_complex_pose_2.pdbqt
	- Saved pose 3: output/docking/phb_8_1RG8/phb_8_1RG8_pose_3.pdbqt
	- Saved complex 3: output/docking/phb_8_1RG8/phb_8_1RG8_complex_pose_3.pdbqt
	- Saved pose 4: output/docking/phb_8_1RG8/phb_8_1RG8_pose_4.pdbqt
	- Saved complex 4: output/docking/phb_8_1RG8/phb_8_1RG8_complex_pose_4.pdbqt
	- Saved pose 5: output/docking/phb_8_1RG8/phb_8_1RG8_pose_5.pdbqt
	- Saved complex 5: output/docking/phb_8_1RG8/phb_8_1RG8_complex_pose_5.pdbqt
	- Saved pose 6: output/docking/phb_8_1RG8/phb_8_1RG8_pose_6.pdbqt
	- Saved complex 6: output/docking/phb_8_1RG8/phb_8_1RG8_complex_pose_6.pdbqt
	- Saved pose 7: output/docking/phb_8_1RG8/phb_8_1RG8_pose_7.pdbqt
	- Saved complex 7: output/docking/phb_8_1RG8/phb_8_1RG8_complex_pose_7.pdbqt
	- Saved pose 8: output/docking/phb_8_1RG8/phb_8_1RG8_pose_8.pdbqt
	- Saved complex 8: output/docking/phb_8_1RG8/phb_8_1RG8_complex_pose_8.pdbqt

  Created zip file: output/docking/phb_8_1RG8/phb_8_1RG8_all_poses.zip
	- Summary table saved: output/docking/phb_8_1RG8/phb_8_1RG8_summary.csv

  Docking results saved
	- Output directory: output/docking/phb_8_1RG8
	- Log file: output/docking/phb_8_1RG8/phb_8_1RG8_docking.log
