
Aligning ligand to receptor center...
  Ligand centered to receptor at [19.34, 6.33, 1.06]
	- Grid box size: [53.6, 30.0, 42.9]

Setting up docking grid...
	- Grid setup successful

Performing blind docking with exhaustiveness=32...
	- Docking time: 1026.26 seconds

  Docking completed. Retrieved 8 poses:
	- Pose 1: Affinity = -4.57 kcal/mol, RMSD_LB = 0.00, RMSD_UB = 0.00
	- Pose 2: Affinity = -4.49 kcal/mol, RMSD_LB = 5.51, RMSD_UB = 14.09
	- Pose 3: Affinity = -4.44 kcal/mol, RMSD_LB = 3.71, RMSD_UB = 9.74
	- Pose 4: Affinity = -4.42 kcal/mol, RMSD_LB = 3.85, RMSD_UB = 9.56
	- Pose 5: Affinity = -4.42 kcal/mol, RMSD_LB = 13.07, RMSD_UB = 19.51
	- Pose 6: Affinity = -4.34 kcal/mol, RMSD_LB = 2.22, RMSD_UB = 4.64
	- Pose 7: Affinity = -4.32 kcal/mol, RMSD_LB = 2.10, RMSD_UB = 6.38
	- Pose 8: Affinity = -4.28 kcal/mol, RMSD_LB = 5.16, RMSD_UB = 13.24

  Saving poses: [1, 2, 3, 4, 5, 6, 7, 8]
	- Saved pose 1: output/docking/phb_12_1VPF/phb_12_1VPF_pose_1.pdbqt
	- Saved complex 1: output/docking/phb_12_1VPF/phb_12_1VPF_complex_pose_1.pdbqt
	- Saved pose 2: output/docking/phb_12_1VPF/phb_12_1VPF_pose_2.pdbqt
	- Saved complex 2: output/docking/phb_12_1VPF/phb_12_1VPF_complex_pose_2.pdbqt
	- Saved pose 3: output/docking/phb_12_1VPF/phb_12_1VPF_pose_3.pdbqt
	- Saved complex 3: output/docking/phb_12_1VPF/phb_12_1VPF_complex_pose_3.pdbqt
	- Saved pose 4: output/docking/phb_12_1VPF/phb_12_1VPF_pose_4.pdbqt
	- Saved complex 4: output/docking/phb_12_1VPF/phb_12_1VPF_complex_pose_4.pdbqt
	- Saved pose 5: output/docking/phb_12_1VPF/phb_12_1VPF_pose_5.pdbqt
	- Saved complex 5: output/docking/phb_12_1VPF/phb_12_1VPF_complex_pose_5.pdbqt
	- Saved pose 6: output/docking/phb_12_1VPF/phb_12_1VPF_pose_6.pdbqt
	- Saved complex 6: output/docking/phb_12_1VPF/phb_12_1VPF_complex_pose_6.pdbqt
	- Saved pose 7: output/docking/phb_12_1VPF/phb_12_1VPF_pose_7.pdbqt
	- Saved complex 7: output/docking/phb_12_1VPF/phb_12_1VPF_complex_pose_7.pdbqt
	- Saved pose 8: output/docking/phb_12_1VPF/phb_12_1VPF_pose_8.pdbqt
	- Saved complex 8: output/docking/phb_12_1VPF/phb_12_1VPF_complex_pose_8.pdbqt

  Created zip file: output/docking/phb_12_1VPF/phb_12_1VPF_all_poses.zip
	- Summary table saved: output/docking/phb_12_1VPF/phb_12_1VPF_summary.csv

  Docking results saved
	- Output directory: output/docking/phb_12_1VPF
	- Log file: output/docking/phb_12_1VPF/phb_12_1VPF_docking.log
