
Aligning ligand to receptor center...
  Ligand centered to receptor at [-3.59, 61.5, 22.72]
	- Grid box size: [27.9, 41.5, 49.5]

Setting up docking grid...
	- Grid setup successful

Performing blind docking with exhaustiveness=32...
	- Docking time: 9.94 seconds

  Docking completed. Retrieved 8 poses:
	- Pose 1: Affinity = -4.74 kcal/mol, RMSD_LB = 0.00, RMSD_UB = 0.00
	- Pose 2: Affinity = -4.73 kcal/mol, RMSD_LB = 1.80, RMSD_UB = 2.97
	- Pose 3: Affinity = -4.54 kcal/mol, RMSD_LB = 1.39, RMSD_UB = 2.31
	- Pose 4: Affinity = -4.53 kcal/mol, RMSD_LB = 1.51, RMSD_UB = 6.64
	- Pose 5: Affinity = -4.51 kcal/mol, RMSD_LB = 1.61, RMSD_UB = 6.57
	- Pose 6: Affinity = -4.48 kcal/mol, RMSD_LB = 2.08, RMSD_UB = 6.16
	- Pose 7: Affinity = -4.41 kcal/mol, RMSD_LB = 1.48, RMSD_UB = 2.71
	- Pose 8: Affinity = -4.39 kcal/mol, RMSD_LB = 1.33, RMSD_UB = 6.02

  Saving poses: [1, 2, 3, 4, 5, 6, 7, 8]
	- Saved pose 1: output/docking/pga_4_1CSG/pga_4_1CSG_pose_1.pdbqt
	- Saved complex 1: output/docking/pga_4_1CSG/pga_4_1CSG_complex_pose_1.pdbqt
	- Saved pose 2: output/docking/pga_4_1CSG/pga_4_1CSG_pose_2.pdbqt
	- Saved complex 2: output/docking/pga_4_1CSG/pga_4_1CSG_complex_pose_2.pdbqt
	- Saved pose 3: output/docking/pga_4_1CSG/pga_4_1CSG_pose_3.pdbqt
	- Saved complex 3: output/docking/pga_4_1CSG/pga_4_1CSG_complex_pose_3.pdbqt
	- Saved pose 4: output/docking/pga_4_1CSG/pga_4_1CSG_pose_4.pdbqt
	- Saved complex 4: output/docking/pga_4_1CSG/pga_4_1CSG_complex_pose_4.pdbqt
	- Saved pose 5: output/docking/pga_4_1CSG/pga_4_1CSG_pose_5.pdbqt
	- Saved complex 5: output/docking/pga_4_1CSG/pga_4_1CSG_complex_pose_5.pdbqt
	- Saved pose 6: output/docking/pga_4_1CSG/pga_4_1CSG_pose_6.pdbqt
	- Saved complex 6: output/docking/pga_4_1CSG/pga_4_1CSG_complex_pose_6.pdbqt
	- Saved pose 7: output/docking/pga_4_1CSG/pga_4_1CSG_pose_7.pdbqt
	- Saved complex 7: output/docking/pga_4_1CSG/pga_4_1CSG_complex_pose_7.pdbqt
	- Saved pose 8: output/docking/pga_4_1CSG/pga_4_1CSG_pose_8.pdbqt
	- Saved complex 8: output/docking/pga_4_1CSG/pga_4_1CSG_complex_pose_8.pdbqt

  Created zip file: output/docking/pga_4_1CSG/pga_4_1CSG_all_poses.zip
	- Summary table saved: output/docking/pga_4_1CSG/pga_4_1CSG_summary.csv

  Docking results saved
	- Output directory: output/docking/pga_4_1CSG
	- Log file: output/docking/pga_4_1CSG/pga_4_1CSG_docking.log
