
Aligning ligand to receptor center...
  Ligand centered to receptor at [23.58, -33.16, 3.11]
	- Grid box size: [83.5, 55.5, 138.8]

Setting up docking grid...
	- Grid setup successful

Performing blind docking with exhaustiveness=32...
	- Docking time: 4.38 seconds

  Docking completed. Retrieved 8 poses:
	- Pose 1: Affinity = -3.47 kcal/mol, RMSD_LB = 0.00, RMSD_UB = 0.00
	- Pose 2: Affinity = -3.40 kcal/mol, RMSD_LB = 62.35, RMSD_UB = 65.04
	- Pose 3: Affinity = -3.40 kcal/mol, RMSD_LB = 52.68, RMSD_UB = 54.64
	- Pose 4: Affinity = -3.27 kcal/mol, RMSD_LB = 71.23, RMSD_UB = 73.83
	- Pose 5: Affinity = -3.27 kcal/mol, RMSD_LB = 47.62, RMSD_UB = 50.61
	- Pose 6: Affinity = -3.26 kcal/mol, RMSD_LB = 70.49, RMSD_UB = 73.52
	- Pose 7: Affinity = -3.21 kcal/mol, RMSD_LB = 10.02, RMSD_UB = 12.34
	- Pose 8: Affinity = -3.17 kcal/mol, RMSD_LB = 22.92, RMSD_UB = 25.28

  Saving poses: [1, 2, 3, 4, 5, 6, 7, 8]
	- Saved pose 1: output/docking/pga_3_6EC0/pga_3_6EC0_pose_1.pdbqt
	- Saved complex 1: output/docking/pga_3_6EC0/pga_3_6EC0_complex_pose_1.pdbqt
	- Saved pose 2: output/docking/pga_3_6EC0/pga_3_6EC0_pose_2.pdbqt
	- Saved complex 2: output/docking/pga_3_6EC0/pga_3_6EC0_complex_pose_2.pdbqt
	- Saved pose 3: output/docking/pga_3_6EC0/pga_3_6EC0_pose_3.pdbqt
	- Saved complex 3: output/docking/pga_3_6EC0/pga_3_6EC0_complex_pose_3.pdbqt
	- Saved pose 4: output/docking/pga_3_6EC0/pga_3_6EC0_pose_4.pdbqt
	- Saved complex 4: output/docking/pga_3_6EC0/pga_3_6EC0_complex_pose_4.pdbqt
	- Saved pose 5: output/docking/pga_3_6EC0/pga_3_6EC0_pose_5.pdbqt
	- Saved complex 5: output/docking/pga_3_6EC0/pga_3_6EC0_complex_pose_5.pdbqt
	- Saved pose 6: output/docking/pga_3_6EC0/pga_3_6EC0_pose_6.pdbqt
	- Saved complex 6: output/docking/pga_3_6EC0/pga_3_6EC0_complex_pose_6.pdbqt
	- Saved pose 7: output/docking/pga_3_6EC0/pga_3_6EC0_pose_7.pdbqt
	- Saved complex 7: output/docking/pga_3_6EC0/pga_3_6EC0_complex_pose_7.pdbqt
	- Saved pose 8: output/docking/pga_3_6EC0/pga_3_6EC0_pose_8.pdbqt
	- Saved complex 8: output/docking/pga_3_6EC0/pga_3_6EC0_complex_pose_8.pdbqt

  Created zip file: output/docking/pga_3_6EC0/pga_3_6EC0_all_poses.zip
	- Summary table saved: output/docking/pga_3_6EC0/pga_3_6EC0_summary.csv

  Docking results saved
	- Output directory: output/docking/pga_3_6EC0
	- Log file: output/docking/pga_3_6EC0/pga_3_6EC0_docking.log
