
Aligning ligand to receptor center...
  Ligand centered to receptor at [-14.85, 32.58, 10.13]
	- Grid box size: [32.6, 57.0, 41.0]

Setting up docking grid...
	- Grid setup successful

Performing blind docking with exhaustiveness=32...
	- Docking time: 11.31 seconds

  Docking completed. Retrieved 8 poses:
	- Pose 1: Affinity = -4.80 kcal/mol, RMSD_LB = 0.00, RMSD_UB = 0.00
	- Pose 2: Affinity = -4.79 kcal/mol, RMSD_LB = 20.12, RMSD_UB = 22.50
	- Pose 3: Affinity = -4.74 kcal/mol, RMSD_LB = 13.66, RMSD_UB = 16.10
	- Pose 4: Affinity = -4.73 kcal/mol, RMSD_LB = 1.52, RMSD_UB = 6.52
	- Pose 5: Affinity = -4.58 kcal/mol, RMSD_LB = 14.35, RMSD_UB = 17.69
	- Pose 6: Affinity = -4.50 kcal/mol, RMSD_LB = 1.78, RMSD_UB = 2.60
	- Pose 7: Affinity = -4.48 kcal/mol, RMSD_LB = 1.54, RMSD_UB = 7.17
	- Pose 8: Affinity = -4.47 kcal/mol, RMSD_LB = 14.31, RMSD_UB = 17.63

  Saving poses: [1, 2, 3, 4, 5, 6, 7, 8]
	- Saved pose 1: output/docking/phb_3_1TGJ/phb_3_1TGJ_pose_1.pdbqt
	- Saved complex 1: output/docking/phb_3_1TGJ/phb_3_1TGJ_complex_pose_1.pdbqt
	- Saved pose 2: output/docking/phb_3_1TGJ/phb_3_1TGJ_pose_2.pdbqt
	- Saved complex 2: output/docking/phb_3_1TGJ/phb_3_1TGJ_complex_pose_2.pdbqt
	- Saved pose 3: output/docking/phb_3_1TGJ/phb_3_1TGJ_pose_3.pdbqt
	- Saved complex 3: output/docking/phb_3_1TGJ/phb_3_1TGJ_complex_pose_3.pdbqt
	- Saved pose 4: output/docking/phb_3_1TGJ/phb_3_1TGJ_pose_4.pdbqt
	- Saved complex 4: output/docking/phb_3_1TGJ/phb_3_1TGJ_complex_pose_4.pdbqt
	- Saved pose 5: output/docking/phb_3_1TGJ/phb_3_1TGJ_pose_5.pdbqt
	- Saved complex 5: output/docking/phb_3_1TGJ/phb_3_1TGJ_complex_pose_5.pdbqt
	- Saved pose 6: output/docking/phb_3_1TGJ/phb_3_1TGJ_pose_6.pdbqt
	- Saved complex 6: output/docking/phb_3_1TGJ/phb_3_1TGJ_complex_pose_6.pdbqt
	- Saved pose 7: output/docking/phb_3_1TGJ/phb_3_1TGJ_pose_7.pdbqt
	- Saved complex 7: output/docking/phb_3_1TGJ/phb_3_1TGJ_complex_pose_7.pdbqt
	- Saved pose 8: output/docking/phb_3_1TGJ/phb_3_1TGJ_pose_8.pdbqt
	- Saved complex 8: output/docking/phb_3_1TGJ/phb_3_1TGJ_complex_pose_8.pdbqt

  Created zip file: output/docking/phb_3_1TGJ/phb_3_1TGJ_all_poses.zip
	- Summary table saved: output/docking/phb_3_1TGJ/phb_3_1TGJ_summary.csv

  Docking results saved
	- Output directory: output/docking/phb_3_1TGJ
	- Log file: output/docking/phb_3_1TGJ/phb_3_1TGJ_docking.log
