
Aligning ligand to receptor center...
  Ligand centered to receptor at [-6.18, -5.49, -16.89]
	- Grid box size: [30.1, 43.5, 53.5]

Setting up docking grid...
	- Grid setup successful

Performing blind docking with exhaustiveness=32...
	- Docking time: 9.74 seconds

  Docking completed. Retrieved 8 poses:
	- Pose 1: Affinity = -4.06 kcal/mol, RMSD_LB = 0.00, RMSD_UB = 0.00
	- Pose 2: Affinity = -3.85 kcal/mol, RMSD_LB = 4.19, RMSD_UB = 7.69
	- Pose 3: Affinity = -3.80 kcal/mol, RMSD_LB = 3.96, RMSD_UB = 5.66
	- Pose 4: Affinity = -3.75 kcal/mol, RMSD_LB = 3.03, RMSD_UB = 4.79
	- Pose 5: Affinity = -3.69 kcal/mol, RMSD_LB = 2.22, RMSD_UB = 3.62
	- Pose 6: Affinity = -3.62 kcal/mol, RMSD_LB = 2.00, RMSD_UB = 5.86
	- Pose 7: Affinity = -3.58 kcal/mol, RMSD_LB = 1.44, RMSD_UB = 5.33
	- Pose 8: Affinity = -3.56 kcal/mol, RMSD_LB = 2.08, RMSD_UB = 3.19

  Saving poses: [1, 2, 3, 4, 5, 6, 7, 8]
	- Saved pose 1: output/docking/pga_4_4BSO/pga_4_4BSO_pose_1.pdbqt
	- Saved complex 1: output/docking/pga_4_4BSO/pga_4_4BSO_complex_pose_1.pdbqt
	- Saved pose 2: output/docking/pga_4_4BSO/pga_4_4BSO_pose_2.pdbqt
	- Saved complex 2: output/docking/pga_4_4BSO/pga_4_4BSO_complex_pose_2.pdbqt
	- Saved pose 3: output/docking/pga_4_4BSO/pga_4_4BSO_pose_3.pdbqt
	- Saved complex 3: output/docking/pga_4_4BSO/pga_4_4BSO_complex_pose_3.pdbqt
	- Saved pose 4: output/docking/pga_4_4BSO/pga_4_4BSO_pose_4.pdbqt
	- Saved complex 4: output/docking/pga_4_4BSO/pga_4_4BSO_complex_pose_4.pdbqt
	- Saved pose 5: output/docking/pga_4_4BSO/pga_4_4BSO_pose_5.pdbqt
	- Saved complex 5: output/docking/pga_4_4BSO/pga_4_4BSO_complex_pose_5.pdbqt
	- Saved pose 6: output/docking/pga_4_4BSO/pga_4_4BSO_pose_6.pdbqt
	- Saved complex 6: output/docking/pga_4_4BSO/pga_4_4BSO_complex_pose_6.pdbqt
	- Saved pose 7: output/docking/pga_4_4BSO/pga_4_4BSO_pose_7.pdbqt
	- Saved complex 7: output/docking/pga_4_4BSO/pga_4_4BSO_complex_pose_7.pdbqt
	- Saved pose 8: output/docking/pga_4_4BSO/pga_4_4BSO_pose_8.pdbqt
	- Saved complex 8: output/docking/pga_4_4BSO/pga_4_4BSO_complex_pose_8.pdbqt

  Created zip file: output/docking/pga_4_4BSO/pga_4_4BSO_all_poses.zip
	- Summary table saved: output/docking/pga_4_4BSO/pga_4_4BSO_summary.csv

  Docking results saved
	- Output directory: output/docking/pga_4_4BSO
	- Log file: output/docking/pga_4_4BSO/pga_4_4BSO_docking.log
