
Aligning ligand to receptor center...
  Ligand centered to receptor at [-6.18, -5.49, -16.89]
	- Grid box size: [30.1, 43.5, 53.5]

Setting up docking grid...
	- Grid setup successful

Performing blind docking with exhaustiveness=32...
	- Docking time: 33.60 seconds

  Docking completed. Retrieved 8 poses:
	- Pose 1: Affinity = -4.47 kcal/mol, RMSD_LB = 0.00, RMSD_UB = 0.00
	- Pose 2: Affinity = -4.46 kcal/mol, RMSD_LB = 2.00, RMSD_UB = 7.74
	- Pose 3: Affinity = -4.42 kcal/mol, RMSD_LB = 2.16, RMSD_UB = 4.20
	- Pose 4: Affinity = -4.38 kcal/mol, RMSD_LB = 1.99, RMSD_UB = 8.26
	- Pose 5: Affinity = -4.36 kcal/mol, RMSD_LB = 1.52, RMSD_UB = 7.58
	- Pose 6: Affinity = -4.27 kcal/mol, RMSD_LB = 2.01, RMSD_UB = 7.65
	- Pose 7: Affinity = -4.26 kcal/mol, RMSD_LB = 1.94, RMSD_UB = 8.14
	- Pose 8: Affinity = -4.25 kcal/mol, RMSD_LB = 1.83, RMSD_UB = 3.38

  Saving poses: [1, 2, 3, 4, 5, 6, 7, 8]
	- Saved pose 1: output/docking/pga_6_4BSO/pga_6_4BSO_pose_1.pdbqt
	- Saved complex 1: output/docking/pga_6_4BSO/pga_6_4BSO_complex_pose_1.pdbqt
	- Saved pose 2: output/docking/pga_6_4BSO/pga_6_4BSO_pose_2.pdbqt
	- Saved complex 2: output/docking/pga_6_4BSO/pga_6_4BSO_complex_pose_2.pdbqt
	- Saved pose 3: output/docking/pga_6_4BSO/pga_6_4BSO_pose_3.pdbqt
	- Saved complex 3: output/docking/pga_6_4BSO/pga_6_4BSO_complex_pose_3.pdbqt
	- Saved pose 4: output/docking/pga_6_4BSO/pga_6_4BSO_pose_4.pdbqt
	- Saved complex 4: output/docking/pga_6_4BSO/pga_6_4BSO_complex_pose_4.pdbqt
	- Saved pose 5: output/docking/pga_6_4BSO/pga_6_4BSO_pose_5.pdbqt
	- Saved complex 5: output/docking/pga_6_4BSO/pga_6_4BSO_complex_pose_5.pdbqt
	- Saved pose 6: output/docking/pga_6_4BSO/pga_6_4BSO_pose_6.pdbqt
	- Saved complex 6: output/docking/pga_6_4BSO/pga_6_4BSO_complex_pose_6.pdbqt
	- Saved pose 7: output/docking/pga_6_4BSO/pga_6_4BSO_pose_7.pdbqt
	- Saved complex 7: output/docking/pga_6_4BSO/pga_6_4BSO_complex_pose_7.pdbqt
	- Saved pose 8: output/docking/pga_6_4BSO/pga_6_4BSO_pose_8.pdbqt
	- Saved complex 8: output/docking/pga_6_4BSO/pga_6_4BSO_complex_pose_8.pdbqt

  Created zip file: output/docking/pga_6_4BSO/pga_6_4BSO_all_poses.zip
	- Summary table saved: output/docking/pga_6_4BSO/pga_6_4BSO_summary.csv

  Docking results saved
	- Output directory: output/docking/pga_6_4BSO
	- Log file: output/docking/pga_6_4BSO/pga_6_4BSO_docking.log
