
Aligning ligand to receptor center...
  Ligand centered to receptor at [23.58, -33.16, 3.11]
	- Grid box size: [83.5, 55.5, 138.8]

Setting up docking grid...
	- Grid setup successful

Performing blind docking with exhaustiveness=32...
	- Docking time: 14.39 seconds

  Docking completed. Retrieved 8 poses:
	- Pose 1: Affinity = -3.72 kcal/mol, RMSD_LB = 0.00, RMSD_UB = 0.00
	- Pose 2: Affinity = -3.68 kcal/mol, RMSD_LB = 40.66, RMSD_UB = 45.13
	- Pose 3: Affinity = -3.62 kcal/mol, RMSD_LB = 12.71, RMSD_UB = 18.44
	- Pose 4: Affinity = -3.60 kcal/mol, RMSD_LB = 7.32, RMSD_UB = 13.42
	- Pose 5: Affinity = -3.53 kcal/mol, RMSD_LB = 12.86, RMSD_UB = 18.47
	- Pose 6: Affinity = -3.53 kcal/mol, RMSD_LB = 11.66, RMSD_UB = 15.76
	- Pose 7: Affinity = -3.47 kcal/mol, RMSD_LB = 25.09, RMSD_UB = 28.58
	- Pose 8: Affinity = -3.47 kcal/mol, RMSD_LB = 69.61, RMSD_UB = 75.17

  Saving poses: [1, 2, 3, 4, 5, 6, 7, 8]
	- Saved pose 1: output/docking/pga_5_6EC0/pga_5_6EC0_pose_1.pdbqt
	- Saved complex 1: output/docking/pga_5_6EC0/pga_5_6EC0_complex_pose_1.pdbqt
	- Saved pose 2: output/docking/pga_5_6EC0/pga_5_6EC0_pose_2.pdbqt
	- Saved complex 2: output/docking/pga_5_6EC0/pga_5_6EC0_complex_pose_2.pdbqt
	- Saved pose 3: output/docking/pga_5_6EC0/pga_5_6EC0_pose_3.pdbqt
	- Saved complex 3: output/docking/pga_5_6EC0/pga_5_6EC0_complex_pose_3.pdbqt
	- Saved pose 4: output/docking/pga_5_6EC0/pga_5_6EC0_pose_4.pdbqt
	- Saved complex 4: output/docking/pga_5_6EC0/pga_5_6EC0_complex_pose_4.pdbqt
	- Saved pose 5: output/docking/pga_5_6EC0/pga_5_6EC0_pose_5.pdbqt
	- Saved complex 5: output/docking/pga_5_6EC0/pga_5_6EC0_complex_pose_5.pdbqt
	- Saved pose 6: output/docking/pga_5_6EC0/pga_5_6EC0_pose_6.pdbqt
	- Saved complex 6: output/docking/pga_5_6EC0/pga_5_6EC0_complex_pose_6.pdbqt
	- Saved pose 7: output/docking/pga_5_6EC0/pga_5_6EC0_pose_7.pdbqt
	- Saved complex 7: output/docking/pga_5_6EC0/pga_5_6EC0_complex_pose_7.pdbqt
	- Saved pose 8: output/docking/pga_5_6EC0/pga_5_6EC0_pose_8.pdbqt
	- Saved complex 8: output/docking/pga_5_6EC0/pga_5_6EC0_complex_pose_8.pdbqt

  Created zip file: output/docking/pga_5_6EC0/pga_5_6EC0_all_poses.zip
	- Summary table saved: output/docking/pga_5_6EC0/pga_5_6EC0_summary.csv

  Docking results saved
	- Output directory: output/docking/pga_5_6EC0
	- Log file: output/docking/pga_5_6EC0/pga_5_6EC0_docking.log
