
Aligning ligand to receptor center...
  Ligand centered to receptor at [-5.77, 8.98, 9.45]
	- Grid box size: [76.6, 14.2, 21.0]

Setting up docking grid...
	- Grid setup successful

Performing blind docking with exhaustiveness=32...
	- Docking time: 4.58 seconds

  Docking completed. Retrieved 8 poses:
	- Pose 1: Affinity = -2.88 kcal/mol, RMSD_LB = 0.00, RMSD_UB = 0.00
	- Pose 2: Affinity = -2.87 kcal/mol, RMSD_LB = 2.33, RMSD_UB = 5.24
	- Pose 3: Affinity = -2.86 kcal/mol, RMSD_LB = 1.31, RMSD_UB = 3.19
	- Pose 4: Affinity = -2.80 kcal/mol, RMSD_LB = 2.98, RMSD_UB = 5.72
	- Pose 5: Affinity = -2.72 kcal/mol, RMSD_LB = 6.47, RMSD_UB = 7.69
	- Pose 6: Affinity = -2.64 kcal/mol, RMSD_LB = 2.08, RMSD_UB = 2.75
	- Pose 7: Affinity = -2.62 kcal/mol, RMSD_LB = 5.07, RMSD_UB = 7.24
	- Pose 8: Affinity = -2.47 kcal/mol, RMSD_LB = 1.69, RMSD_UB = 3.44

  Saving poses: [1, 2, 3, 4, 5, 6, 7, 8]
	- Saved pose 1: output/docking/phb_2_7CWK/phb_2_7CWK_pose_1.pdbqt
	- Saved complex 1: output/docking/phb_2_7CWK/phb_2_7CWK_complex_pose_1.pdbqt
	- Saved pose 2: output/docking/phb_2_7CWK/phb_2_7CWK_pose_2.pdbqt
	- Saved complex 2: output/docking/phb_2_7CWK/phb_2_7CWK_complex_pose_2.pdbqt
	- Saved pose 3: output/docking/phb_2_7CWK/phb_2_7CWK_pose_3.pdbqt
	- Saved complex 3: output/docking/phb_2_7CWK/phb_2_7CWK_complex_pose_3.pdbqt
	- Saved pose 4: output/docking/phb_2_7CWK/phb_2_7CWK_pose_4.pdbqt
	- Saved complex 4: output/docking/phb_2_7CWK/phb_2_7CWK_complex_pose_4.pdbqt
	- Saved pose 5: output/docking/phb_2_7CWK/phb_2_7CWK_pose_5.pdbqt
	- Saved complex 5: output/docking/phb_2_7CWK/phb_2_7CWK_complex_pose_5.pdbqt
	- Saved pose 6: output/docking/phb_2_7CWK/phb_2_7CWK_pose_6.pdbqt
	- Saved complex 6: output/docking/phb_2_7CWK/phb_2_7CWK_complex_pose_6.pdbqt
	- Saved pose 7: output/docking/phb_2_7CWK/phb_2_7CWK_pose_7.pdbqt
	- Saved complex 7: output/docking/phb_2_7CWK/phb_2_7CWK_complex_pose_7.pdbqt
	- Saved pose 8: output/docking/phb_2_7CWK/phb_2_7CWK_pose_8.pdbqt
	- Saved complex 8: output/docking/phb_2_7CWK/phb_2_7CWK_complex_pose_8.pdbqt

  Created zip file: output/docking/phb_2_7CWK/phb_2_7CWK_all_poses.zip
	- Summary table saved: output/docking/phb_2_7CWK/phb_2_7CWK_summary.csv

  Docking results saved
	- Output directory: output/docking/phb_2_7CWK
	- Log file: output/docking/phb_2_7CWK/phb_2_7CWK_docking.log
