
Aligning ligand to receptor center...
  Ligand centered to receptor at [19.34, 6.33, 1.06]
	- Grid box size: [53.6, 30.0, 42.9]

Setting up docking grid...
	- Grid setup successful

Performing blind docking with exhaustiveness=32...
	- Docking time: 391.11 seconds

  Docking completed. Retrieved 8 poses:
	- Pose 1: Affinity = -5.44 kcal/mol, RMSD_LB = 0.00, RMSD_UB = 0.00
	- Pose 2: Affinity = -5.41 kcal/mol, RMSD_LB = 27.41, RMSD_UB = 32.90
	- Pose 3: Affinity = -5.35 kcal/mol, RMSD_LB = 29.25, RMSD_UB = 35.24
	- Pose 4: Affinity = -5.34 kcal/mol, RMSD_LB = 28.15, RMSD_UB = 33.61
	- Pose 5: Affinity = -5.31 kcal/mol, RMSD_LB = 2.71, RMSD_UB = 6.07
	- Pose 6: Affinity = -5.30 kcal/mol, RMSD_LB = 14.83, RMSD_UB = 17.62
	- Pose 7: Affinity = -5.25 kcal/mol, RMSD_LB = 3.85, RMSD_UB = 7.20
	- Pose 8: Affinity = -5.21 kcal/mol, RMSD_LB = 15.73, RMSD_UB = 19.45

  Saving poses: [1, 2, 3, 4, 5, 6, 7, 8]
	- Saved pose 1: output/docking/phb_9_1VPF/phb_9_1VPF_pose_1.pdbqt
	- Saved complex 1: output/docking/phb_9_1VPF/phb_9_1VPF_complex_pose_1.pdbqt
	- Saved pose 2: output/docking/phb_9_1VPF/phb_9_1VPF_pose_2.pdbqt
	- Saved complex 2: output/docking/phb_9_1VPF/phb_9_1VPF_complex_pose_2.pdbqt
	- Saved pose 3: output/docking/phb_9_1VPF/phb_9_1VPF_pose_3.pdbqt
	- Saved complex 3: output/docking/phb_9_1VPF/phb_9_1VPF_complex_pose_3.pdbqt
	- Saved pose 4: output/docking/phb_9_1VPF/phb_9_1VPF_pose_4.pdbqt
	- Saved complex 4: output/docking/phb_9_1VPF/phb_9_1VPF_complex_pose_4.pdbqt
	- Saved pose 5: output/docking/phb_9_1VPF/phb_9_1VPF_pose_5.pdbqt
	- Saved complex 5: output/docking/phb_9_1VPF/phb_9_1VPF_complex_pose_5.pdbqt
	- Saved pose 6: output/docking/phb_9_1VPF/phb_9_1VPF_pose_6.pdbqt
	- Saved complex 6: output/docking/phb_9_1VPF/phb_9_1VPF_complex_pose_6.pdbqt
	- Saved pose 7: output/docking/phb_9_1VPF/phb_9_1VPF_pose_7.pdbqt
	- Saved complex 7: output/docking/phb_9_1VPF/phb_9_1VPF_complex_pose_7.pdbqt
	- Saved pose 8: output/docking/phb_9_1VPF/phb_9_1VPF_pose_8.pdbqt
	- Saved complex 8: output/docking/phb_9_1VPF/phb_9_1VPF_complex_pose_8.pdbqt

  Created zip file: output/docking/phb_9_1VPF/phb_9_1VPF_all_poses.zip
	- Summary table saved: output/docking/phb_9_1VPF/phb_9_1VPF_summary.csv

  Docking results saved
	- Output directory: output/docking/phb_9_1VPF
	- Log file: output/docking/phb_9_1VPF/phb_9_1VPF_docking.log
