
Aligning ligand to receptor center...
  Ligand centered to receptor at [23.58, -33.16, 3.11]
	- Grid box size: [83.5, 55.5, 138.8]

Setting up docking grid...
	- Grid setup successful

Performing blind docking with exhaustiveness=32...
	- Docking time: 228.29 seconds

  Docking completed. Retrieved 8 poses:
	- Pose 1: Affinity = -3.95 kcal/mol, RMSD_LB = 0.00, RMSD_UB = 0.00
	- Pose 2: Affinity = -3.80 kcal/mol, RMSD_LB = 8.63, RMSD_UB = 13.97
	- Pose 3: Affinity = -3.78 kcal/mol, RMSD_LB = 1.79, RMSD_UB = 2.71
	- Pose 4: Affinity = -3.75 kcal/mol, RMSD_LB = 3.34, RMSD_UB = 4.87
	- Pose 5: Affinity = -3.67 kcal/mol, RMSD_LB = 2.12, RMSD_UB = 3.54
	- Pose 6: Affinity = -3.67 kcal/mol, RMSD_LB = 4.26, RMSD_UB = 13.35
	- Pose 7: Affinity = -3.65 kcal/mol, RMSD_LB = 2.46, RMSD_UB = 11.05
	- Pose 8: Affinity = -3.62 kcal/mol, RMSD_LB = 3.17, RMSD_UB = 12.98

  Saving poses: [1, 2, 3, 4, 5, 6, 7, 8]
	- Saved pose 1: output/docking/phb_8_6EC0/phb_8_6EC0_pose_1.pdbqt
	- Saved complex 1: output/docking/phb_8_6EC0/phb_8_6EC0_complex_pose_1.pdbqt
	- Saved pose 2: output/docking/phb_8_6EC0/phb_8_6EC0_pose_2.pdbqt
	- Saved complex 2: output/docking/phb_8_6EC0/phb_8_6EC0_complex_pose_2.pdbqt
	- Saved pose 3: output/docking/phb_8_6EC0/phb_8_6EC0_pose_3.pdbqt
	- Saved complex 3: output/docking/phb_8_6EC0/phb_8_6EC0_complex_pose_3.pdbqt
	- Saved pose 4: output/docking/phb_8_6EC0/phb_8_6EC0_pose_4.pdbqt
	- Saved complex 4: output/docking/phb_8_6EC0/phb_8_6EC0_complex_pose_4.pdbqt
	- Saved pose 5: output/docking/phb_8_6EC0/phb_8_6EC0_pose_5.pdbqt
	- Saved complex 5: output/docking/phb_8_6EC0/phb_8_6EC0_complex_pose_5.pdbqt
	- Saved pose 6: output/docking/phb_8_6EC0/phb_8_6EC0_pose_6.pdbqt
	- Saved complex 6: output/docking/phb_8_6EC0/phb_8_6EC0_complex_pose_6.pdbqt
	- Saved pose 7: output/docking/phb_8_6EC0/phb_8_6EC0_pose_7.pdbqt
	- Saved complex 7: output/docking/phb_8_6EC0/phb_8_6EC0_complex_pose_7.pdbqt
	- Saved pose 8: output/docking/phb_8_6EC0/phb_8_6EC0_pose_8.pdbqt
	- Saved complex 8: output/docking/phb_8_6EC0/phb_8_6EC0_complex_pose_8.pdbqt

  Created zip file: output/docking/phb_8_6EC0/phb_8_6EC0_all_poses.zip
	- Summary table saved: output/docking/phb_8_6EC0/phb_8_6EC0_summary.csv

  Docking results saved
	- Output directory: output/docking/phb_8_6EC0
	- Log file: output/docking/phb_8_6EC0/phb_8_6EC0_docking.log
