
Aligning ligand to receptor center...
  Ligand centered to receptor at [23.58, -33.16, 3.11]
	- Grid box size: [83.5, 55.5, 138.8]

Setting up docking grid...
	- Grid setup successful

Performing blind docking with exhaustiveness=32...
	- Docking time: 958.22 seconds

  Docking completed. Retrieved 8 poses:
	- Pose 1: Affinity = -4.02 kcal/mol, RMSD_LB = 0.00, RMSD_UB = 0.00
	- Pose 2: Affinity = -4.02 kcal/mol, RMSD_LB = 4.14, RMSD_UB = 15.60
	- Pose 3: Affinity = -4.01 kcal/mol, RMSD_LB = 26.91, RMSD_UB = 37.11
	- Pose 4: Affinity = -3.98 kcal/mol, RMSD_LB = 37.65, RMSD_UB = 45.97
	- Pose 5: Affinity = -3.96 kcal/mol, RMSD_LB = 47.36, RMSD_UB = 57.98
	- Pose 6: Affinity = -3.95 kcal/mol, RMSD_LB = 2.46, RMSD_UB = 16.96
	- Pose 7: Affinity = -3.95 kcal/mol, RMSD_LB = 40.76, RMSD_UB = 52.76
	- Pose 8: Affinity = -3.93 kcal/mol, RMSD_LB = 2.02, RMSD_UB = 4.97

  Saving poses: [1, 2, 3, 4, 5, 6, 7, 8]
	- Saved pose 1: output/docking/phb_12_6EC0/phb_12_6EC0_pose_1.pdbqt
	- Saved complex 1: output/docking/phb_12_6EC0/phb_12_6EC0_complex_pose_1.pdbqt
	- Saved pose 2: output/docking/phb_12_6EC0/phb_12_6EC0_pose_2.pdbqt
	- Saved complex 2: output/docking/phb_12_6EC0/phb_12_6EC0_complex_pose_2.pdbqt
	- Saved pose 3: output/docking/phb_12_6EC0/phb_12_6EC0_pose_3.pdbqt
	- Saved complex 3: output/docking/phb_12_6EC0/phb_12_6EC0_complex_pose_3.pdbqt
	- Saved pose 4: output/docking/phb_12_6EC0/phb_12_6EC0_pose_4.pdbqt
	- Saved complex 4: output/docking/phb_12_6EC0/phb_12_6EC0_complex_pose_4.pdbqt
	- Saved pose 5: output/docking/phb_12_6EC0/phb_12_6EC0_pose_5.pdbqt
	- Saved complex 5: output/docking/phb_12_6EC0/phb_12_6EC0_complex_pose_5.pdbqt
	- Saved pose 6: output/docking/phb_12_6EC0/phb_12_6EC0_pose_6.pdbqt
	- Saved complex 6: output/docking/phb_12_6EC0/phb_12_6EC0_complex_pose_6.pdbqt
	- Saved pose 7: output/docking/phb_12_6EC0/phb_12_6EC0_pose_7.pdbqt
	- Saved complex 7: output/docking/phb_12_6EC0/phb_12_6EC0_complex_pose_7.pdbqt
	- Saved pose 8: output/docking/phb_12_6EC0/phb_12_6EC0_pose_8.pdbqt
	- Saved complex 8: output/docking/phb_12_6EC0/phb_12_6EC0_complex_pose_8.pdbqt

  Created zip file: output/docking/phb_12_6EC0/phb_12_6EC0_all_poses.zip
	- Summary table saved: output/docking/phb_12_6EC0/phb_12_6EC0_summary.csv

  Docking results saved
	- Output directory: output/docking/phb_12_6EC0
	- Log file: output/docking/phb_12_6EC0/phb_12_6EC0_docking.log
