
Aligning ligand to receptor center...
  Ligand centered to receptor at [23.58, -33.16, 3.11]
	- Grid box size: [83.5, 55.5, 138.8]

Setting up docking grid...
	- Grid setup successful

Performing blind docking with exhaustiveness=32...
	- Docking time: 46.44 seconds

  Docking completed. Retrieved 8 poses:
	- Pose 1: Affinity = -4.09 kcal/mol, RMSD_LB = 0.00, RMSD_UB = 0.00
	- Pose 2: Affinity = -3.81 kcal/mol, RMSD_LB = 6.03, RMSD_UB = 12.13
	- Pose 3: Affinity = -3.69 kcal/mol, RMSD_LB = 49.89, RMSD_UB = 54.48
	- Pose 4: Affinity = -3.67 kcal/mol, RMSD_LB = 58.82, RMSD_UB = 62.99
	- Pose 5: Affinity = -3.67 kcal/mol, RMSD_LB = 51.07, RMSD_UB = 54.76
	- Pose 6: Affinity = -3.64 kcal/mol, RMSD_LB = 46.71, RMSD_UB = 51.86
	- Pose 7: Affinity = -3.63 kcal/mol, RMSD_LB = 4.11, RMSD_UB = 10.80
	- Pose 8: Affinity = -3.54 kcal/mol, RMSD_LB = 2.77, RMSD_UB = 6.86

  Saving poses: [1, 2, 3, 4, 5, 6, 7, 8]
	- Saved pose 1: output/docking/phb_5_6EC0/phb_5_6EC0_pose_1.pdbqt
	- Saved complex 1: output/docking/phb_5_6EC0/phb_5_6EC0_complex_pose_1.pdbqt
	- Saved pose 2: output/docking/phb_5_6EC0/phb_5_6EC0_pose_2.pdbqt
	- Saved complex 2: output/docking/phb_5_6EC0/phb_5_6EC0_complex_pose_2.pdbqt
	- Saved pose 3: output/docking/phb_5_6EC0/phb_5_6EC0_pose_3.pdbqt
	- Saved complex 3: output/docking/phb_5_6EC0/phb_5_6EC0_complex_pose_3.pdbqt
	- Saved pose 4: output/docking/phb_5_6EC0/phb_5_6EC0_pose_4.pdbqt
	- Saved complex 4: output/docking/phb_5_6EC0/phb_5_6EC0_complex_pose_4.pdbqt
	- Saved pose 5: output/docking/phb_5_6EC0/phb_5_6EC0_pose_5.pdbqt
	- Saved complex 5: output/docking/phb_5_6EC0/phb_5_6EC0_complex_pose_5.pdbqt
	- Saved pose 6: output/docking/phb_5_6EC0/phb_5_6EC0_pose_6.pdbqt
	- Saved complex 6: output/docking/phb_5_6EC0/phb_5_6EC0_complex_pose_6.pdbqt
	- Saved pose 7: output/docking/phb_5_6EC0/phb_5_6EC0_pose_7.pdbqt
	- Saved complex 7: output/docking/phb_5_6EC0/phb_5_6EC0_complex_pose_7.pdbqt
	- Saved pose 8: output/docking/phb_5_6EC0/phb_5_6EC0_pose_8.pdbqt
	- Saved complex 8: output/docking/phb_5_6EC0/phb_5_6EC0_complex_pose_8.pdbqt

  Created zip file: output/docking/phb_5_6EC0/phb_5_6EC0_all_poses.zip
	- Summary table saved: output/docking/phb_5_6EC0/phb_5_6EC0_summary.csv

  Docking results saved
	- Output directory: output/docking/phb_5_6EC0
	- Log file: output/docking/phb_5_6EC0/phb_5_6EC0_docking.log
