
Aligning ligand to receptor center...
  Ligand centered to receptor at [-0.32, -11.99, -22.65]
	- Grid box size: [53.5, 73.5, 47.8]

Setting up docking grid...
	- Grid setup successful

Performing blind docking with exhaustiveness=32...
	- Docking time: 4.46 seconds

  Docking completed. Retrieved 8 poses:
	- Pose 1: Affinity = -4.24 kcal/mol, RMSD_LB = 0.00, RMSD_UB = 0.00
	- Pose 2: Affinity = -4.17 kcal/mol, RMSD_LB = 25.11, RMSD_UB = 27.41
	- Pose 3: Affinity = -4.12 kcal/mol, RMSD_LB = 37.19, RMSD_UB = 39.81
	- Pose 4: Affinity = -4.10 kcal/mol, RMSD_LB = 29.97, RMSD_UB = 32.30
	- Pose 5: Affinity = -4.08 kcal/mol, RMSD_LB = 15.90, RMSD_UB = 18.00
	- Pose 6: Affinity = -4.04 kcal/mol, RMSD_LB = 28.81, RMSD_UB = 30.17
	- Pose 7: Affinity = -3.98 kcal/mol, RMSD_LB = 25.17, RMSD_UB = 27.65
	- Pose 8: Affinity = -3.97 kcal/mol, RMSD_LB = 2.06, RMSD_UB = 3.60

  Saving poses: [1, 2, 3, 4, 5, 6, 7, 8]
	- Saved pose 1: output/docking/phb_2_2Z80/phb_2_2Z80_pose_1.pdbqt
	- Saved complex 1: output/docking/phb_2_2Z80/phb_2_2Z80_complex_pose_1.pdbqt
	- Saved pose 2: output/docking/phb_2_2Z80/phb_2_2Z80_pose_2.pdbqt
	- Saved complex 2: output/docking/phb_2_2Z80/phb_2_2Z80_complex_pose_2.pdbqt
	- Saved pose 3: output/docking/phb_2_2Z80/phb_2_2Z80_pose_3.pdbqt
	- Saved complex 3: output/docking/phb_2_2Z80/phb_2_2Z80_complex_pose_3.pdbqt
	- Saved pose 4: output/docking/phb_2_2Z80/phb_2_2Z80_pose_4.pdbqt
	- Saved complex 4: output/docking/phb_2_2Z80/phb_2_2Z80_complex_pose_4.pdbqt
	- Saved pose 5: output/docking/phb_2_2Z80/phb_2_2Z80_pose_5.pdbqt
	- Saved complex 5: output/docking/phb_2_2Z80/phb_2_2Z80_complex_pose_5.pdbqt
	- Saved pose 6: output/docking/phb_2_2Z80/phb_2_2Z80_pose_6.pdbqt
	- Saved complex 6: output/docking/phb_2_2Z80/phb_2_2Z80_complex_pose_6.pdbqt
	- Saved pose 7: output/docking/phb_2_2Z80/phb_2_2Z80_pose_7.pdbqt
	- Saved complex 7: output/docking/phb_2_2Z80/phb_2_2Z80_complex_pose_7.pdbqt
	- Saved pose 8: output/docking/phb_2_2Z80/phb_2_2Z80_pose_8.pdbqt
	- Saved complex 8: output/docking/phb_2_2Z80/phb_2_2Z80_complex_pose_8.pdbqt

  Created zip file: output/docking/phb_2_2Z80/phb_2_2Z80_all_poses.zip
	- Summary table saved: output/docking/phb_2_2Z80/phb_2_2Z80_summary.csv

  Docking results saved
	- Output directory: output/docking/phb_2_2Z80
	- Log file: output/docking/phb_2_2Z80/phb_2_2Z80_docking.log
