
Aligning ligand to receptor center...
  Ligand centered to receptor at [-14.85, 32.58, 10.13]
	- Grid box size: [32.6, 57.0, 41.0]

Setting up docking grid...
	- Grid setup successful

Performing blind docking with exhaustiveness=32...
	- Docking time: 194.60 seconds

  Docking completed. Retrieved 8 poses:
	- Pose 1: Affinity = -5.04 kcal/mol, RMSD_LB = 0.00, RMSD_UB = 0.00
	- Pose 2: Affinity = -5.02 kcal/mol, RMSD_LB = 2.14, RMSD_UB = 13.55
	- Pose 3: Affinity = -4.98 kcal/mol, RMSD_LB = 1.91, RMSD_UB = 4.71
	- Pose 4: Affinity = -4.93 kcal/mol, RMSD_LB = 1.92, RMSD_UB = 2.52
	- Pose 5: Affinity = -4.91 kcal/mol, RMSD_LB = 2.31, RMSD_UB = 3.45
	- Pose 6: Affinity = -4.85 kcal/mol, RMSD_LB = 2.25, RMSD_UB = 3.01
	- Pose 7: Affinity = -4.85 kcal/mol, RMSD_LB = 2.32, RMSD_UB = 14.17
	- Pose 8: Affinity = -4.82 kcal/mol, RMSD_LB = 2.02, RMSD_UB = 13.49

  Saving poses: [1, 2, 3, 4, 5, 6, 7, 8]
	- Saved pose 1: output/docking/pga_11_1TGJ/pga_11_1TGJ_pose_1.pdbqt
	- Saved complex 1: output/docking/pga_11_1TGJ/pga_11_1TGJ_complex_pose_1.pdbqt
	- Saved pose 2: output/docking/pga_11_1TGJ/pga_11_1TGJ_pose_2.pdbqt
	- Saved complex 2: output/docking/pga_11_1TGJ/pga_11_1TGJ_complex_pose_2.pdbqt
	- Saved pose 3: output/docking/pga_11_1TGJ/pga_11_1TGJ_pose_3.pdbqt
	- Saved complex 3: output/docking/pga_11_1TGJ/pga_11_1TGJ_complex_pose_3.pdbqt
	- Saved pose 4: output/docking/pga_11_1TGJ/pga_11_1TGJ_pose_4.pdbqt
	- Saved complex 4: output/docking/pga_11_1TGJ/pga_11_1TGJ_complex_pose_4.pdbqt
	- Saved pose 5: output/docking/pga_11_1TGJ/pga_11_1TGJ_pose_5.pdbqt
	- Saved complex 5: output/docking/pga_11_1TGJ/pga_11_1TGJ_complex_pose_5.pdbqt
	- Saved pose 6: output/docking/pga_11_1TGJ/pga_11_1TGJ_pose_6.pdbqt
	- Saved complex 6: output/docking/pga_11_1TGJ/pga_11_1TGJ_complex_pose_6.pdbqt
	- Saved pose 7: output/docking/pga_11_1TGJ/pga_11_1TGJ_pose_7.pdbqt
	- Saved complex 7: output/docking/pga_11_1TGJ/pga_11_1TGJ_complex_pose_7.pdbqt
	- Saved pose 8: output/docking/pga_11_1TGJ/pga_11_1TGJ_pose_8.pdbqt
	- Saved complex 8: output/docking/pga_11_1TGJ/pga_11_1TGJ_complex_pose_8.pdbqt

  Created zip file: output/docking/pga_11_1TGJ/pga_11_1TGJ_all_poses.zip
	- Summary table saved: output/docking/pga_11_1TGJ/pga_11_1TGJ_summary.csv

  Docking results saved
	- Output directory: output/docking/pga_11_1TGJ
	- Log file: output/docking/pga_11_1TGJ/pga_11_1TGJ_docking.log
