
Aligning ligand to receptor center...
  Ligand centered to receptor at [19.34, 6.33, 1.06]
	- Grid box size: [53.6, 30.0, 42.9]

Setting up docking grid...
	- Grid setup successful

Performing blind docking with exhaustiveness=32...
	- Docking time: 596.56 seconds

  Docking completed. Retrieved 8 poses:
	- Pose 1: Affinity = -4.28 kcal/mol, RMSD_LB = 0.00, RMSD_UB = 0.00
	- Pose 2: Affinity = -4.21 kcal/mol, RMSD_LB = 11.63, RMSD_UB = 16.36
	- Pose 3: Affinity = -4.19 kcal/mol, RMSD_LB = 20.59, RMSD_UB = 24.65
	- Pose 4: Affinity = -4.13 kcal/mol, RMSD_LB = 16.52, RMSD_UB = 21.76
	- Pose 5: Affinity = -4.12 kcal/mol, RMSD_LB = 2.16, RMSD_UB = 7.07
	- Pose 6: Affinity = -4.03 kcal/mol, RMSD_LB = 16.35, RMSD_UB = 19.85
	- Pose 7: Affinity = -4.02 kcal/mol, RMSD_LB = 12.68, RMSD_UB = 17.54
	- Pose 8: Affinity = -3.97 kcal/mol, RMSD_LB = 2.32, RMSD_UB = 6.54

  Saving poses: [1, 2, 3, 4, 5, 6, 7, 8]
	- Saved pose 1: output/docking/phb_10_1VPF/phb_10_1VPF_pose_1.pdbqt
	- Saved complex 1: output/docking/phb_10_1VPF/phb_10_1VPF_complex_pose_1.pdbqt
	- Saved pose 2: output/docking/phb_10_1VPF/phb_10_1VPF_pose_2.pdbqt
	- Saved complex 2: output/docking/phb_10_1VPF/phb_10_1VPF_complex_pose_2.pdbqt
	- Saved pose 3: output/docking/phb_10_1VPF/phb_10_1VPF_pose_3.pdbqt
	- Saved complex 3: output/docking/phb_10_1VPF/phb_10_1VPF_complex_pose_3.pdbqt
	- Saved pose 4: output/docking/phb_10_1VPF/phb_10_1VPF_pose_4.pdbqt
	- Saved complex 4: output/docking/phb_10_1VPF/phb_10_1VPF_complex_pose_4.pdbqt
	- Saved pose 5: output/docking/phb_10_1VPF/phb_10_1VPF_pose_5.pdbqt
	- Saved complex 5: output/docking/phb_10_1VPF/phb_10_1VPF_complex_pose_5.pdbqt
	- Saved pose 6: output/docking/phb_10_1VPF/phb_10_1VPF_pose_6.pdbqt
	- Saved complex 6: output/docking/phb_10_1VPF/phb_10_1VPF_complex_pose_6.pdbqt
	- Saved pose 7: output/docking/phb_10_1VPF/phb_10_1VPF_pose_7.pdbqt
	- Saved complex 7: output/docking/phb_10_1VPF/phb_10_1VPF_complex_pose_7.pdbqt
	- Saved pose 8: output/docking/phb_10_1VPF/phb_10_1VPF_pose_8.pdbqt
	- Saved complex 8: output/docking/phb_10_1VPF/phb_10_1VPF_complex_pose_8.pdbqt

  Created zip file: output/docking/phb_10_1VPF/phb_10_1VPF_all_poses.zip
	- Summary table saved: output/docking/phb_10_1VPF/phb_10_1VPF_summary.csv

  Docking results saved
	- Output directory: output/docking/phb_10_1VPF
	- Log file: output/docking/phb_10_1VPF/phb_10_1VPF_docking.log
