
Aligning ligand to receptor center...
  Ligand centered to receptor at [-3.59, 61.5, 22.72]
	- Grid box size: [27.9, 41.5, 49.5]

Setting up docking grid...
	- Grid setup successful

Performing blind docking with exhaustiveness=32...
	- Docking time: 2.27 seconds

  Docking completed. Retrieved 8 poses:
	- Pose 1: Affinity = -4.23 kcal/mol, RMSD_LB = 0.00, RMSD_UB = 0.00
	- Pose 2: Affinity = -4.06 kcal/mol, RMSD_LB = 1.50, RMSD_UB = 3.89
	- Pose 3: Affinity = -4.03 kcal/mol, RMSD_LB = 12.92, RMSD_UB = 14.03
	- Pose 4: Affinity = -3.97 kcal/mol, RMSD_LB = 12.54, RMSD_UB = 13.30
	- Pose 5: Affinity = -3.92 kcal/mol, RMSD_LB = 1.14, RMSD_UB = 2.34
	- Pose 6: Affinity = -3.86 kcal/mol, RMSD_LB = 1.60, RMSD_UB = 2.30
	- Pose 7: Affinity = -3.79 kcal/mol, RMSD_LB = 1.49, RMSD_UB = 2.26
	- Pose 8: Affinity = -3.69 kcal/mol, RMSD_LB = 1.40, RMSD_UB = 3.98

  Saving poses: [1, 2, 3, 4, 5, 6, 7, 8]
	- Saved pose 1: output/docking/pga_2_1CSG/pga_2_1CSG_pose_1.pdbqt
	- Saved complex 1: output/docking/pga_2_1CSG/pga_2_1CSG_complex_pose_1.pdbqt
	- Saved pose 2: output/docking/pga_2_1CSG/pga_2_1CSG_pose_2.pdbqt
	- Saved complex 2: output/docking/pga_2_1CSG/pga_2_1CSG_complex_pose_2.pdbqt
	- Saved pose 3: output/docking/pga_2_1CSG/pga_2_1CSG_pose_3.pdbqt
	- Saved complex 3: output/docking/pga_2_1CSG/pga_2_1CSG_complex_pose_3.pdbqt
	- Saved pose 4: output/docking/pga_2_1CSG/pga_2_1CSG_pose_4.pdbqt
	- Saved complex 4: output/docking/pga_2_1CSG/pga_2_1CSG_complex_pose_4.pdbqt
	- Saved pose 5: output/docking/pga_2_1CSG/pga_2_1CSG_pose_5.pdbqt
	- Saved complex 5: output/docking/pga_2_1CSG/pga_2_1CSG_complex_pose_5.pdbqt
	- Saved pose 6: output/docking/pga_2_1CSG/pga_2_1CSG_pose_6.pdbqt
	- Saved complex 6: output/docking/pga_2_1CSG/pga_2_1CSG_complex_pose_6.pdbqt
	- Saved pose 7: output/docking/pga_2_1CSG/pga_2_1CSG_pose_7.pdbqt
	- Saved complex 7: output/docking/pga_2_1CSG/pga_2_1CSG_complex_pose_7.pdbqt
	- Saved pose 8: output/docking/pga_2_1CSG/pga_2_1CSG_pose_8.pdbqt
	- Saved complex 8: output/docking/pga_2_1CSG/pga_2_1CSG_complex_pose_8.pdbqt

  Created zip file: output/docking/pga_2_1CSG/pga_2_1CSG_all_poses.zip
	- Summary table saved: output/docking/pga_2_1CSG/pga_2_1CSG_summary.csv

  Docking results saved
	- Output directory: output/docking/pga_2_1CSG
	- Log file: output/docking/pga_2_1CSG/pga_2_1CSG_docking.log
