
Aligning ligand to receptor center...
  Ligand centered to receptor at [-14.85, 32.58, 10.13]
	- Grid box size: [32.6, 57.0, 41.0]

Setting up docking grid...
	- Grid setup successful

Performing blind docking with exhaustiveness=32...
	- Docking time: 282.54 seconds

  Docking completed. Retrieved 8 poses:
	- Pose 1: Affinity = -5.31 kcal/mol, RMSD_LB = 0.00, RMSD_UB = 0.00
	- Pose 2: Affinity = -5.17 kcal/mol, RMSD_LB = 2.99, RMSD_UB = 16.47
	- Pose 3: Affinity = -5.14 kcal/mol, RMSD_LB = 17.42, RMSD_UB = 23.02
	- Pose 4: Affinity = -5.03 kcal/mol, RMSD_LB = 1.90, RMSD_UB = 3.21
	- Pose 5: Affinity = -4.98 kcal/mol, RMSD_LB = 1.65, RMSD_UB = 15.80
	- Pose 6: Affinity = -4.95 kcal/mol, RMSD_LB = 3.19, RMSD_UB = 15.03
	- Pose 7: Affinity = -4.93 kcal/mol, RMSD_LB = 2.72, RMSD_UB = 14.78
	- Pose 8: Affinity = -4.87 kcal/mol, RMSD_LB = 2.49, RMSD_UB = 16.27

  Saving poses: [1, 2, 3, 4, 5, 6, 7, 8]
	- Saved pose 1: output/docking/pga_12_1TGJ/pga_12_1TGJ_pose_1.pdbqt
	- Saved complex 1: output/docking/pga_12_1TGJ/pga_12_1TGJ_complex_pose_1.pdbqt
	- Saved pose 2: output/docking/pga_12_1TGJ/pga_12_1TGJ_pose_2.pdbqt
	- Saved complex 2: output/docking/pga_12_1TGJ/pga_12_1TGJ_complex_pose_2.pdbqt
	- Saved pose 3: output/docking/pga_12_1TGJ/pga_12_1TGJ_pose_3.pdbqt
	- Saved complex 3: output/docking/pga_12_1TGJ/pga_12_1TGJ_complex_pose_3.pdbqt
	- Saved pose 4: output/docking/pga_12_1TGJ/pga_12_1TGJ_pose_4.pdbqt
	- Saved complex 4: output/docking/pga_12_1TGJ/pga_12_1TGJ_complex_pose_4.pdbqt
	- Saved pose 5: output/docking/pga_12_1TGJ/pga_12_1TGJ_pose_5.pdbqt
	- Saved complex 5: output/docking/pga_12_1TGJ/pga_12_1TGJ_complex_pose_5.pdbqt
	- Saved pose 6: output/docking/pga_12_1TGJ/pga_12_1TGJ_pose_6.pdbqt
	- Saved complex 6: output/docking/pga_12_1TGJ/pga_12_1TGJ_complex_pose_6.pdbqt
	- Saved pose 7: output/docking/pga_12_1TGJ/pga_12_1TGJ_pose_7.pdbqt
	- Saved complex 7: output/docking/pga_12_1TGJ/pga_12_1TGJ_complex_pose_7.pdbqt
	- Saved pose 8: output/docking/pga_12_1TGJ/pga_12_1TGJ_pose_8.pdbqt
	- Saved complex 8: output/docking/pga_12_1TGJ/pga_12_1TGJ_complex_pose_8.pdbqt

  Created zip file: output/docking/pga_12_1TGJ/pga_12_1TGJ_all_poses.zip
	- Summary table saved: output/docking/pga_12_1TGJ/pga_12_1TGJ_summary.csv

  Docking results saved
	- Output directory: output/docking/pga_12_1TGJ
	- Log file: output/docking/pga_12_1TGJ/pga_12_1TGJ_docking.log
