
Aligning ligand to receptor center...
  Ligand centered to receptor at [-14.85, 32.58, 10.13]
	- Grid box size: [32.6, 57.0, 41.0]

Setting up docking grid...
	- Grid setup successful

Performing blind docking with exhaustiveness=32...
	- Docking time: 48.05 seconds

  Docking completed. Retrieved 8 poses:
	- Pose 1: Affinity = -4.82 kcal/mol, RMSD_LB = 0.00, RMSD_UB = 0.00
	- Pose 2: Affinity = -4.80 kcal/mol, RMSD_LB = 1.30, RMSD_UB = 11.68
	- Pose 3: Affinity = -4.80 kcal/mol, RMSD_LB = 5.67, RMSD_UB = 8.27
	- Pose 4: Affinity = -4.79 kcal/mol, RMSD_LB = 2.83, RMSD_UB = 11.24
	- Pose 5: Affinity = -4.76 kcal/mol, RMSD_LB = 1.69, RMSD_UB = 3.61
	- Pose 6: Affinity = -4.76 kcal/mol, RMSD_LB = 6.85, RMSD_UB = 11.30
	- Pose 7: Affinity = -4.73 kcal/mol, RMSD_LB = 14.17, RMSD_UB = 17.11
	- Pose 8: Affinity = -4.72 kcal/mol, RMSD_LB = 7.17, RMSD_UB = 12.08

  Saving poses: [1, 2, 3, 4, 5, 6, 7, 8]
	- Saved pose 1: output/docking/pga_7_1TGJ/pga_7_1TGJ_pose_1.pdbqt
	- Saved complex 1: output/docking/pga_7_1TGJ/pga_7_1TGJ_complex_pose_1.pdbqt
	- Saved pose 2: output/docking/pga_7_1TGJ/pga_7_1TGJ_pose_2.pdbqt
	- Saved complex 2: output/docking/pga_7_1TGJ/pga_7_1TGJ_complex_pose_2.pdbqt
	- Saved pose 3: output/docking/pga_7_1TGJ/pga_7_1TGJ_pose_3.pdbqt
	- Saved complex 3: output/docking/pga_7_1TGJ/pga_7_1TGJ_complex_pose_3.pdbqt
	- Saved pose 4: output/docking/pga_7_1TGJ/pga_7_1TGJ_pose_4.pdbqt
	- Saved complex 4: output/docking/pga_7_1TGJ/pga_7_1TGJ_complex_pose_4.pdbqt
	- Saved pose 5: output/docking/pga_7_1TGJ/pga_7_1TGJ_pose_5.pdbqt
	- Saved complex 5: output/docking/pga_7_1TGJ/pga_7_1TGJ_complex_pose_5.pdbqt
	- Saved pose 6: output/docking/pga_7_1TGJ/pga_7_1TGJ_pose_6.pdbqt
	- Saved complex 6: output/docking/pga_7_1TGJ/pga_7_1TGJ_complex_pose_6.pdbqt
	- Saved pose 7: output/docking/pga_7_1TGJ/pga_7_1TGJ_pose_7.pdbqt
	- Saved complex 7: output/docking/pga_7_1TGJ/pga_7_1TGJ_complex_pose_7.pdbqt
	- Saved pose 8: output/docking/pga_7_1TGJ/pga_7_1TGJ_pose_8.pdbqt
	- Saved complex 8: output/docking/pga_7_1TGJ/pga_7_1TGJ_complex_pose_8.pdbqt

  Created zip file: output/docking/pga_7_1TGJ/pga_7_1TGJ_all_poses.zip
	- Summary table saved: output/docking/pga_7_1TGJ/pga_7_1TGJ_summary.csv

  Docking results saved
	- Output directory: output/docking/pga_7_1TGJ
	- Log file: output/docking/pga_7_1TGJ/pga_7_1TGJ_docking.log
