
Aligning ligand to receptor center...
  Ligand centered to receptor at [19.34, 6.33, 1.06]
	- Grid box size: [53.6, 30.0, 42.9]

Setting up docking grid...
	- Grid setup successful

Performing blind docking with exhaustiveness=32...
	- Docking time: 0.80 seconds

  Docking completed. Retrieved 8 poses:
	- Pose 1: Affinity = -3.50 kcal/mol, RMSD_LB = 0.00, RMSD_UB = 0.00
	- Pose 2: Affinity = -3.22 kcal/mol, RMSD_LB = 0.78, RMSD_UB = 2.44
	- Pose 3: Affinity = -2.86 kcal/mol, RMSD_LB = 38.68, RMSD_UB = 39.57
	- Pose 4: Affinity = -2.82 kcal/mol, RMSD_LB = 1.16, RMSD_UB = 2.24
	- Pose 5: Affinity = -2.78 kcal/mol, RMSD_LB = 7.72, RMSD_UB = 8.01
	- Pose 6: Affinity = -2.77 kcal/mol, RMSD_LB = 38.45, RMSD_UB = 39.12
	- Pose 7: Affinity = -2.76 kcal/mol, RMSD_LB = 7.64, RMSD_UB = 8.31
	- Pose 8: Affinity = -2.68 kcal/mol, RMSD_LB = 44.83, RMSD_UB = 45.32

  Saving poses: [1, 2, 3, 4, 5, 6, 7, 8]
	- Saved pose 1: output/docking/pga_1_1VPF/pga_1_1VPF_pose_1.pdbqt
	- Saved complex 1: output/docking/pga_1_1VPF/pga_1_1VPF_complex_pose_1.pdbqt
	- Saved pose 2: output/docking/pga_1_1VPF/pga_1_1VPF_pose_2.pdbqt
	- Saved complex 2: output/docking/pga_1_1VPF/pga_1_1VPF_complex_pose_2.pdbqt
	- Saved pose 3: output/docking/pga_1_1VPF/pga_1_1VPF_pose_3.pdbqt
	- Saved complex 3: output/docking/pga_1_1VPF/pga_1_1VPF_complex_pose_3.pdbqt
	- Saved pose 4: output/docking/pga_1_1VPF/pga_1_1VPF_pose_4.pdbqt
	- Saved complex 4: output/docking/pga_1_1VPF/pga_1_1VPF_complex_pose_4.pdbqt
	- Saved pose 5: output/docking/pga_1_1VPF/pga_1_1VPF_pose_5.pdbqt
	- Saved complex 5: output/docking/pga_1_1VPF/pga_1_1VPF_complex_pose_5.pdbqt
	- Saved pose 6: output/docking/pga_1_1VPF/pga_1_1VPF_pose_6.pdbqt
	- Saved complex 6: output/docking/pga_1_1VPF/pga_1_1VPF_complex_pose_6.pdbqt
	- Saved pose 7: output/docking/pga_1_1VPF/pga_1_1VPF_pose_7.pdbqt
	- Saved complex 7: output/docking/pga_1_1VPF/pga_1_1VPF_complex_pose_7.pdbqt
	- Saved pose 8: output/docking/pga_1_1VPF/pga_1_1VPF_pose_8.pdbqt
	- Saved complex 8: output/docking/pga_1_1VPF/pga_1_1VPF_complex_pose_8.pdbqt

  Created zip file: output/docking/pga_1_1VPF/pga_1_1VPF_all_poses.zip
	- Summary table saved: output/docking/pga_1_1VPF/pga_1_1VPF_summary.csv

  Docking results saved
	- Output directory: output/docking/pga_1_1VPF
	- Log file: output/docking/pga_1_1VPF/pga_1_1VPF_docking.log
