
Aligning ligand to receptor center...
  Ligand centered to receptor at [23.58, -33.16, 3.11]
	- Grid box size: [83.5, 55.5, 138.8]

Setting up docking grid...
	- Grid setup successful

Performing blind docking with exhaustiveness=32...
	- Docking time: 7.76 seconds

  Docking completed. Retrieved 8 poses:
	- Pose 1: Affinity = -3.32 kcal/mol, RMSD_LB = 0.00, RMSD_UB = 0.00
	- Pose 2: Affinity = -3.24 kcal/mol, RMSD_LB = 48.92, RMSD_UB = 52.09
	- Pose 3: Affinity = -3.16 kcal/mol, RMSD_LB = 4.50, RMSD_UB = 7.95
	- Pose 4: Affinity = -3.13 kcal/mol, RMSD_LB = 1.40, RMSD_UB = 6.38
	- Pose 5: Affinity = -3.09 kcal/mol, RMSD_LB = 10.74, RMSD_UB = 13.71
	- Pose 6: Affinity = -3.08 kcal/mol, RMSD_LB = 23.81, RMSD_UB = 28.06
	- Pose 7: Affinity = -3.05 kcal/mol, RMSD_LB = 1.62, RMSD_UB = 5.78
	- Pose 8: Affinity = -3.00 kcal/mol, RMSD_LB = 24.22, RMSD_UB = 27.27

  Saving poses: [1, 2, 3, 4, 5, 6, 7, 8]
	- Saved pose 1: output/docking/pga_4_6EC0/pga_4_6EC0_pose_1.pdbqt
	- Saved complex 1: output/docking/pga_4_6EC0/pga_4_6EC0_complex_pose_1.pdbqt
	- Saved pose 2: output/docking/pga_4_6EC0/pga_4_6EC0_pose_2.pdbqt
	- Saved complex 2: output/docking/pga_4_6EC0/pga_4_6EC0_complex_pose_2.pdbqt
	- Saved pose 3: output/docking/pga_4_6EC0/pga_4_6EC0_pose_3.pdbqt
	- Saved complex 3: output/docking/pga_4_6EC0/pga_4_6EC0_complex_pose_3.pdbqt
	- Saved pose 4: output/docking/pga_4_6EC0/pga_4_6EC0_pose_4.pdbqt
	- Saved complex 4: output/docking/pga_4_6EC0/pga_4_6EC0_complex_pose_4.pdbqt
	- Saved pose 5: output/docking/pga_4_6EC0/pga_4_6EC0_pose_5.pdbqt
	- Saved complex 5: output/docking/pga_4_6EC0/pga_4_6EC0_complex_pose_5.pdbqt
	- Saved pose 6: output/docking/pga_4_6EC0/pga_4_6EC0_pose_6.pdbqt
	- Saved complex 6: output/docking/pga_4_6EC0/pga_4_6EC0_complex_pose_6.pdbqt
	- Saved pose 7: output/docking/pga_4_6EC0/pga_4_6EC0_pose_7.pdbqt
	- Saved complex 7: output/docking/pga_4_6EC0/pga_4_6EC0_complex_pose_7.pdbqt
	- Saved pose 8: output/docking/pga_4_6EC0/pga_4_6EC0_pose_8.pdbqt
	- Saved complex 8: output/docking/pga_4_6EC0/pga_4_6EC0_complex_pose_8.pdbqt

  Created zip file: output/docking/pga_4_6EC0/pga_4_6EC0_all_poses.zip
	- Summary table saved: output/docking/pga_4_6EC0/pga_4_6EC0_summary.csv

  Docking results saved
	- Output directory: output/docking/pga_4_6EC0
	- Log file: output/docking/pga_4_6EC0/pga_4_6EC0_docking.log
