
Aligning ligand to receptor center...
  Ligand centered to receptor at [23.58, -33.16, 3.11]
	- Grid box size: [83.5, 55.5, 138.8]

Setting up docking grid...
	- Grid setup successful

Performing blind docking with exhaustiveness=32...
	- Docking time: 2.36 seconds

  Docking completed. Retrieved 8 poses:
	- Pose 1: Affinity = -3.14 kcal/mol, RMSD_LB = 0.00, RMSD_UB = 0.00
	- Pose 2: Affinity = -2.99 kcal/mol, RMSD_LB = 21.06, RMSD_UB = 22.13
	- Pose 3: Affinity = -2.99 kcal/mol, RMSD_LB = 24.69, RMSD_UB = 26.99
	- Pose 4: Affinity = -2.86 kcal/mol, RMSD_LB = 75.69, RMSD_UB = 77.58
	- Pose 5: Affinity = -2.85 kcal/mol, RMSD_LB = 62.43, RMSD_UB = 64.45
	- Pose 6: Affinity = -2.79 kcal/mol, RMSD_LB = 58.73, RMSD_UB = 60.21
	- Pose 7: Affinity = -2.77 kcal/mol, RMSD_LB = 53.42, RMSD_UB = 55.44
	- Pose 8: Affinity = -2.76 kcal/mol, RMSD_LB = 112.10, RMSD_UB = 113.27

  Saving poses: [1, 2, 3, 4, 5, 6, 7, 8]
	- Saved pose 1: output/docking/pga_2_6EC0/pga_2_6EC0_pose_1.pdbqt
	- Saved complex 1: output/docking/pga_2_6EC0/pga_2_6EC0_complex_pose_1.pdbqt
	- Saved pose 2: output/docking/pga_2_6EC0/pga_2_6EC0_pose_2.pdbqt
	- Saved complex 2: output/docking/pga_2_6EC0/pga_2_6EC0_complex_pose_2.pdbqt
	- Saved pose 3: output/docking/pga_2_6EC0/pga_2_6EC0_pose_3.pdbqt
	- Saved complex 3: output/docking/pga_2_6EC0/pga_2_6EC0_complex_pose_3.pdbqt
	- Saved pose 4: output/docking/pga_2_6EC0/pga_2_6EC0_pose_4.pdbqt
	- Saved complex 4: output/docking/pga_2_6EC0/pga_2_6EC0_complex_pose_4.pdbqt
	- Saved pose 5: output/docking/pga_2_6EC0/pga_2_6EC0_pose_5.pdbqt
	- Saved complex 5: output/docking/pga_2_6EC0/pga_2_6EC0_complex_pose_5.pdbqt
	- Saved pose 6: output/docking/pga_2_6EC0/pga_2_6EC0_pose_6.pdbqt
	- Saved complex 6: output/docking/pga_2_6EC0/pga_2_6EC0_complex_pose_6.pdbqt
	- Saved pose 7: output/docking/pga_2_6EC0/pga_2_6EC0_pose_7.pdbqt
	- Saved complex 7: output/docking/pga_2_6EC0/pga_2_6EC0_complex_pose_7.pdbqt
	- Saved pose 8: output/docking/pga_2_6EC0/pga_2_6EC0_pose_8.pdbqt
	- Saved complex 8: output/docking/pga_2_6EC0/pga_2_6EC0_complex_pose_8.pdbqt

  Created zip file: output/docking/pga_2_6EC0/pga_2_6EC0_all_poses.zip
	- Summary table saved: output/docking/pga_2_6EC0/pga_2_6EC0_summary.csv

  Docking results saved
	- Output directory: output/docking/pga_2_6EC0
	- Log file: output/docking/pga_2_6EC0/pga_2_6EC0_docking.log
