
Aligning ligand to receptor center...
  Ligand centered to receptor at [23.58, -33.16, 3.11]
	- Grid box size: [83.5, 55.5, 138.8]

Setting up docking grid...
	- Grid setup successful

Performing blind docking with exhaustiveness=32...
	- Docking time: 28.66 seconds

  Docking completed. Retrieved 8 poses:
	- Pose 1: Affinity = -4.29 kcal/mol, RMSD_LB = 0.00, RMSD_UB = 0.00
	- Pose 2: Affinity = -4.17 kcal/mol, RMSD_LB = 7.42, RMSD_UB = 13.55
	- Pose 3: Affinity = -4.14 kcal/mol, RMSD_LB = 3.72, RMSD_UB = 6.65
	- Pose 4: Affinity = -4.10 kcal/mol, RMSD_LB = 17.05, RMSD_UB = 22.83
	- Pose 5: Affinity = -4.05 kcal/mol, RMSD_LB = 1.71, RMSD_UB = 2.30
	- Pose 6: Affinity = -3.94 kcal/mol, RMSD_LB = 45.41, RMSD_UB = 50.80
	- Pose 7: Affinity = -3.89 kcal/mol, RMSD_LB = 13.79, RMSD_UB = 20.91
	- Pose 8: Affinity = -3.88 kcal/mol, RMSD_LB = 45.40, RMSD_UB = 49.73

  Saving poses: [1, 2, 3, 4, 5, 6, 7, 8]
	- Saved pose 1: output/docking/pga_6_6EC0/pga_6_6EC0_pose_1.pdbqt
	- Saved complex 1: output/docking/pga_6_6EC0/pga_6_6EC0_complex_pose_1.pdbqt
	- Saved pose 2: output/docking/pga_6_6EC0/pga_6_6EC0_pose_2.pdbqt
	- Saved complex 2: output/docking/pga_6_6EC0/pga_6_6EC0_complex_pose_2.pdbqt
	- Saved pose 3: output/docking/pga_6_6EC0/pga_6_6EC0_pose_3.pdbqt
	- Saved complex 3: output/docking/pga_6_6EC0/pga_6_6EC0_complex_pose_3.pdbqt
	- Saved pose 4: output/docking/pga_6_6EC0/pga_6_6EC0_pose_4.pdbqt
	- Saved complex 4: output/docking/pga_6_6EC0/pga_6_6EC0_complex_pose_4.pdbqt
	- Saved pose 5: output/docking/pga_6_6EC0/pga_6_6EC0_pose_5.pdbqt
	- Saved complex 5: output/docking/pga_6_6EC0/pga_6_6EC0_complex_pose_5.pdbqt
	- Saved pose 6: output/docking/pga_6_6EC0/pga_6_6EC0_pose_6.pdbqt
	- Saved complex 6: output/docking/pga_6_6EC0/pga_6_6EC0_complex_pose_6.pdbqt
	- Saved pose 7: output/docking/pga_6_6EC0/pga_6_6EC0_pose_7.pdbqt
	- Saved complex 7: output/docking/pga_6_6EC0/pga_6_6EC0_complex_pose_7.pdbqt
	- Saved pose 8: output/docking/pga_6_6EC0/pga_6_6EC0_pose_8.pdbqt
	- Saved complex 8: output/docking/pga_6_6EC0/pga_6_6EC0_complex_pose_8.pdbqt

  Created zip file: output/docking/pga_6_6EC0/pga_6_6EC0_all_poses.zip
	- Summary table saved: output/docking/pga_6_6EC0/pga_6_6EC0_summary.csv

  Docking results saved
	- Output directory: output/docking/pga_6_6EC0
	- Log file: output/docking/pga_6_6EC0/pga_6_6EC0_docking.log
