
Aligning ligand to receptor center...
  Ligand centered to receptor at [-0.32, -11.99, -22.65]
	- Grid box size: [53.5, 73.5, 47.8]

Setting up docking grid...
	- Grid setup successful

Performing blind docking with exhaustiveness=32...
	- Docking time: 163.41 seconds

  Docking completed. Retrieved 8 poses:
	- Pose 1: Affinity = -5.30 kcal/mol, RMSD_LB = 0.00, RMSD_UB = 0.00
	- Pose 2: Affinity = -5.29 kcal/mol, RMSD_LB = 41.51, RMSD_UB = 45.41
	- Pose 3: Affinity = -5.24 kcal/mol, RMSD_LB = 40.79, RMSD_UB = 44.67
	- Pose 4: Affinity = -5.24 kcal/mol, RMSD_LB = 42.86, RMSD_UB = 46.31
	- Pose 5: Affinity = -5.24 kcal/mol, RMSD_LB = 42.79, RMSD_UB = 46.38
	- Pose 6: Affinity = -5.19 kcal/mol, RMSD_LB = 40.08, RMSD_UB = 44.44
	- Pose 7: Affinity = -5.19 kcal/mol, RMSD_LB = 2.00, RMSD_UB = 3.59
	- Pose 8: Affinity = -5.11 kcal/mol, RMSD_LB = 44.17, RMSD_UB = 47.77

  Saving poses: [1, 2, 3, 4, 5, 6, 7, 8]
	- Saved pose 1: output/docking/pga_10_2Z80/pga_10_2Z80_pose_1.pdbqt
	- Saved complex 1: output/docking/pga_10_2Z80/pga_10_2Z80_complex_pose_1.pdbqt
	- Saved pose 2: output/docking/pga_10_2Z80/pga_10_2Z80_pose_2.pdbqt
	- Saved complex 2: output/docking/pga_10_2Z80/pga_10_2Z80_complex_pose_2.pdbqt
	- Saved pose 3: output/docking/pga_10_2Z80/pga_10_2Z80_pose_3.pdbqt
	- Saved complex 3: output/docking/pga_10_2Z80/pga_10_2Z80_complex_pose_3.pdbqt
	- Saved pose 4: output/docking/pga_10_2Z80/pga_10_2Z80_pose_4.pdbqt
	- Saved complex 4: output/docking/pga_10_2Z80/pga_10_2Z80_complex_pose_4.pdbqt
	- Saved pose 5: output/docking/pga_10_2Z80/pga_10_2Z80_pose_5.pdbqt
	- Saved complex 5: output/docking/pga_10_2Z80/pga_10_2Z80_complex_pose_5.pdbqt
	- Saved pose 6: output/docking/pga_10_2Z80/pga_10_2Z80_pose_6.pdbqt
	- Saved complex 6: output/docking/pga_10_2Z80/pga_10_2Z80_complex_pose_6.pdbqt
	- Saved pose 7: output/docking/pga_10_2Z80/pga_10_2Z80_pose_7.pdbqt
	- Saved complex 7: output/docking/pga_10_2Z80/pga_10_2Z80_complex_pose_7.pdbqt
	- Saved pose 8: output/docking/pga_10_2Z80/pga_10_2Z80_pose_8.pdbqt
	- Saved complex 8: output/docking/pga_10_2Z80/pga_10_2Z80_complex_pose_8.pdbqt

  Created zip file: output/docking/pga_10_2Z80/pga_10_2Z80_all_poses.zip
	- Summary table saved: output/docking/pga_10_2Z80/pga_10_2Z80_summary.csv

  Docking results saved
	- Output directory: output/docking/pga_10_2Z80
	- Log file: output/docking/pga_10_2Z80/pga_10_2Z80_docking.log
