
Aligning ligand to receptor center...
  Ligand centered to receptor at [14.07, -35.89, 43.68]
	- Grid box size: [34.6, 37.5, 35.6]

Setting up docking grid...
	- Grid setup successful

Performing blind docking with exhaustiveness=32...
	- Docking time: 25.42 seconds

  Docking completed. Retrieved 8 poses:
	- Pose 1: Affinity = -6.98 kcal/mol, RMSD_LB = 0.00, RMSD_UB = 0.00
	- Pose 2: Affinity = -6.73 kcal/mol, RMSD_LB = 1.62, RMSD_UB = 4.44
	- Pose 3: Affinity = -6.72 kcal/mol, RMSD_LB = 1.74, RMSD_UB = 6.07
	- Pose 4: Affinity = -6.69 kcal/mol, RMSD_LB = 1.75, RMSD_UB = 5.23
	- Pose 5: Affinity = -6.63 kcal/mol, RMSD_LB = 1.52, RMSD_UB = 4.65
	- Pose 6: Affinity = -6.59 kcal/mol, RMSD_LB = 1.36, RMSD_UB = 6.62
	- Pose 7: Affinity = -6.59 kcal/mol, RMSD_LB = 1.51, RMSD_UB = 5.18
	- Pose 8: Affinity = -6.58 kcal/mol, RMSD_LB = 1.98, RMSD_UB = 5.83

  Saving poses: [1, 2, 3, 4, 5, 6, 7, 8]
	- Saved pose 1: output/docking/phb_4_1RG8/phb_4_1RG8_pose_1.pdbqt
	- Saved complex 1: output/docking/phb_4_1RG8/phb_4_1RG8_complex_pose_1.pdbqt
	- Saved pose 2: output/docking/phb_4_1RG8/phb_4_1RG8_pose_2.pdbqt
	- Saved complex 2: output/docking/phb_4_1RG8/phb_4_1RG8_complex_pose_2.pdbqt
	- Saved pose 3: output/docking/phb_4_1RG8/phb_4_1RG8_pose_3.pdbqt
	- Saved complex 3: output/docking/phb_4_1RG8/phb_4_1RG8_complex_pose_3.pdbqt
	- Saved pose 4: output/docking/phb_4_1RG8/phb_4_1RG8_pose_4.pdbqt
	- Saved complex 4: output/docking/phb_4_1RG8/phb_4_1RG8_complex_pose_4.pdbqt
	- Saved pose 5: output/docking/phb_4_1RG8/phb_4_1RG8_pose_5.pdbqt
	- Saved complex 5: output/docking/phb_4_1RG8/phb_4_1RG8_complex_pose_5.pdbqt
	- Saved pose 6: output/docking/phb_4_1RG8/phb_4_1RG8_pose_6.pdbqt
	- Saved complex 6: output/docking/phb_4_1RG8/phb_4_1RG8_complex_pose_6.pdbqt
	- Saved pose 7: output/docking/phb_4_1RG8/phb_4_1RG8_pose_7.pdbqt
	- Saved complex 7: output/docking/phb_4_1RG8/phb_4_1RG8_complex_pose_7.pdbqt
	- Saved pose 8: output/docking/phb_4_1RG8/phb_4_1RG8_pose_8.pdbqt
	- Saved complex 8: output/docking/phb_4_1RG8/phb_4_1RG8_complex_pose_8.pdbqt

  Created zip file: output/docking/phb_4_1RG8/phb_4_1RG8_all_poses.zip
	- Summary table saved: output/docking/phb_4_1RG8/phb_4_1RG8_summary.csv

  Docking results saved
	- Output directory: output/docking/phb_4_1RG8
	- Log file: output/docking/phb_4_1RG8/phb_4_1RG8_docking.log
