
Aligning ligand to receptor center...
  Ligand centered to receptor at [23.58, -33.16, 3.11]
	- Grid box size: [83.5, 55.5, 138.8]

Setting up docking grid...
	- Grid setup successful

Performing blind docking with exhaustiveness=32...
	- Docking time: 1.81 seconds

  Docking completed. Retrieved 8 poses:
	- Pose 1: Affinity = -2.80 kcal/mol, RMSD_LB = 0.00, RMSD_UB = 0.00
	- Pose 2: Affinity = -2.58 kcal/mol, RMSD_LB = 11.07, RMSD_UB = 11.54
	- Pose 3: Affinity = -2.54 kcal/mol, RMSD_LB = 42.49, RMSD_UB = 42.85
	- Pose 4: Affinity = -2.54 kcal/mol, RMSD_LB = 47.68, RMSD_UB = 48.10
	- Pose 5: Affinity = -2.53 kcal/mol, RMSD_LB = 71.83, RMSD_UB = 72.26
	- Pose 6: Affinity = -2.49 kcal/mol, RMSD_LB = 44.11, RMSD_UB = 44.51
	- Pose 7: Affinity = -2.46 kcal/mol, RMSD_LB = 82.72, RMSD_UB = 83.20
	- Pose 8: Affinity = -2.44 kcal/mol, RMSD_LB = 44.05, RMSD_UB = 44.39

  Saving poses: [1, 2, 3, 4, 5, 6, 7, 8]
	- Saved pose 1: output/docking/phb_1_6EC0/phb_1_6EC0_pose_1.pdbqt
	- Saved complex 1: output/docking/phb_1_6EC0/phb_1_6EC0_complex_pose_1.pdbqt
	- Saved pose 2: output/docking/phb_1_6EC0/phb_1_6EC0_pose_2.pdbqt
	- Saved complex 2: output/docking/phb_1_6EC0/phb_1_6EC0_complex_pose_2.pdbqt
	- Saved pose 3: output/docking/phb_1_6EC0/phb_1_6EC0_pose_3.pdbqt
	- Saved complex 3: output/docking/phb_1_6EC0/phb_1_6EC0_complex_pose_3.pdbqt
	- Saved pose 4: output/docking/phb_1_6EC0/phb_1_6EC0_pose_4.pdbqt
	- Saved complex 4: output/docking/phb_1_6EC0/phb_1_6EC0_complex_pose_4.pdbqt
	- Saved pose 5: output/docking/phb_1_6EC0/phb_1_6EC0_pose_5.pdbqt
	- Saved complex 5: output/docking/phb_1_6EC0/phb_1_6EC0_complex_pose_5.pdbqt
	- Saved pose 6: output/docking/phb_1_6EC0/phb_1_6EC0_pose_6.pdbqt
	- Saved complex 6: output/docking/phb_1_6EC0/phb_1_6EC0_complex_pose_6.pdbqt
	- Saved pose 7: output/docking/phb_1_6EC0/phb_1_6EC0_pose_7.pdbqt
	- Saved complex 7: output/docking/phb_1_6EC0/phb_1_6EC0_complex_pose_7.pdbqt
	- Saved pose 8: output/docking/phb_1_6EC0/phb_1_6EC0_pose_8.pdbqt
	- Saved complex 8: output/docking/phb_1_6EC0/phb_1_6EC0_complex_pose_8.pdbqt

  Created zip file: output/docking/phb_1_6EC0/phb_1_6EC0_all_poses.zip
	- Summary table saved: output/docking/phb_1_6EC0/phb_1_6EC0_summary.csv

  Docking results saved
	- Output directory: output/docking/phb_1_6EC0
	- Log file: output/docking/phb_1_6EC0/phb_1_6EC0_docking.log
