
Aligning ligand to receptor center...
  Ligand centered to receptor at [-6.18, -5.49, -16.89]
	- Grid box size: [30.1, 43.5, 53.5]

Setting up docking grid...
	- Grid setup successful

Performing blind docking with exhaustiveness=32...
	- Docking time: 99.75 seconds

  Docking completed. Retrieved 8 poses:
	- Pose 1: Affinity = -4.97 kcal/mol, RMSD_LB = 0.00, RMSD_UB = 0.00
	- Pose 2: Affinity = -4.81 kcal/mol, RMSD_LB = 2.73, RMSD_UB = 11.63
	- Pose 3: Affinity = -4.80 kcal/mol, RMSD_LB = 2.34, RMSD_UB = 10.07
	- Pose 4: Affinity = -4.78 kcal/mol, RMSD_LB = 2.98, RMSD_UB = 11.12
	- Pose 5: Affinity = -4.73 kcal/mol, RMSD_LB = 1.62, RMSD_UB = 3.18
	- Pose 6: Affinity = -4.71 kcal/mol, RMSD_LB = 2.93, RMSD_UB = 4.94
	- Pose 7: Affinity = -4.65 kcal/mol, RMSD_LB = 2.87, RMSD_UB = 5.99
	- Pose 8: Affinity = -4.65 kcal/mol, RMSD_LB = 2.45, RMSD_UB = 11.24

  Saving poses: [1, 2, 3, 4, 5, 6, 7, 8]
	- Saved pose 1: output/docking/pga_9_4BSO/pga_9_4BSO_pose_1.pdbqt
	- Saved complex 1: output/docking/pga_9_4BSO/pga_9_4BSO_complex_pose_1.pdbqt
	- Saved pose 2: output/docking/pga_9_4BSO/pga_9_4BSO_pose_2.pdbqt
	- Saved complex 2: output/docking/pga_9_4BSO/pga_9_4BSO_complex_pose_2.pdbqt
	- Saved pose 3: output/docking/pga_9_4BSO/pga_9_4BSO_pose_3.pdbqt
	- Saved complex 3: output/docking/pga_9_4BSO/pga_9_4BSO_complex_pose_3.pdbqt
	- Saved pose 4: output/docking/pga_9_4BSO/pga_9_4BSO_pose_4.pdbqt
	- Saved complex 4: output/docking/pga_9_4BSO/pga_9_4BSO_complex_pose_4.pdbqt
	- Saved pose 5: output/docking/pga_9_4BSO/pga_9_4BSO_pose_5.pdbqt
	- Saved complex 5: output/docking/pga_9_4BSO/pga_9_4BSO_complex_pose_5.pdbqt
	- Saved pose 6: output/docking/pga_9_4BSO/pga_9_4BSO_pose_6.pdbqt
	- Saved complex 6: output/docking/pga_9_4BSO/pga_9_4BSO_complex_pose_6.pdbqt
	- Saved pose 7: output/docking/pga_9_4BSO/pga_9_4BSO_pose_7.pdbqt
	- Saved complex 7: output/docking/pga_9_4BSO/pga_9_4BSO_complex_pose_7.pdbqt
	- Saved pose 8: output/docking/pga_9_4BSO/pga_9_4BSO_pose_8.pdbqt
	- Saved complex 8: output/docking/pga_9_4BSO/pga_9_4BSO_complex_pose_8.pdbqt

  Created zip file: output/docking/pga_9_4BSO/pga_9_4BSO_all_poses.zip
	- Summary table saved: output/docking/pga_9_4BSO/pga_9_4BSO_summary.csv

  Docking results saved
	- Output directory: output/docking/pga_9_4BSO
	- Log file: output/docking/pga_9_4BSO/pga_9_4BSO_docking.log
